# JRE version: OpenJDK Runtime Environment 18.9 (11.0.15+10) (build 11.0.15+10)
# Java VM: OpenJDK 64-Bit Server VM 18.9 (11.0.15+10, mixed mode, tiered, compressed oops, g1 gc, windows-amd64)
Heap:
 garbage-first heap   total 157696K, used 117760K [0x0000000080000000, 0x0000000100000000)
  region size 1024K, 15 young (15360K), 5 survivors (5120K)
 Metaspace       used 101265K, capacity 104125K, committed 104212K, reserved 618496K
  class space    used 13052K, capacity 14189K, committed 14232K, reserved 516096K
GC Heap History (20 events):
Event: 41.674 GC heap before
{Heap before GC invocations=22 (full 0):
 garbage-first heap   total 157696K, used 122247K [0x0000000080000000, 0x0000000100000000)
  region size 1024K, 60 young (61440K), 8 survivors (8192K)
 Metaspace       used 83237K, capacity 85570K, committed 85780K, reserved 591872K
  class space    used 10716K, capacity 11646K, committed 11672K, reserved 516096K
}
Event: 41.692 GC heap after
{Heap after GC invocations=23 (full 0):
 garbage-first heap   total 157696K, used 73636K [0x0000000080000000, 0x0000000100000000)
  region size 1024K, 8 young (8192K), 8 survivors (8192K)
 Metaspace       used 83237K, capacity 85570K, committed 85780K, reserved 591872K
  class space    used 10716K, capacity 11646K, committed 11672K, reserved 516096K
}
Event: 43.709 GC heap before
{Heap before GC invocations=23 (full 0):
 garbage-first heap   total 157696K, used 124836K [0x0000000080000000, 0x0000000100000000)
  region size 1024K, 58 young (59392K), 8 survivors (8192K)
 Metaspace       used 86771K, capacity 89273K, committed 89620K, reserved 593920K
  class space    used 11292K, capacity 12315K, committed 12440K, reserved 516096K
}
Event: 43.728 GC heap after
{Heap after GC invocations=24 (full 0):
 garbage-first heap   total 157696K, used 78213K [0x0000000080000000, 0x0000000100000000)
  region size 1024K, 5 young (5120K), 5 survivors (5120K)
 Metaspace       used 86771K, capacity 89273K, committed 89620K, reserved 593920K
  class space    used 11292K, capacity 12315K, committed 12440K, reserved 516096K
}
Event: 45.690 GC heap before
{Heap before GC invocations=24 (full 0):
 garbage-first heap   total 157696K, used 126341K [0x0000000080000000, 0x0000000100000000)
  region size 1024K, 52 young (53248K), 5 survivors (5120K)
 Metaspace       used 90645K, capacity 93225K, committed 93460K, reserved 598016K
  class space    used 11876K, capacity 12911K, committed 12952K, reserved 516096K
}
Event: 45.714 GC heap after
{Heap after GC invocations=25 (full 0):
 garbage-first heap   total 157696K, used 81976K [0x0000000080000000, 0x0000000100000000)
  region size 1024K, 4 young (4096K), 4 survivors (4096K)
 Metaspace       used 90645K, capacity 93225K, committed 93460K, reserved 598016K
  class space    used 11876K, capacity 12911K, committed 12952K, reserved 516096K
}
Event: 47.804 GC heap before
{Heap before GC invocations=26 (full 0):
 garbage-first heap   total 157696K, used 128056K [0x0000000080000000, 0x0000000100000000)
  region size 1024K, 49 young (50176K), 4 survivors (4096K)
 Metaspace       used 94806K, capacity 97545K, committed 97812K, reserved 602112K
  class space    used 12310K, capacity 13353K, committed 13464K, reserved 516096K
}
Event: 47.819 GC heap after
{Heap after GC invocations=27 (full 0):
 garbage-first heap   total 157696K, used 85228K [0x0000000080000000, 0x0000000100000000)
  region size 1024K, 7 young (7168K), 7 survivors (7168K)
 Metaspace       used 94806K, capacity 97545K, committed 97812K, reserved 602112K
  class space    used 12310K, capacity 13353K, committed 13464K, reserved 516096K
}
Event: 49.075 GC heap before
{Heap before GC invocations=27 (full 0):
 garbage-first heap   total 157696K, used 128236K [0x0000000080000000, 0x0000000100000000)
  region size 1024K, 50 young (51200K), 7 survivors (7168K)
 Metaspace       used 95606K, capacity 98366K, committed 98708K, reserved 602112K
  class space    used 12420K, capacity 13496K, committed 13592K, reserved 516096K
}
Event: 49.101 GC heap after
{Heap after GC invocations=28 (full 0):
 garbage-first heap   total 157696K, used 88645K [0x0000000080000000, 0x0000000100000000)
  region size 1024K, 7 young (7168K), 7 survivors (7168K)
 Metaspace       used 95606K, capacity 98366K, committed 98708K, reserved 602112K
  class space    used 12420K, capacity 13496K, committed 13592K, reserved 516096K
}
Event: 50.333 GC heap before
{Heap before GC invocations=29 (full 0):
 garbage-first heap   total 157696K, used 129605K [0x0000000080000000, 0x0000000100000000)
  region size 1024K, 48 young (49152K), 7 survivors (7168K)
 Metaspace       used 96049K, capacity 98923K, committed 99220K, reserved 602112K
  class space    used 12447K, capacity 13548K, committed 13592K, reserved 516096K
}
Event: 50.352 GC heap after
{Heap after GC invocations=30 (full 0):
 garbage-first heap   total 157696K, used 91407K [0x0000000080000000, 0x0000000100000000)
  region size 1024K, 6 young (6144K), 6 survivors (6144K)
 Metaspace       used 96049K, capacity 98923K, committed 99220K, reserved 602112K
  class space    used 12447K, capacity 13548K, committed 13592K, reserved 516096K
}
Event: 51.127 GC heap before
{Heap before GC invocations=30 (full 0):
 garbage-first heap   total 157696K, used 130319K [0x0000000080000000, 0x0000000100000000)
  region size 1024K, 45 young (46080K), 6 survivors (6144K)
 Metaspace       used 97320K, capacity 100067K, committed 100372K, reserved 604160K
  class space    used 12527K, capacity 13605K, committed 13720K, reserved 516096K
}
Event: 51.147 GC heap after
{Heap after GC invocations=31 (full 0):
 garbage-first heap   total 157696K, used 94373K [0x0000000080000000, 0x0000000100000000)
  region size 1024K, 6 young (6144K), 6 survivors (6144K)
 Metaspace       used 97320K, capacity 100067K, committed 100372K, reserved 604160K
  class space    used 12527K, capacity 13605K, committed 13720K, reserved 516096K
}
Event: 52.167 GC heap before
{Heap before GC invocations=32 (full 0):
 garbage-first heap   total 157696K, used 129189K [0x0000000080000000, 0x0000000100000000)
  region size 1024K, 42 young (43008K), 6 survivors (6144K)
 Metaspace       used 98039K, capacity 100893K, committed 101140K, reserved 604160K
  class space    used 12604K, capacity 13683K, committed 13720K, reserved 516096K
}
Event: 52.192 GC heap after
{Heap after GC invocations=33 (full 0):
 garbage-first heap   total 157696K, used 97263K [0x0000000080000000, 0x0000000100000000)
  region size 1024K, 6 young (6144K), 6 survivors (6144K)
 Metaspace       used 98039K, capacity 100893K, committed 101140K, reserved 604160K
  class space    used 12604K, capacity 13683K, committed 13720K, reserved 516096K
}
Event: 52.866 GC heap before
{Heap before GC invocations=34 (full 0):
 garbage-first heap   total 157696K, used 135151K [0x0000000080000000, 0x0000000100000000)
  region size 1024K, 40 young (40960K), 6 survivors (6144K)
 Metaspace       used 99730K, capacity 102580K, committed 102676K, reserved 606208K
  class space    used 12833K, capacity 13947K, committed 13976K, reserved 516096K
}
Event: 52.885 GC heap after
{Heap after GC invocations=35 (full 0):
 garbage-first heap   total 157696K, used 103835K [0x0000000080000000, 0x0000000100000000)
  region size 1024K, 5 young (5120K), 5 survivors (5120K)
 Metaspace       used 99730K, capacity 102580K, committed 102676K, reserved 606208K
  class space    used 12833K, capacity 13947K, committed 13976K, reserved 516096K
}
Event: 53.143 GC heap before
{Heap before GC invocations=35 (full 0):
 garbage-first heap   total 157696K, used 131483K [0x0000000080000000, 0x0000000100000000)
  region size 1024K, 33 young (33792K), 5 survivors (5120K)
 Metaspace       used 100635K, capacity 103490K, committed 103572K, reserved 606208K
  class space    used 12967K, capacity 14084K, committed 14104K, reserved 516096K
}
Event: 53.155 GC heap after
{Heap after GC invocations=36 (full 0):
 garbage-first heap   total 157696K, used 109568K [0x0000000080000000, 0x0000000100000000)
  region size 1024K, 5 young (5120K), 5 survivors (5120K)
 Metaspace       used 100635K, capacity 103490K, committed 103572K, reserved 606208K
  class space    used 12967K, capacity 14084K, committed 14104K, reserved 516096K
}

