# JRE version: OpenJDK Runtime Environment 18.9 (11.0.15+10) (build 11.0.15+10)
# Java VM: OpenJDK 64-Bit Server VM 18.9 (11.0.15+10, mixed mode, tiered, compressed oops, g1 gc, windows-amd64)
Heap:
 garbage-first heap   total 220160K, used 141606K [0x0000000080000000, 0x0000000100000000)
  region size 1024K, 11 young (11264K), 5 survivors (5120K)
 Metaspace       used 104750K, capacity 107787K, committed 107856K, reserved 626688K
  class space    used 13584K, capacity 14835K, committed 14848K, reserved 516096K
GC Heap History (20 events):
Event: 155.875 GC heap before
{Heap before GC invocations=60 (full 0):
 garbage-first heap   total 131072K, used 114426K [0x0000000080000000, 0x0000000100000000)
  region size 1024K, 6 young (6144K), 1 survivors (1024K)
 Metaspace       used 100890K, capacity 103632K, committed 103888K, reserved 606208K
  class space    used 12989K, capacity 14107K, committed 14208K, reserved 516096K
}
Event: 155.880 GC heap after
{Heap after GC invocations=61 (full 0):
 garbage-first heap   total 131072K, used 110191K [0x0000000080000000, 0x0000000100000000)
  region size 1024K, 1 young (1024K), 1 survivors (1024K)
 Metaspace       used 100890K, capacity 103632K, committed 103888K, reserved 606208K
  class space    used 12989K, capacity 14107K, committed 14208K, reserved 516096K
}
Event: 156.191 GC heap before
{Heap before GC invocations=61 (full 0):
 garbage-first heap   total 131072K, used 115311K [0x0000000080000000, 0x0000000100000000)
  region size 1024K, 6 young (6144K), 1 survivors (1024K)
 Metaspace       used 101197K, capacity 103947K, committed 104144K, reserved 606208K
  class space    used 13025K, capacity 14147K, committed 14208K, reserved 516096K
}
Event: 156.198 GC heap after
{Heap after GC invocations=62 (full 0):
 garbage-first heap   total 131072K, used 111096K [0x0000000080000000, 0x0000000100000000)
  region size 1024K, 1 young (1024K), 1 survivors (1024K)
 Metaspace       used 101197K, capacity 103947K, committed 104144K, reserved 606208K
  class space    used 13025K, capacity 14147K, committed 14208K, reserved 516096K
}
Event: 156.400 GC heap before
{Heap before GC invocations=62 (full 0):
 garbage-first heap   total 131072K, used 116216K [0x0000000080000000, 0x0000000100000000)
  region size 1024K, 6 young (6144K), 1 survivors (1024K)
 Metaspace       used 101329K, capacity 104058K, committed 104144K, reserved 606208K
  class space    used 13034K, capacity 14138K, committed 14208K, reserved 516096K
}
Event: 156.405 GC heap after
{Heap after GC invocations=63 (full 0):
 garbage-first heap   total 131072K, used 112085K [0x0000000080000000, 0x0000000100000000)
  region size 1024K, 1 young (1024K), 1 survivors (1024K)
 Metaspace       used 101329K, capacity 104058K, committed 104144K, reserved 606208K
  class space    used 13034K, capacity 14138K, committed 14208K, reserved 516096K
}
Event: 156.462 GC heap before
{Heap before GC invocations=63 (full 0):
 garbage-first heap   total 131072K, used 117205K [0x0000000080000000, 0x0000000100000000)
  region size 1024K, 6 young (6144K), 1 survivors (1024K)
 Metaspace       used 101512K, capacity 104272K, committed 104400K, reserved 608256K
  class space    used 13068K, capacity 14189K, committed 14208K, reserved 516096K
}
Event: 156.469 GC heap after
{Heap after GC invocations=64 (full 0):
 garbage-first heap   total 157696K, used 113119K [0x0000000080000000, 0x0000000100000000)
  region size 1024K, 1 young (1024K), 1 survivors (1024K)
 Metaspace       used 101512K, capacity 104272K, committed 104400K, reserved 608256K
  class space    used 13068K, capacity 14189K, committed 14208K, reserved 516096K
}
Event: 156.678 GC heap before
{Heap before GC invocations=65 (full 0):
 garbage-first heap   total 157696K, used 127455K [0x0000000080000000, 0x0000000100000000)
  region size 1024K, 16 young (16384K), 1 survivors (1024K)
 Metaspace       used 101656K, capacity 104444K, committed 104656K, reserved 608256K
  class space    used 13093K, capacity 14204K, committed 14208K, reserved 516096K
}
Event: 156.690 GC heap after
{Heap after GC invocations=66 (full 0):
 garbage-first heap   total 157696K, used 117057K [0x0000000080000000, 0x0000000100000000)
  region size 1024K, 2 young (2048K), 2 survivors (2048K)
 Metaspace       used 101656K, capacity 104444K, committed 104656K, reserved 608256K
  class space    used 13093K, capacity 14204K, committed 14208K, reserved 516096K
}
Event: 156.881 GC heap before
{Heap before GC invocations=66 (full 0):
 garbage-first heap   total 157696K, used 130369K [0x0000000080000000, 0x0000000100000000)
  region size 1024K, 15 young (15360K), 2 survivors (2048K)
 Metaspace       used 101698K, capacity 104514K, committed 104656K, reserved 608256K
  class space    used 13097K, capacity 14205K, committed 14208K, reserved 516096K
}
Event: 156.894 GC heap after
{Heap after GC invocations=67 (full 0):
 garbage-first heap   total 157696K, used 121180K [0x0000000080000000, 0x0000000100000000)
  region size 1024K, 2 young (2048K), 2 survivors (2048K)
 Metaspace       used 101698K, capacity 104514K, committed 104656K, reserved 608256K
  class space    used 13097K, capacity 14205K, committed 14208K, reserved 516096K
}
Event: 156.989 GC heap before
{Heap before GC invocations=67 (full 0):
 garbage-first heap   total 157696K, used 132444K [0x0000000080000000, 0x0000000100000000)
  region size 1024K, 14 young (14336K), 2 survivors (2048K)
 Metaspace       used 101908K, capacity 104767K, committed 105040K, reserved 608256K
  class space    used 13136K, capacity 14272K, committed 14336K, reserved 516096K
}
Event: 157.000 GC heap after
{Heap after GC invocations=68 (full 0):
 garbage-first heap   total 157696K, used 124583K [0x0000000080000000, 0x0000000100000000)
  region size 1024K, 2 young (2048K), 2 survivors (2048K)
 Metaspace       used 101908K, capacity 104767K, committed 105040K, reserved 608256K
  class space    used 13136K, capacity 14272K, committed 14336K, reserved 516096K
}
Event: 157.241 GC heap before
{Heap before GC invocations=68 (full 0):
 garbage-first heap   total 157696K, used 133799K [0x0000000080000000, 0x0000000100000000)
  region size 1024K, 11 young (11264K), 2 survivors (2048K)
 Metaspace       used 102990K, capacity 105881K, committed 105936K, reserved 608256K
  class space    used 13280K, capacity 14429K, committed 14464K, reserved 516096K
}
Event: 157.256 GC heap after
{Heap after GC invocations=69 (full 0):
 garbage-first heap   total 220160K, used 126079K [0x0000000080000000, 0x0000000100000000)
  region size 1024K, 2 young (2048K), 2 survivors (2048K)
 Metaspace       used 102990K, capacity 105881K, committed 105936K, reserved 608256K
  class space    used 13280K, capacity 14429K, committed 14464K, reserved 516096K
}
Event: 157.782 GC heap before
{Heap before GC invocations=70 (full 0):
 garbage-first heap   total 220160K, used 155775K [0x0000000080000000, 0x0000000100000000)
  region size 1024K, 32 young (32768K), 2 survivors (2048K)
 Metaspace       used 103969K, capacity 106991K, committed 107216K, reserved 612352K
  class space    used 13448K, capacity 14680K, committed 14720K, reserved 516096K
}
Event: 157.800 GC heap after
{Heap after GC invocations=71 (full 0):
 garbage-first heap   total 220160K, used 131291K [0x0000000080000000, 0x0000000100000000)
  region size 1024K, 4 young (4096K), 4 survivors (4096K)
 Metaspace       used 103969K, capacity 106991K, committed 107216K, reserved 612352K
  class space    used 13448K, capacity 14680K, committed 14720K, reserved 516096K
}
Event: 157.991 GC heap before
{Heap before GC invocations=71 (full 0):
 garbage-first heap   total 220160K, used 162011K [0x0000000080000000, 0x0000000100000000)
  region size 1024K, 34 young (34816K), 4 survivors (4096K)
 Metaspace       used 104727K, capacity 107787K, committed 107856K, reserved 618496K
  class space    used 13577K, capacity 14835K, committed 14848K, reserved 516096K
}
Event: 158.023 GC heap after
{Heap after GC invocations=72 (full 0):
 garbage-first heap   total 220160K, used 136486K [0x0000000080000000, 0x0000000100000000)
  region size 1024K, 5 young (5120K), 5 survivors (5120K)
 Metaspace       used 104727K, capacity 107787K, committed 107856K, reserved 618496K
  class space    used 13577K, capacity 14835K, committed 14848K, reserved 516096K
}

