# JRE version: OpenJDK Runtime Environment 18.9 (11.0.15+10) (build 11.0.15+10)
# Java VM: OpenJDK 64-Bit Server VM 18.9 (11.0.15+10, mixed mode, tiered, compressed oops, g1 gc, windows-amd64)
Heap:
 garbage-first heap   total 65536K, used 15858K [0x00000000fc000000, 0x0000000100000000)
  region size 1024K, 10 young (10240K), 4 survivors (4096K)
 Metaspace       used 17675K, capacity 17977K, committed 18304K, reserved 1064960K
  class space    used 1959K, capacity 2104K, committed 2176K, reserved 1048576K
GC Heap History (6 events):
Event: 0.704 GC heap before
{Heap before GC invocations=0 (full 0):
 garbage-first heap   total 65536K, used 16384K [0x00000000fc000000, 0x0000000100000000)
  region size 1024K, 14 young (14336K), 0 survivors (0K)
 Metaspace       used 7862K, capacity 8017K, committed 8192K, reserved 1056768K
  class space    used 693K, capacity 754K, committed 768K, reserved 1048576K
}
Event: 0.708 GC heap after
{Heap after GC invocations=1 (full 0):
 garbage-first heap   total 65536K, used 3646K [0x00000000fc000000, 0x0000000100000000)
  region size 1024K, 2 young (2048K), 2 survivors (2048K)
 Metaspace       used 7862K, capacity 8017K, committed 8192K, reserved 1056768K
  class space    used 693K, capacity 754K, committed 768K, reserved 1048576K
}
Event: 1.101 GC heap before
{Heap before GC invocations=1 (full 0):
 garbage-first heap   total 65536K, used 17982K [0x00000000fc000000, 0x0000000100000000)
  region size 1024K, 13 young (13312K), 2 survivors (2048K)
 Metaspace       used 10906K, capacity 11096K, committed 11264K, reserved 1058816K
  class space    used 1136K, capacity 1210K, committed 1280K, reserved 1048576K
}
Event: 1.107 GC heap after
{Heap after GC invocations=2 (full 0):
 garbage-first heap   total 65536K, used 9209K [0x00000000fc000000, 0x0000000100000000)
  region size 1024K, 2 young (2048K), 2 survivors (2048K)
 Metaspace       used 10906K, capacity 11096K, committed 11264K, reserved 1058816K
  class space    used 1136K, capacity 1210K, committed 1280K, reserved 1048576K
}
Event: 5.735 GC heap before
{Heap before GC invocations=2 (full 0):
 garbage-first heap   total 65536K, used 32761K [0x00000000fc000000, 0x0000000100000000)
  region size 1024K, 25 young (25600K), 2 survivors (2048K)
 Metaspace       used 16080K, capacity 16318K, committed 16512K, reserved 1064960K
  class space    used 1809K, capacity 1909K, committed 1920K, reserved 1048576K
}
Event: 5.779 GC heap after
{Heap after GC invocations=3 (full 0):
 garbage-first heap   total 65536K, used 10738K [0x00000000fc000000, 0x0000000100000000)
  region size 1024K, 4 young (4096K), 4 survivors (4096K)
 Metaspace       used 16080K, capacity 16318K, committed 16512K, reserved 1064960K
  class space    used 1809K, capacity 1909K, committed 1920K, reserved 1048576K
}

