# JRE version: OpenJDK Runtime Environment 18.9 (11.0.15+10) (build 11.0.15+10)
# Java VM: OpenJDK 64-Bit Server VM 18.9 (11.0.15+10, mixed mode, tiered, compressed oops, g1 gc, windows-amd64)
Heap:
 garbage-first heap   total 275456K, used 169120K [0x0000000080000000, 0x0000000100000000)
  region size 1024K, 66 young (67584K), 2 survivors (2048K)
 Metaspace       used 112115K, capacity 115037K, committed 115208K, reserved 616448K
  class space    used 13949K, capacity 15088K, committed 15104K, reserved 516096K
GC Heap History (20 events):
Event: 75.866 GC heap before
{Heap before GC invocations=66 (full 0):
 garbage-first heap   total 275456K, used 224293K [0x0000000080000000, 0x0000000100000000)
  region size 1024K, 37 young (37888K), 1 survivors (1024K)
 Metaspace       used 101854K, capacity 104712K, committed 104968K, reserved 608256K
  class space    used 13174K, capacity 14276K, committed 14336K, reserved 516096K
}
Event: 75.871 GC heap after
{Heap after GC invocations=67 (full 0):
 garbage-first heap   total 275456K, used 189096K [0x0000000080000000, 0x0000000100000000)
  region size 1024K, 1 young (1024K), 1 survivors (1024K)
 Metaspace       used 101854K, capacity 104712K, committed 104968K, reserved 608256K
  class space    used 13174K, capacity 14276K, committed 14336K, reserved 516096K
}
Event: 79.224 GC heap before
{Heap before GC invocations=68 (full 0):
 garbage-first heap   total 275456K, used 180086K [0x0000000080000000, 0x0000000100000000)
  region size 1024K, 39 young (39936K), 1 survivors (1024K)
 Metaspace       used 102123K, capacity 104858K, committed 104968K, reserved 608256K
  class space    used 13182K, capacity 14281K, committed 14336K, reserved 516096K
}
Event: 79.228 GC heap after
{Heap after GC invocations=69 (full 0):
 garbage-first heap   total 275456K, used 131856K [0x0000000080000000, 0x0000000100000000)
  region size 1024K, 1 young (1024K), 1 survivors (1024K)
 Metaspace       used 102123K, capacity 104858K, committed 104968K, reserved 608256K
  class space    used 13182K, capacity 14281K, committed 14336K, reserved 516096K
}
Event: 84.005 GC heap before
{Heap before GC invocations=69 (full 0):
 garbage-first heap   total 275456K, used 143120K [0x0000000080000000, 0x0000000100000000)
  region size 1024K, 13 young (13312K), 1 survivors (1024K)
 Metaspace       used 102161K, capacity 104922K, committed 105224K, reserved 608256K
  class space    used 13182K, capacity 14281K, committed 14336K, reserved 516096K
}
Event: 84.010 GC heap after
{Heap after GC invocations=70 (full 0):
 garbage-first heap   total 275456K, used 124981K [0x0000000080000000, 0x0000000100000000)
  region size 1024K, 1 young (1024K), 1 survivors (1024K)
 Metaspace       used 102161K, capacity 104922K, committed 105224K, reserved 608256K
  class space    used 13182K, capacity 14281K, committed 14336K, reserved 516096K
}
Event: 89.274 GC heap before
{Heap before GC invocations=70 (full 0):
 garbage-first heap   total 275456K, used 143413K [0x0000000080000000, 0x0000000100000000)
  region size 1024K, 21 young (21504K), 1 survivors (1024K)
 Metaspace       used 102213K, capacity 105016K, committed 105224K, reserved 608256K
  class space    used 13184K, capacity 14286K, committed 14336K, reserved 516096K
}
Event: 89.278 GC heap after
{Heap after GC invocations=71 (full 0):
 garbage-first heap   total 275456K, used 125025K [0x0000000080000000, 0x0000000100000000)
  region size 1024K, 1 young (1024K), 1 survivors (1024K)
 Metaspace       used 102213K, capacity 105016K, committed 105224K, reserved 608256K
  class space    used 13184K, capacity 14286K, committed 14336K, reserved 516096K
}
Event: 89.840 GC heap before
{Heap before GC invocations=72 (full 0):
 garbage-first heap   total 275456K, used 188513K [0x0000000080000000, 0x0000000100000000)
  region size 1024K, 14 young (14336K), 1 survivors (1024K)
 Metaspace       used 102218K, capacity 105016K, committed 105224K, reserved 608256K
  class space    used 13184K, capacity 14286K, committed 14336K, reserved 516096K
}
Event: 89.845 GC heap after
{Heap after GC invocations=73 (full 0):
 garbage-first heap   total 275456K, used 120423K [0x0000000080000000, 0x0000000100000000)
  region size 1024K, 4 young (4096K), 4 survivors (4096K)
 Metaspace       used 102218K, capacity 105016K, committed 105224K, reserved 608256K
  class space    used 13184K, capacity 14286K, committed 14336K, reserved 516096K
}
Event: 94.757 GC heap before
{Heap before GC invocations=74 (full 0):
 garbage-first heap   total 275456K, used 222823K [0x0000000080000000, 0x0000000100000000)
  region size 1024K, 62 young (63488K), 4 survivors (4096K)
 Metaspace       used 102263K, capacity 105027K, committed 105224K, reserved 608256K
  class space    used 13185K, capacity 14287K, committed 14336K, reserved 516096K
}
Event: 94.762 GC heap after
{Heap after GC invocations=75 (full 0):
 garbage-first heap   total 275456K, used 102278K [0x0000000080000000, 0x0000000100000000)
  region size 1024K, 2 young (2048K), 2 survivors (2048K)
 Metaspace       used 102263K, capacity 105027K, committed 105224K, reserved 608256K
  class space    used 13185K, capacity 14287K, committed 14336K, reserved 516096K
}
Event: 101.424 GC heap before
{Heap before GC invocations=75 (full 0):
 garbage-first heap   total 275456K, used 174982K [0x0000000080000000, 0x0000000100000000)
  region size 1024K, 74 young (75776K), 2 survivors (2048K)
 Metaspace       used 102313K, capacity 105103K, committed 105224K, reserved 608256K
  class space    used 13186K, capacity 14289K, committed 14336K, reserved 516096K
}
Event: 101.430 GC heap after
{Heap after GC invocations=76 (full 0):
 garbage-first heap   total 275456K, used 103697K [0x0000000080000000, 0x0000000100000000)
  region size 1024K, 4 young (4096K), 4 survivors (4096K)
 Metaspace       used 102313K, capacity 105103K, committed 105224K, reserved 608256K
  class space    used 13186K, capacity 14289K, committed 14336K, reserved 516096K
}
Event: 106.579 GC heap before
{Heap before GC invocations=76 (full 0):
 garbage-first heap   total 275456K, used 191761K [0x0000000080000000, 0x0000000100000000)
  region size 1024K, 81 young (82944K), 4 survivors (4096K)
 Metaspace       used 102415K, capacity 105235K, committed 105480K, reserved 608256K
  class space    used 13186K, capacity 14289K, committed 14336K, reserved 516096K
}
Event: 106.583 GC heap after
{Heap after GC invocations=77 (full 0):
 garbage-first heap   total 275456K, used 102604K [0x0000000080000000, 0x0000000100000000)
  region size 1024K, 2 young (2048K), 2 survivors (2048K)
 Metaspace       used 102415K, capacity 105235K, committed 105480K, reserved 608256K
  class space    used 13186K, capacity 14289K, committed 14336K, reserved 516096K
}
Event: 115.049 GC heap before
{Heap before GC invocations=77 (full 0):
 garbage-first heap   total 275456K, used 203980K [0x0000000080000000, 0x0000000100000000)
  region size 1024K, 102 young (104448K), 2 survivors (2048K)
 Metaspace       used 105243K, capacity 108140K, committed 108296K, reserved 610304K
  class space    used 13408K, capacity 14552K, committed 14592K, reserved 516096K
}
Event: 115.068 GC heap after
{Heap after GC invocations=78 (full 0):
 garbage-first heap   total 275456K, used 112127K [0x0000000080000000, 0x0000000100000000)
  region size 1024K, 12 young (12288K), 12 survivors (12288K)
 Metaspace       used 105243K, capacity 108140K, committed 108296K, reserved 610304K
  class space    used 13408K, capacity 14552K, committed 14592K, reserved 516096K
}
Event: 120.054 GC heap before
{Heap before GC invocations=78 (full 0):
 garbage-first heap   total 275456K, used 213503K [0x0000000080000000, 0x0000000100000000)
  region size 1024K, 104 young (106496K), 12 survivors (12288K)
 Metaspace       used 110511K, capacity 113333K, committed 113544K, reserved 616448K
  class space    used 13814K, capacity 14929K, committed 14976K, reserved 516096K
}
Event: 120.065 GC heap after
{Heap after GC invocations=79 (full 0):
 garbage-first heap   total 275456K, used 105632K [0x0000000080000000, 0x0000000100000000)
  region size 1024K, 2 young (2048K), 2 survivors (2048K)
 Metaspace       used 110511K, capacity 113333K, committed 113544K, reserved 616448K
  class space    used 13814K, capacity 14929K, committed 14976K, reserved 516096K
}

