# JRE version: OpenJDK Runtime Environment 18.9 (11.0.15+10) (build 11.0.15+10)
# Java VM: OpenJDK 64-Bit Server VM 18.9 (11.0.15+10, mixed mode, tiered, compressed oops, g1 gc, windows-amd64)
Heap:
 garbage-first heap   total 328704K, used 183939K [0x0000000080000000, 0x0000000100000000)
  region size 1024K, 8 young (8192K), 8 survivors (8192K)
 Metaspace       used 121661K, capacity 125617K, committed 125776K, reserved 624640K
  class space    used 15674K, capacity 17289K, committed 17408K, reserved 516096K
GC Heap History (20 events):
Event: 93.511 GC heap after
{Heap after GC invocations=86 (full 0):
 garbage-first heap   total 227328K, used 150528K [0x0000000080000000, 0x0000000100000000)
  region size 1024K, 7 young (7168K), 7 survivors (7168K)
 Metaspace       used 112807K, capacity 116022K, committed 116176K, reserved 618496K
  class space    used 14392K, capacity 15639K, committed 15744K, reserved 516096K
}
Event: 94.030 GC heap before
{Heap before GC invocations=86 (full 0):
 garbage-first heap   total 227328K, used 185344K [0x0000000080000000, 0x0000000100000000)
  region size 1024K, 41 young (41984K), 7 survivors (7168K)
 Metaspace       used 114379K, capacity 117784K, committed 118096K, reserved 618496K
  class space    used 14672K, capacity 16071K, committed 16128K, reserved 516096K
}
Event: 94.058 GC heap after
{Heap after GC invocations=87 (full 0):
 garbage-first heap   total 227328K, used 156813K [0x0000000080000000, 0x0000000100000000)
  region size 1024K, 6 young (6144K), 6 survivors (6144K)
 Metaspace       used 114379K, capacity 117784K, committed 118096K, reserved 618496K
  class space    used 14672K, capacity 16071K, committed 16128K, reserved 516096K
}
Event: 94.309 GC heap before
{Heap before GC invocations=87 (full 0):
 garbage-first heap   total 227328K, used 187533K [0x0000000080000000, 0x0000000100000000)
  region size 1024K, 36 young (36864K), 6 survivors (6144K)
 Metaspace       used 114839K, capacity 118277K, committed 118352K, reserved 618496K
  class space    used 14742K, capacity 16125K, committed 16128K, reserved 516096K
}
Event: 94.330 GC heap after
{Heap after GC invocations=88 (full 0):
 garbage-first heap   total 273408K, used 161792K [0x0000000080000000, 0x0000000100000000)
  region size 1024K, 5 young (5120K), 5 survivors (5120K)
 Metaspace       used 114839K, capacity 118277K, committed 118352K, reserved 618496K
  class space    used 14742K, capacity 16125K, committed 16128K, reserved 516096K
}
Event: 95.476 GC heap before
{Heap before GC invocations=88 (full 0):
 garbage-first heap   total 273408K, used 209920K [0x0000000080000000, 0x0000000100000000)
  region size 1024K, 53 young (54272K), 5 survivors (5120K)
 Metaspace       used 118274K, capacity 121915K, committed 122192K, reserved 622592K
  class space    used 15368K, capacity 16849K, committed 16896K, reserved 516096K
}
Event: 95.496 GC heap after
{Heap after GC invocations=89 (full 0):
 garbage-first heap   total 273408K, used 167458K [0x0000000080000000, 0x0000000100000000)
  region size 1024K, 6 young (6144K), 6 survivors (6144K)
 Metaspace       used 118274K, capacity 121915K, committed 122192K, reserved 622592K
  class space    used 15368K, capacity 16849K, committed 16896K, reserved 516096K
}
Event: 96.400 GC heap before
{Heap before GC invocations=89 (full 0):
 garbage-first heap   total 273408K, used 214562K [0x0000000080000000, 0x0000000100000000)
  region size 1024K, 53 young (54272K), 6 survivors (6144K)
 Metaspace       used 119097K, capacity 122695K, committed 122960K, reserved 622592K
  class space    used 15399K, capacity 16867K, committed 16896K, reserved 516096K
}
Event: 96.417 GC heap after
{Heap after GC invocations=90 (full 0):
 garbage-first heap   total 273408K, used 169981K [0x0000000080000000, 0x0000000100000000)
  region size 1024K, 3 young (3072K), 3 survivors (3072K)
 Metaspace       used 119097K, capacity 122695K, committed 122960K, reserved 622592K
  class space    used 15399K, capacity 16867K, committed 16896K, reserved 516096K
}
Event: 96.994 GC heap before
{Heap before GC invocations=90 (full 0):
 garbage-first heap   total 273408K, used 219133K [0x0000000080000000, 0x0000000100000000)
  region size 1024K, 51 young (52224K), 3 survivors (3072K)
 Metaspace       used 119259K, capacity 122953K, committed 123088K, reserved 622592K
  class space    used 15416K, capacity 16911K, committed 17024K, reserved 516096K
}
Event: 97.004 GC heap after
{Heap after GC invocations=91 (full 0):
 garbage-first heap   total 273408K, used 171005K [0x0000000080000000, 0x0000000100000000)
  region size 1024K, 4 young (4096K), 4 survivors (4096K)
 Metaspace       used 119259K, capacity 122953K, committed 123088K, reserved 622592K
  class space    used 15416K, capacity 16911K, committed 17024K, reserved 516096K
}
Event: 97.631 GC heap before
{Heap before GC invocations=91 (full 0):
 garbage-first heap   total 273408K, used 222205K [0x0000000080000000, 0x0000000100000000)
  region size 1024K, 54 young (55296K), 4 survivors (4096K)
 Metaspace       used 119525K, capacity 123224K, committed 123344K, reserved 622592K
  class space    used 15425K, capacity 16914K, committed 17024K, reserved 516096K
}
Event: 97.642 GC heap after
{Heap after GC invocations=92 (full 0):
 garbage-first heap   total 273408K, used 172491K [0x0000000080000000, 0x0000000100000000)
  region size 1024K, 4 young (4096K), 4 survivors (4096K)
 Metaspace       used 119525K, capacity 123224K, committed 123344K, reserved 622592K
  class space    used 15425K, capacity 16914K, committed 17024K, reserved 516096K
}
Event: 98.352 GC heap before
{Heap before GC invocations=92 (full 0):
 garbage-first heap   total 273408K, used 223691K [0x0000000080000000, 0x0000000100000000)
  region size 1024K, 54 young (55296K), 4 survivors (4096K)
 Metaspace       used 120452K, capacity 124209K, committed 124496K, reserved 624640K
  class space    used 15539K, capacity 17089K, committed 17152K, reserved 516096K
}
Event: 98.369 GC heap after
{Heap after GC invocations=93 (full 0):
 garbage-first heap   total 273408K, used 174178K [0x0000000080000000, 0x0000000100000000)
  region size 1024K, 5 young (5120K), 5 survivors (5120K)
 Metaspace       used 120452K, capacity 124209K, committed 124496K, reserved 624640K
  class space    used 15539K, capacity 17089K, committed 17152K, reserved 516096K
}
Event: 99.085 GC heap before
{Heap before GC invocations=93 (full 0):
 garbage-first heap   total 273408K, used 225378K [0x0000000080000000, 0x0000000100000000)
  region size 1024K, 56 young (57344K), 5 survivors (5120K)
 Metaspace       used 121491K, capacity 125298K, committed 125392K, reserved 624640K
  class space    used 15655K, capacity 17230K, committed 17280K, reserved 516096K
}
Event: 99.100 GC heap after
{Heap after GC invocations=94 (full 0):
 garbage-first heap   total 273408K, used 176082K [0x0000000080000000, 0x0000000100000000)
  region size 1024K, 6 young (6144K), 6 survivors (6144K)
 Metaspace       used 121491K, capacity 125298K, committed 125392K, reserved 624640K
  class space    used 15655K, capacity 17230K, committed 17280K, reserved 516096K
}
Event: 99.542 GC heap before
{Heap before GC invocations=94 (full 0):
 garbage-first heap   total 273408K, used 228306K [0x0000000080000000, 0x0000000100000000)
  region size 1024K, 57 young (58368K), 6 survivors (6144K)
 Metaspace       used 121626K, capacity 125537K, committed 125776K, reserved 624640K
  class space    used 15671K, capacity 17285K, committed 17408K, reserved 516096K
}
Event: 99.557 GC heap after
{Heap after GC invocations=95 (full 0):
 garbage-first heap   total 273408K, used 178176K [0x0000000080000000, 0x0000000100000000)
  region size 1024K, 6 young (6144K), 6 survivors (6144K)
 Metaspace       used 121626K, capacity 125537K, committed 125776K, reserved 624640K
  class space    used 15671K, capacity 17285K, committed 17408K, reserved 516096K
}
Event: 99.884 GC heap before
{Heap before GC invocations=95 (full 0):
 garbage-first heap   total 273408K, used 229376K [0x0000000080000000, 0x0000000100000000)
  region size 1024K, 57 young (58368K), 6 survivors (6144K)
 Metaspace       used 121661K, capacity 125617K, committed 125776K, reserved 624640K
  class space    used 15674K, capacity 17289K, committed 17408K, reserved 516096K
}

