# JRE version: OpenJDK Runtime Environment 18.9 (11.0.15+10) (build 11.0.15+10)
# Java VM: OpenJDK 64-Bit Server VM 18.9 (11.0.15+10, mixed mode, tiered, compressed oops, g1 gc, windows-amd64)
Heap:
 garbage-first heap   total 328704K, used 123863K [0x0000000080000000, 0x0000000100000000)
  region size 1024K, 70 young (71680K), 7 survivors (7168K)
 Metaspace       used 51037K, capacity 52315K, committed 52560K, reserved 563200K
  class space    used 6155K, capacity 6628K, committed 6656K, reserved 516096K
GC Heap History (20 events):
Event: 95.036 GC heap before
{Heap before GC invocations=63 (full 0):
 garbage-first heap   total 273408K, used 214304K [0x0000000080000000, 0x0000000100000000)
  region size 1024K, 160 young (163840K), 10 survivors (10240K)
 Metaspace       used 50832K, capacity 52123K, committed 52304K, reserved 563200K
  class space    used 6151K, capacity 6628K, committed 6656K, reserved 516096K
}
Event: 95.043 GC heap after
{Heap after GC invocations=64 (full 0):
 garbage-first heap   total 273408K, used 56623K [0x0000000080000000, 0x0000000100000000)
  region size 1024K, 6 young (6144K), 6 survivors (6144K)
 Metaspace       used 50832K, capacity 52123K, committed 52304K, reserved 563200K
  class space    used 6151K, capacity 6628K, committed 6656K, reserved 516096K
}
Event: 95.943 GC heap before
{Heap before GC invocations=64 (full 0):
 garbage-first heap   total 273408K, used 214319K [0x0000000080000000, 0x0000000100000000)
  region size 1024K, 160 young (163840K), 6 survivors (6144K)
 Metaspace       used 50925K, capacity 52187K, committed 52304K, reserved 563200K
  class space    used 6155K, capacity 6628K, committed 6656K, reserved 516096K
}
Event: 95.966 GC heap after
{Heap after GC invocations=65 (full 0):
 garbage-first heap   total 273408K, used 56883K [0x0000000080000000, 0x0000000100000000)
  region size 1024K, 6 young (6144K), 6 survivors (6144K)
 Metaspace       used 50925K, capacity 52187K, committed 52304K, reserved 563200K
  class space    used 6155K, capacity 6628K, committed 6656K, reserved 516096K
}
Event: 96.905 GC heap before
{Heap before GC invocations=65 (full 0):
 garbage-first heap   total 273408K, used 214579K [0x0000000080000000, 0x0000000100000000)
  region size 1024K, 160 young (163840K), 6 survivors (6144K)
 Metaspace       used 50958K, capacity 52251K, committed 52304K, reserved 563200K
  class space    used 6155K, capacity 6628K, committed 6656K, reserved 516096K
}
Event: 96.914 GC heap after
{Heap after GC invocations=66 (full 0):
 garbage-first heap   total 273408K, used 57110K [0x0000000080000000, 0x0000000100000000)
  region size 1024K, 6 young (6144K), 6 survivors (6144K)
 Metaspace       used 50958K, capacity 52251K, committed 52304K, reserved 563200K
  class space    used 6155K, capacity 6628K, committed 6656K, reserved 516096K
}
Event: 97.637 GC heap before
{Heap before GC invocations=66 (full 0):
 garbage-first heap   total 273408K, used 214806K [0x0000000080000000, 0x0000000100000000)
  region size 1024K, 160 young (163840K), 6 survivors (6144K)
 Metaspace       used 50999K, capacity 52251K, committed 52304K, reserved 563200K
  class space    used 6155K, capacity 6628K, committed 6656K, reserved 516096K
}
Event: 97.655 GC heap after
{Heap after GC invocations=67 (full 0):
 garbage-first heap   total 273408K, used 57158K [0x0000000080000000, 0x0000000100000000)
  region size 1024K, 6 young (6144K), 6 survivors (6144K)
 Metaspace       used 50999K, capacity 52251K, committed 52304K, reserved 563200K
  class space    used 6155K, capacity 6628K, committed 6656K, reserved 516096K
}
Event: 98.497 GC heap before
{Heap before GC invocations=67 (full 0):
 garbage-first heap   total 273408K, used 214854K [0x0000000080000000, 0x0000000100000000)
  region size 1024K, 160 young (163840K), 6 survivors (6144K)
 Metaspace       used 51012K, capacity 52315K, committed 52560K, reserved 563200K
  class space    used 6155K, capacity 6628K, committed 6656K, reserved 516096K
}
Event: 98.510 GC heap after
{Heap after GC invocations=68 (full 0):
 garbage-first heap   total 328704K, used 57428K [0x0000000080000000, 0x0000000100000000)
  region size 1024K, 6 young (6144K), 6 survivors (6144K)
 Metaspace       used 51012K, capacity 52315K, committed 52560K, reserved 563200K
  class space    used 6155K, capacity 6628K, committed 6656K, reserved 516096K
}
Event: 99.671 GC heap before
{Heap before GC invocations=68 (full 0):
 garbage-first heap   total 328704K, used 247892K [0x0000000080000000, 0x0000000100000000)
  region size 1024K, 192 young (196608K), 6 survivors (6144K)
 Metaspace       used 51017K, capacity 52315K, committed 52560K, reserved 563200K
  class space    used 6155K, capacity 6628K, committed 6656K, reserved 516096K
}
Event: 99.682 GC heap after
{Heap after GC invocations=69 (full 0):
 garbage-first heap   total 328704K, used 58036K [0x0000000080000000, 0x0000000100000000)
  region size 1024K, 6 young (6144K), 6 survivors (6144K)
 Metaspace       used 51017K, capacity 52315K, committed 52560K, reserved 563200K
  class space    used 6155K, capacity 6628K, committed 6656K, reserved 516096K
}
Event: 100.745 GC heap before
{Heap before GC invocations=69 (full 0):
 garbage-first heap   total 328704K, used 248500K [0x0000000080000000, 0x0000000100000000)
  region size 1024K, 192 young (196608K), 6 survivors (6144K)
 Metaspace       used 51023K, capacity 52315K, committed 52560K, reserved 563200K
  class space    used 6155K, capacity 6628K, committed 6656K, reserved 516096K
}
Event: 100.756 GC heap after
{Heap after GC invocations=70 (full 0):
 garbage-first heap   total 328704K, used 58800K [0x0000000080000000, 0x0000000100000000)
  region size 1024K, 6 young (6144K), 6 survivors (6144K)
 Metaspace       used 51023K, capacity 52315K, committed 52560K, reserved 563200K
  class space    used 6155K, capacity 6628K, committed 6656K, reserved 516096K
}
Event: 101.749 GC heap before
{Heap before GC invocations=70 (full 0):
 garbage-first heap   total 328704K, used 249264K [0x0000000080000000, 0x0000000100000000)
  region size 1024K, 192 young (196608K), 6 survivors (6144K)
 Metaspace       used 51030K, capacity 52315K, committed 52560K, reserved 563200K
  class space    used 6155K, capacity 6628K, committed 6656K, reserved 516096K
}
Event: 101.761 GC heap after
{Heap after GC invocations=71 (full 0):
 garbage-first heap   total 328704K, used 58979K [0x0000000080000000, 0x0000000100000000)
  region size 1024K, 6 young (6144K), 6 survivors (6144K)
 Metaspace       used 51030K, capacity 52315K, committed 52560K, reserved 563200K
  class space    used 6155K, capacity 6628K, committed 6656K, reserved 516096K
}
Event: 102.692 GC heap before
{Heap before GC invocations=71 (full 0):
 garbage-first heap   total 328704K, used 249443K [0x0000000080000000, 0x0000000100000000)
  region size 1024K, 192 young (196608K), 6 survivors (6144K)
 Metaspace       used 51030K, capacity 52315K, committed 52560K, reserved 563200K
  class space    used 6155K, capacity 6628K, committed 6656K, reserved 516096K
}
Event: 102.704 GC heap after
{Heap after GC invocations=72 (full 0):
 garbage-first heap   total 328704K, used 59969K [0x0000000080000000, 0x0000000100000000)
  region size 1024K, 7 young (7168K), 7 survivors (7168K)
 Metaspace       used 51030K, capacity 52315K, committed 52560K, reserved 563200K
  class space    used 6155K, capacity 6628K, committed 6656K, reserved 516096K
}
Event: 103.614 GC heap before
{Heap before GC invocations=72 (full 0):
 garbage-first heap   total 328704K, used 249409K [0x0000000080000000, 0x0000000100000000)
  region size 1024K, 192 young (196608K), 7 survivors (7168K)
 Metaspace       used 51034K, capacity 52315K, committed 52560K, reserved 563200K
  class space    used 6155K, capacity 6628K, committed 6656K, reserved 516096K
}
Event: 103.626 GC heap after
{Heap after GC invocations=73 (full 0):
 garbage-first heap   total 328704K, used 60375K [0x0000000080000000, 0x0000000100000000)
  region size 1024K, 7 young (7168K), 7 survivors (7168K)
 Metaspace       used 51034K, capacity 52315K, committed 52560K, reserved 563200K
  class space    used 6155K, capacity 6628K, committed 6656K, reserved 516096K
}

