# JRE version: OpenJDK Runtime Environment 18.9 (11.0.15+10) (build 11.0.15+10)
# Java VM: OpenJDK 64-Bit Server VM 18.9 (11.0.15+10, mixed mode, tiered, compressed oops, g1 gc, windows-amd64)
Heap:
 garbage-first heap   total 327680K, used 134582K [0x0000000080000000, 0x0000000100000000)
  region size 1024K, 4 young (4096K), 4 survivors (4096K)
 Metaspace       used 105492K, capacity 108544K, committed 108744K, reserved 610304K
  class space    used 13663K, capacity 14869K, committed 14976K, reserved 516096K
GC Heap History (20 events):
Event: 53.962 GC heap after
{Heap after GC invocations=47 (full 0):
 garbage-first heap   total 131072K, used 100861K [0x0000000080000000, 0x0000000100000000)
  region size 1024K, 2 young (2048K), 2 survivors (2048K)
 Metaspace       used 98209K, capacity 101047K, committed 101192K, reserved 604160K
  class space    used 12617K, capacity 13731K, committed 13824K, reserved 516096K
}
Event: 54.088 GC heap before
{Heap before GC invocations=47 (full 0):
 garbage-first heap   total 131072K, used 110077K [0x0000000080000000, 0x0000000100000000)
  region size 1024K, 11 young (11264K), 2 survivors (2048K)
 Metaspace       used 98231K, capacity 101052K, committed 101192K, reserved 604160K
  class space    used 12619K, capacity 13733K, committed 13824K, reserved 516096K
}
Event: 54.093 GC heap after
{Heap after GC invocations=48 (full 0):
 garbage-first heap   total 131072K, used 102293K [0x0000000080000000, 0x0000000100000000)
  region size 1024K, 2 young (2048K), 2 survivors (2048K)
 Metaspace       used 98231K, capacity 101052K, committed 101192K, reserved 604160K
  class space    used 12619K, capacity 13733K, committed 13824K, reserved 516096K
}
Event: 54.228 GC heap before
{Heap before GC invocations=48 (full 0):
 garbage-first heap   total 131072K, used 110485K [0x0000000080000000, 0x0000000100000000)
  region size 1024K, 10 young (10240K), 2 survivors (2048K)
 Metaspace       used 98679K, capacity 101518K, committed 101832K, reserved 604160K
  class space    used 12689K, capacity 13803K, committed 13952K, reserved 516096K
}
Event: 54.234 GC heap after
{Heap after GC invocations=49 (full 0):
 garbage-first heap   total 157696K, used 104206K [0x0000000080000000, 0x0000000100000000)
  region size 1024K, 2 young (2048K), 2 survivors (2048K)
 Metaspace       used 98679K, capacity 101518K, committed 101832K, reserved 604160K
  class space    used 12689K, capacity 13803K, committed 13952K, reserved 516096K
}
Event: 54.383 GC heap before
{Heap before GC invocations=49 (full 0):
 garbage-first heap   total 157696K, used 121614K [0x0000000080000000, 0x0000000100000000)
  region size 1024K, 20 young (20480K), 2 survivors (2048K)
 Metaspace       used 99058K, capacity 101950K, committed 102088K, reserved 606208K
  class space    used 12724K, capacity 13839K, committed 13952K, reserved 516096K
}
Event: 54.389 GC heap after
{Heap after GC invocations=50 (full 0):
 garbage-first heap   total 157696K, used 107957K [0x0000000080000000, 0x0000000100000000)
  region size 1024K, 3 young (3072K), 3 survivors (3072K)
 Metaspace       used 99058K, capacity 101950K, committed 102088K, reserved 606208K
  class space    used 12724K, capacity 13839K, committed 13952K, reserved 516096K
}
Event: 54.543 GC heap before
{Heap before GC invocations=51 (full 0):
 garbage-first heap   total 157696K, used 124341K [0x0000000080000000, 0x0000000100000000)
  region size 1024K, 20 young (20480K), 3 survivors (3072K)
 Metaspace       used 99572K, capacity 102398K, committed 102600K, reserved 606208K
  class space    used 12787K, capacity 13903K, committed 13952K, reserved 516096K
}
Event: 54.547 GC heap after
{Heap after GC invocations=52 (full 0):
 garbage-first heap   total 157696K, used 109941K [0x0000000080000000, 0x0000000100000000)
  region size 1024K, 3 young (3072K), 3 survivors (3072K)
 Metaspace       used 99572K, capacity 102398K, committed 102600K, reserved 606208K
  class space    used 12787K, capacity 13903K, committed 13952K, reserved 516096K
}
Event: 55.048 GC heap before
{Heap before GC invocations=52 (full 0):
 garbage-first heap   total 157696K, used 126325K [0x0000000080000000, 0x0000000100000000)
  region size 1024K, 20 young (20480K), 3 survivors (3072K)
 Metaspace       used 101655K, capacity 104478K, committed 104648K, reserved 608256K
  class space    used 13075K, capacity 14199K, committed 14208K, reserved 516096K
}
Event: 55.057 GC heap after
{Heap after GC invocations=53 (full 0):
 garbage-first heap   total 157696K, used 111093K [0x0000000080000000, 0x0000000100000000)
  region size 1024K, 3 young (3072K), 3 survivors (3072K)
 Metaspace       used 101655K, capacity 104478K, committed 104648K, reserved 608256K
  class space    used 13075K, capacity 14199K, committed 14208K, reserved 516096K
}
Event: 55.460 GC heap before
{Heap before GC invocations=53 (full 0):
 garbage-first heap   total 157696K, used 127477K [0x0000000080000000, 0x0000000100000000)
  region size 1024K, 20 young (20480K), 3 survivors (3072K)
 Metaspace       used 102149K, capacity 104989K, committed 105288K, reserved 608256K
  class space    used 13141K, capacity 14281K, committed 14336K, reserved 516096K
}
Event: 55.476 GC heap after
{Heap after GC invocations=54 (full 0):
 garbage-first heap   total 189440K, used 114626K [0x0000000080000000, 0x0000000100000000)
  region size 1024K, 3 young (3072K), 3 survivors (3072K)
 Metaspace       used 102149K, capacity 104989K, committed 105288K, reserved 608256K
  class space    used 13141K, capacity 14281K, committed 14336K, reserved 516096K
}
Event: 55.936 GC heap before
{Heap before GC invocations=55 (full 0):
 garbage-first heap   total 189440K, used 141250K [0x0000000080000000, 0x0000000100000000)
  region size 1024K, 29 young (29696K), 3 survivors (3072K)
 Metaspace       used 102867K, capacity 105780K, committed 105928K, reserved 608256K
  class space    used 13261K, capacity 14418K, committed 14464K, reserved 516096K
}
Event: 55.954 GC heap after
{Heap after GC invocations=56 (full 0):
 garbage-first heap   total 189440K, used 120292K [0x0000000080000000, 0x0000000100000000)
  region size 1024K, 4 young (4096K), 4 survivors (4096K)
 Metaspace       used 102867K, capacity 105780K, committed 105928K, reserved 608256K
  class space    used 13261K, capacity 14418K, committed 14464K, reserved 516096K
}
Event: 56.299 GC heap before
{Heap before GC invocations=56 (full 0):
 garbage-first heap   total 189440K, used 144868K [0x0000000080000000, 0x0000000100000000)
  region size 1024K, 29 young (29696K), 4 survivors (4096K)
 Metaspace       used 104141K, capacity 107029K, committed 107080K, reserved 610304K
  class space    used 13403K, capacity 14556K, committed 14592K, reserved 516096K
}
Event: 56.323 GC heap after
{Heap after GC invocations=57 (full 0):
 garbage-first heap   total 189440K, used 125673K [0x0000000080000000, 0x0000000100000000)
  region size 1024K, 4 young (4096K), 4 survivors (4096K)
 Metaspace       used 104141K, capacity 107029K, committed 107080K, reserved 610304K
  class space    used 13403K, capacity 14556K, committed 14592K, reserved 516096K
}
Event: 56.657 GC heap before
{Heap before GC invocations=57 (full 0):
 garbage-first heap   total 189440K, used 150249K [0x0000000080000000, 0x0000000100000000)
  region size 1024K, 28 young (28672K), 4 survivors (4096K)
 Metaspace       used 104649K, capacity 107657K, committed 107720K, reserved 610304K
  class space    used 13500K, capacity 14706K, committed 14720K, reserved 516096K
}
Event: 56.674 GC heap after
{Heap after GC invocations=58 (full 0):
 garbage-first heap   total 189440K, used 130278K [0x0000000080000000, 0x0000000100000000)
  region size 1024K, 4 young (4096K), 4 survivors (4096K)
 Metaspace       used 104649K, capacity 107657K, committed 107720K, reserved 610304K
  class space    used 13500K, capacity 14706K, committed 14720K, reserved 516096K
}
Event: 57.130 GC heap before
{Heap before GC invocations=59 (full 0):
 garbage-first heap   total 189440K, used 152806K [0x0000000080000000, 0x0000000100000000)
  region size 1024K, 26 young (26624K), 4 survivors (4096K)
 Metaspace       used 105492K, capacity 108544K, committed 108744K, reserved 610304K
  class space    used 13663K, capacity 14869K, committed 14976K, reserved 516096K
}

