# JRE version: OpenJDK Runtime Environment 18.9 (11.0.15+10) (build 11.0.15+10)
# Java VM: OpenJDK 64-Bit Server VM 18.9 (11.0.15+10, mixed mode, tiered, compressed oops, g1 gc, windows-amd64)
Heap:
 garbage-first heap   total 131072K, used 85700K [0x0000000081400000, 0x0000000100000000)
  region size 1024K, 33 young (33792K), 5 survivors (5120K)
 Metaspace       used 62172K, capacity 63003K, committed 63104K, reserved 1105920K
  class space    used 6858K, capacity 7200K, committed 7296K, reserved 1048576K
GC Heap History (20 events):
Event: 5.172 GC heap before
{Heap before GC invocations=1 (full 0):
 garbage-first heap   total 131072K, used 50724K [0x0000000081400000, 0x0000000100000000)
  region size 1024K, 47 young (48128K), 2 survivors (2048K)
 Metaspace       used 20929K, capacity 21203K, committed 21248K, reserved 1069056K
  class space    used 2198K, capacity 2283K, committed 2304K, reserved 1048576K
}
Event: 5.191 GC heap after
{Heap after GC invocations=2 (full 0):
 garbage-first heap   total 131072K, used 9087K [0x0000000081400000, 0x0000000100000000)
  region size 1024K, 6 young (6144K), 6 survivors (6144K)
 Metaspace       used 20929K, capacity 21203K, committed 21248K, reserved 1069056K
  class space    used 2198K, capacity 2283K, committed 2304K, reserved 1048576K
}
Event: 10.451 GC heap before
{Heap before GC invocations=3 (full 0):
 garbage-first heap   total 131072K, used 74623K [0x0000000081400000, 0x0000000100000000)
  region size 1024K, 51 young (52224K), 6 survivors (6144K)
 Metaspace       used 31007K, capacity 31498K, committed 31616K, reserved 1077248K
  class space    used 3652K, capacity 3881K, committed 3968K, reserved 1048576K
}
Event: 10.471 GC heap after
{Heap after GC invocations=4 (full 0):
 garbage-first heap   total 131072K, used 23035K [0x0000000081400000, 0x0000000100000000)
  region size 1024K, 6 young (6144K), 6 survivors (6144K)
 Metaspace       used 31007K, capacity 31498K, committed 31616K, reserved 1077248K
  class space    used 3652K, capacity 3881K, committed 3968K, reserved 1048576K
}
Event: 12.594 GC heap before
{Heap before GC invocations=4 (full 0):
 garbage-first heap   total 131072K, used 71163K [0x0000000081400000, 0x0000000100000000)
  region size 1024K, 52 young (53248K), 6 survivors (6144K)
 Metaspace       used 33387K, capacity 33930K, committed 34048K, reserved 1079296K
  class space    used 4085K, capacity 4303K, committed 4352K, reserved 1048576K
}
Event: 12.623 GC heap after
{Heap after GC invocations=5 (full 0):
 garbage-first heap   total 131072K, used 27319K [0x0000000081400000, 0x0000000100000000)
  region size 1024K, 7 young (7168K), 7 survivors (7168K)
 Metaspace       used 33387K, capacity 33930K, committed 34048K, reserved 1079296K
  class space    used 4085K, capacity 4303K, committed 4352K, reserved 1048576K
}
Event: 12.958 GC heap before
{Heap before GC invocations=5 (full 0):
 garbage-first heap   total 131072K, used 29367K [0x0000000081400000, 0x0000000100000000)
  region size 1024K, 9 young (9216K), 7 survivors (7168K)
 Metaspace       used 33943K, capacity 34442K, committed 34688K, reserved 1079296K
  class space    used 4154K, capacity 4367K, committed 4480K, reserved 1048576K
}
Event: 12.975 GC heap after
{Heap after GC invocations=6 (full 0):
 garbage-first heap   total 131072K, used 28672K [0x0000000081400000, 0x0000000100000000)
  region size 1024K, 1 young (1024K), 1 survivors (1024K)
 Metaspace       used 33943K, capacity 34442K, committed 34688K, reserved 1079296K
  class space    used 4154K, capacity 4367K, committed 4480K, reserved 1048576K
}
Event: 13.242 GC heap before
{Heap before GC invocations=6 (full 0):
 garbage-first heap   total 131072K, used 32768K [0x0000000081400000, 0x0000000100000000)
  region size 1024K, 6 young (6144K), 1 survivors (1024K)
 Metaspace       used 35199K, capacity 35658K, committed 35840K, reserved 1081344K
  class space    used 4297K, capacity 4495K, committed 4608K, reserved 1048576K
}
Event: 13.244 GC heap after
{Heap after GC invocations=7 (full 0):
 garbage-first heap   total 131072K, used 28096K [0x0000000081400000, 0x0000000100000000)
  region size 1024K, 1 young (1024K), 1 survivors (1024K)
 Metaspace       used 35199K, capacity 35658K, committed 35840K, reserved 1081344K
  class space    used 4297K, capacity 4495K, committed 4608K, reserved 1048576K
}
Event: 16.148 GC heap before
{Heap before GC invocations=8 (full 0):
 garbage-first heap   total 131072K, used 83392K [0x0000000081400000, 0x0000000100000000)
  region size 1024K, 44 young (45056K), 1 survivors (1024K)
 Metaspace       used 42768K, capacity 43330K, committed 43520K, reserved 1087488K
  class space    used 5029K, capacity 5277K, committed 5376K, reserved 1048576K
}
Event: 16.156 GC heap after
{Heap after GC invocations=9 (full 0):
 garbage-first heap   total 131072K, used 34403K [0x0000000081400000, 0x0000000100000000)
  region size 1024K, 6 young (6144K), 6 survivors (6144K)
 Metaspace       used 42768K, capacity 43330K, committed 43520K, reserved 1087488K
  class space    used 5029K, capacity 5277K, committed 5376K, reserved 1048576K
}
Event: 19.213 GC heap before
{Heap before GC invocations=10 (full 0):
 garbage-first heap   total 131072K, used 83555K [0x0000000081400000, 0x0000000100000000)
  region size 1024K, 49 young (50176K), 6 survivors (6144K)
 Metaspace       used 53345K, capacity 54074K, committed 54272K, reserved 1097728K
  class space    used 6244K, capacity 6548K, committed 6656K, reserved 1048576K
}
Event: 19.230 GC heap after
{Heap after GC invocations=11 (full 0):
 garbage-first heap   total 131072K, used 44073K [0x0000000081400000, 0x0000000100000000)
  region size 1024K, 5 young (5120K), 5 survivors (5120K)
 Metaspace       used 53345K, capacity 54074K, committed 54272K, reserved 1097728K
  class space    used 6244K, capacity 6548K, committed 6656K, reserved 1048576K
}
Event: 20.570 GC heap before
{Heap before GC invocations=11 (full 0):
 garbage-first heap   total 131072K, used 87081K [0x0000000081400000, 0x0000000100000000)
  region size 1024K, 46 young (47104K), 5 survivors (5120K)
 Metaspace       used 55040K, capacity 55801K, committed 55936K, reserved 1097728K
  class space    used 6368K, capacity 6664K, committed 6784K, reserved 1048576K
}
Event: 20.585 GC heap after
{Heap after GC invocations=12 (full 0):
 garbage-first heap   total 131072K, used 47522K [0x0000000081400000, 0x0000000100000000)
  region size 1024K, 4 young (4096K), 4 survivors (4096K)
 Metaspace       used 55040K, capacity 55801K, committed 55936K, reserved 1097728K
  class space    used 6368K, capacity 6664K, committed 6784K, reserved 1048576K
}
Event: 23.051 GC heap before
{Heap before GC invocations=12 (full 0):
 garbage-first heap   total 131072K, used 90530K [0x0000000081400000, 0x0000000100000000)
  region size 1024K, 46 young (47104K), 4 survivors (4096K)
 Metaspace       used 57495K, capacity 58326K, committed 58624K, reserved 1101824K
  class space    used 6536K, capacity 6846K, committed 6912K, reserved 1048576K
}
Event: 23.071 GC heap after
{Heap after GC invocations=13 (full 0):
 garbage-first heap   total 131072K, used 52884K [0x0000000081400000, 0x0000000100000000)
  region size 1024K, 5 young (5120K), 5 survivors (5120K)
 Metaspace       used 57495K, capacity 58326K, committed 58624K, reserved 1101824K
  class space    used 6536K, capacity 6846K, committed 6912K, reserved 1048576K
}
Event: 26.574 GC heap before
{Heap before GC invocations=13 (full 0):
 garbage-first heap   total 131072K, used 95892K [0x0000000081400000, 0x0000000100000000)
  region size 1024K, 46 young (47104K), 5 survivors (5120K)
 Metaspace       used 60768K, capacity 61575K, committed 61696K, reserved 1103872K
  class space    used 6781K, capacity 7091K, committed 7168K, reserved 1048576K
}
Event: 26.596 GC heap after
{Heap after GC invocations=14 (full 0):
 garbage-first heap   total 131072K, used 58052K [0x0000000081400000, 0x0000000100000000)
  region size 1024K, 5 young (5120K), 5 survivors (5120K)
 Metaspace       used 60768K, capacity 61575K, committed 61696K, reserved 1103872K
  class space    used 6781K, capacity 7091K, committed 7168K, reserved 1048576K
}

