# JRE version: OpenJDK Runtime Environment 18.9 (11.0.15+10) (build 11.0.15+10)
# Java VM: OpenJDK 64-Bit Server VM 18.9 (11.0.15+10, mixed mode, tiered, compressed oops, g1 gc, windows-amd64)
Heap:
 garbage-first heap   total 264192K, used 140121K [0x0000000080000000, 0x0000000100000000)
  region size 1024K, 3 young (3072K), 3 survivors (3072K)
 Metaspace       used 106820K, capacity 109912K, committed 110100K, reserved 612352K
  class space    used 13906K, capacity 15135K, committed 15256K, reserved 516096K
GC Heap History (20 events):
Event: 53.460 GC heap after
{Heap after GC invocations=32 (full 0):
 garbage-first heap   total 157696K, used 108667K [0x0000000080000000, 0x0000000100000000)
  region size 1024K, 5 young (5120K), 5 survivors (5120K)
 Metaspace       used 99747K, capacity 102580K, committed 102676K, reserved 606208K
  class space    used 12853K, capacity 13948K, committed 13976K, reserved 516096K
}
Event: 53.862 GC heap before
{Heap before GC invocations=32 (full 0):
 garbage-first heap   total 157696K, used 131195K [0x0000000080000000, 0x0000000100000000)
  region size 1024K, 28 young (28672K), 5 survivors (5120K)
 Metaspace       used 101159K, capacity 104070K, committed 104212K, reserved 606208K
  class space    used 13048K, capacity 14197K, committed 14232K, reserved 516096K
}
Event: 53.873 GC heap after
{Heap after GC invocations=33 (full 0):
 garbage-first heap   total 157696K, used 110568K [0x0000000080000000, 0x0000000100000000)
  region size 1024K, 4 young (4096K), 4 survivors (4096K)
 Metaspace       used 101159K, capacity 104070K, committed 104212K, reserved 606208K
  class space    used 13048K, capacity 14197K, committed 14232K, reserved 516096K
}
Event: 54.255 GC heap before
{Heap before GC invocations=33 (full 0):
 garbage-first heap   total 157696K, used 131048K [0x0000000080000000, 0x0000000100000000)
  region size 1024K, 25 young (25600K), 4 survivors (4096K)
 Metaspace       used 101638K, capacity 104532K, committed 104852K, reserved 608256K
  class space    used 13100K, capacity 14240K, committed 14360K, reserved 516096K
}
Event: 54.270 GC heap after
{Heap after GC invocations=34 (full 0):
 garbage-first heap   total 157696K, used 115098K [0x0000000080000000, 0x0000000100000000)
  region size 1024K, 4 young (4096K), 4 survivors (4096K)
 Metaspace       used 101638K, capacity 104532K, committed 104852K, reserved 608256K
  class space    used 13100K, capacity 14240K, committed 14360K, reserved 516096K
}
Event: 54.520 GC heap before
{Heap before GC invocations=35 (full 0):
 garbage-first heap   total 157696K, used 130458K [0x0000000080000000, 0x0000000100000000)
  region size 1024K, 20 young (20480K), 4 survivors (4096K)
 Metaspace       used 101995K, capacity 104929K, committed 105108K, reserved 608256K
  class space    used 13159K, capacity 14310K, committed 14360K, reserved 516096K
}
Event: 54.534 GC heap after
{Heap after GC invocations=36 (full 0):
 garbage-first heap   total 157696K, used 118784K [0x0000000080000000, 0x0000000100000000)
  region size 1024K, 3 young (3072K), 3 survivors (3072K)
 Metaspace       used 101995K, capacity 104929K, committed 105108K, reserved 608256K
  class space    used 13159K, capacity 14310K, committed 14360K, reserved 516096K
}
Event: 54.700 GC heap before
{Heap before GC invocations=36 (full 0):
 garbage-first heap   total 157696K, used 132096K [0x0000000080000000, 0x0000000100000000)
  region size 1024K, 17 young (17408K), 3 survivors (3072K)
 Metaspace       used 103138K, capacity 106061K, committed 106388K, reserved 608256K
  class space    used 13323K, capacity 14474K, committed 14616K, reserved 516096K
}
Event: 54.716 GC heap after
{Heap after GC invocations=37 (full 0):
 garbage-first heap   total 157696K, used 121918K [0x0000000080000000, 0x0000000100000000)
  region size 1024K, 3 young (3072K), 3 survivors (3072K)
 Metaspace       used 103138K, capacity 106061K, committed 106388K, reserved 608256K
  class space    used 13323K, capacity 14474K, committed 14616K, reserved 516096K
}
Event: 54.992 GC heap before
{Heap before GC invocations=37 (full 0):
 garbage-first heap   total 157696K, used 133182K [0x0000000080000000, 0x0000000100000000)
  region size 1024K, 14 young (14336K), 3 survivors (3072K)
 Metaspace       used 103581K, capacity 106502K, committed 106644K, reserved 608256K
  class space    used 13354K, capacity 14514K, committed 14616K, reserved 516096K
}
Event: 55.003 GC heap after
{Heap after GC invocations=38 (full 0):
 garbage-first heap   total 157696K, used 124393K [0x0000000080000000, 0x0000000100000000)
  region size 1024K, 2 young (2048K), 2 survivors (2048K)
 Metaspace       used 103581K, capacity 106502K, committed 106644K, reserved 608256K
  class space    used 13354K, capacity 14514K, committed 14616K, reserved 516096K
}
Event: 55.201 GC heap before
{Heap before GC invocations=38 (full 0):
 garbage-first heap   total 157696K, used 134633K [0x0000000080000000, 0x0000000100000000)
  region size 1024K, 12 young (12288K), 2 survivors (2048K)
 Metaspace       used 103846K, capacity 106780K, committed 107028K, reserved 610304K
  class space    used 13409K, capacity 14600K, committed 14744K, reserved 516096K
}
Event: 55.219 GC heap after
{Heap after GC invocations=39 (full 0):
 garbage-first heap   total 189440K, used 126884K [0x0000000080000000, 0x0000000100000000)
  region size 1024K, 2 young (2048K), 2 survivors (2048K)
 Metaspace       used 103846K, capacity 106780K, committed 107028K, reserved 610304K
  class space    used 13409K, capacity 14600K, committed 14744K, reserved 516096K
}
Event: 55.488 GC heap before
{Heap before GC invocations=40 (full 0):
 garbage-first heap   total 189440K, used 148388K [0x0000000080000000, 0x0000000100000000)
  region size 1024K, 23 young (23552K), 2 survivors (2048K)
 Metaspace       used 104123K, capacity 107120K, committed 107284K, reserved 610304K
  class space    used 13455K, capacity 14669K, committed 14744K, reserved 516096K
}
Event: 55.504 GC heap after
{Heap after GC invocations=41 (full 0):
 garbage-first heap   total 189440K, used 130705K [0x0000000080000000, 0x0000000100000000)
  region size 1024K, 3 young (3072K), 3 survivors (3072K)
 Metaspace       used 104123K, capacity 107120K, committed 107284K, reserved 610304K
  class space    used 13455K, capacity 14669K, committed 14744K, reserved 516096K
}
Event: 55.754 GC heap before
{Heap before GC invocations=41 (full 0):
 garbage-first heap   total 189440K, used 150161K [0x0000000080000000, 0x0000000100000000)
  region size 1024K, 23 young (23552K), 3 survivors (3072K)
 Metaspace       used 105124K, capacity 108158K, committed 108308K, reserved 610304K
  class space    used 13666K, capacity 14893K, committed 15000K, reserved 516096K
}
Event: 55.771 GC heap after
{Heap after GC invocations=42 (full 0):
 garbage-first heap   total 189440K, used 134019K [0x0000000080000000, 0x0000000100000000)
  region size 1024K, 3 young (3072K), 3 survivors (3072K)
 Metaspace       used 105124K, capacity 108158K, committed 108308K, reserved 610304K
  class space    used 13666K, capacity 14893K, committed 15000K, reserved 516096K
}
Event: 56.177 GC heap before
{Heap before GC invocations=42 (full 0):
 garbage-first heap   total 189440K, used 154499K [0x0000000080000000, 0x0000000100000000)
  region size 1024K, 23 young (23552K), 3 survivors (3072K)
 Metaspace       used 106071K, capacity 109170K, committed 109460K, reserved 612352K
  class space    used 13804K, capacity 15040K, committed 15128K, reserved 516096K
}
Event: 56.192 GC heap after
{Heap after GC invocations=43 (full 0):
 garbage-first heap   total 189440K, used 137156K [0x0000000080000000, 0x0000000100000000)
  region size 1024K, 3 young (3072K), 3 survivors (3072K)
 Metaspace       used 106071K, capacity 109170K, committed 109460K, reserved 612352K
  class space    used 13804K, capacity 15040K, committed 15128K, reserved 516096K
}
Event: 56.688 GC heap before
{Heap before GC invocations=44 (full 0):
 garbage-first heap   total 189440K, used 156612K [0x0000000080000000, 0x0000000100000000)
  region size 1024K, 22 young (22528K), 3 survivors (3072K)
 Metaspace       used 106820K, capacity 109912K, committed 110100K, reserved 612352K
  class space    used 13906K, capacity 15135K, committed 15256K, reserved 516096K
}

