# JRE version: OpenJDK Runtime Environment 18.9 (11.0.15+10) (build 11.0.15+10)
# Java VM: OpenJDK 64-Bit Server VM 18.9 (11.0.15+10, mixed mode, tiered, compressed oops, g1 gc, windows-amd64)
Heap:
 garbage-first heap   total 416768K, used 159733K [0x0000000080000000, 0x0000000100000000)
  region size 1024K, 2 young (2048K), 2 survivors (2048K)
 Metaspace       used 108167K, capacity 111465K, committed 111740K, reserved 612352K
  class space    used 14141K, capacity 15433K, committed 15616K, reserved 516096K
GC Heap History (20 events):
Event: 71.867 GC heap after
{Heap after GC invocations=40 (full 0):
 garbage-first heap   total 157696K, used 125659K [0x0000000080000000, 0x0000000100000000)
  region size 1024K, 2 young (2048K), 2 survivors (2048K)
 Metaspace       used 102933K, capacity 106030K, committed 106236K, reserved 608256K
  class space    used 13377K, capacity 14614K, committed 14720K, reserved 516096K
}
Event: 72.009 GC heap before
{Heap before GC invocations=40 (full 0):
 garbage-first heap   total 157696K, used 133851K [0x0000000080000000, 0x0000000100000000)
  region size 1024K, 11 young (11264K), 2 survivors (2048K)
 Metaspace       used 103012K, capacity 106122K, committed 106236K, reserved 608256K
  class space    used 13385K, capacity 14620K, committed 14720K, reserved 516096K
}
Event: 72.018 GC heap after
{Heap after GC invocations=41 (full 0):
 garbage-first heap   total 157696K, used 127580K [0x0000000080000000, 0x0000000100000000)
  region size 1024K, 2 young (2048K), 2 survivors (2048K)
 Metaspace       used 103012K, capacity 106122K, committed 106236K, reserved 608256K
  class space    used 13385K, capacity 14620K, committed 14720K, reserved 516096K
}
Event: 72.071 GC heap before
{Heap before GC invocations=41 (full 0):
 garbage-first heap   total 157696K, used 135772K [0x0000000080000000, 0x0000000100000000)
  region size 1024K, 10 young (10240K), 2 survivors (2048K)
 Metaspace       used 103048K, capacity 106140K, committed 106236K, reserved 608256K
  class space    used 13392K, capacity 14626K, committed 14720K, reserved 516096K
}
Event: 72.081 GC heap after
{Heap after GC invocations=42 (full 0):
 garbage-first heap   total 189440K, used 128982K [0x0000000080000000, 0x0000000100000000)
  region size 1024K, 2 young (2048K), 2 survivors (2048K)
 Metaspace       used 103048K, capacity 106140K, committed 106236K, reserved 608256K
  class space    used 13392K, capacity 14626K, committed 14720K, reserved 516096K
}
Event: 72.626 GC heap before
{Heap before GC invocations=42 (full 0):
 garbage-first heap   total 189440K, used 148438K [0x0000000080000000, 0x0000000100000000)
  region size 1024K, 22 young (22528K), 2 survivors (2048K)
 Metaspace       used 104272K, capacity 107403K, committed 107772K, reserved 610304K
  class space    used 13603K, capacity 14871K, committed 14976K, reserved 516096K
}
Event: 72.640 GC heap after
{Heap after GC invocations=43 (full 0):
 garbage-first heap   total 189440K, used 132204K [0x0000000080000000, 0x0000000100000000)
  region size 1024K, 3 young (3072K), 3 survivors (3072K)
 Metaspace       used 104272K, capacity 107403K, committed 107772K, reserved 610304K
  class space    used 13603K, capacity 14871K, committed 14976K, reserved 516096K
}
Event: 73.003 GC heap before
{Heap before GC invocations=44 (full 0):
 garbage-first heap   total 189440K, used 151660K [0x0000000080000000, 0x0000000100000000)
  region size 1024K, 23 young (23552K), 3 survivors (3072K)
 Metaspace       used 106157K, capacity 109371K, committed 109564K, reserved 612352K
  class space    used 13895K, capacity 15208K, committed 15232K, reserved 516096K
}
Event: 73.020 GC heap after
{Heap after GC invocations=45 (full 0):
 garbage-first heap   total 189440K, used 135138K [0x0000000080000000, 0x0000000100000000)
  region size 1024K, 3 young (3072K), 3 survivors (3072K)
 Metaspace       used 106157K, capacity 109371K, committed 109564K, reserved 612352K
  class space    used 13895K, capacity 15208K, committed 15232K, reserved 516096K
}
Event: 73.358 GC heap before
{Heap before GC invocations=45 (full 0):
 garbage-first heap   total 189440K, used 154594K [0x0000000080000000, 0x0000000100000000)
  region size 1024K, 22 young (22528K), 3 survivors (3072K)
 Metaspace       used 106901K, capacity 110219K, committed 110460K, reserved 612352K
  class space    used 14039K, capacity 15359K, committed 15360K, reserved 516096K
}
Event: 73.370 GC heap after
{Heap after GC invocations=46 (full 0):
 garbage-first heap   total 189440K, used 138028K [0x0000000080000000, 0x0000000100000000)
  region size 1024K, 3 young (3072K), 3 survivors (3072K)
 Metaspace       used 106901K, capacity 110219K, committed 110460K, reserved 612352K
  class space    used 14039K, capacity 15359K, committed 15360K, reserved 516096K
}
Event: 73.710 GC heap before
{Heap before GC invocations=46 (full 0):
 garbage-first heap   total 189440K, used 156460K [0x0000000080000000, 0x0000000100000000)
  region size 1024K, 22 young (22528K), 3 survivors (3072K)
 Metaspace       used 107219K, capacity 110550K, committed 110844K, reserved 612352K
  class space    used 14068K, capacity 15402K, committed 15488K, reserved 516096K
}
Event: 73.724 GC heap after
{Heap after GC invocations=47 (full 0):
 garbage-first heap   total 239616K, used 141662K [0x0000000080000000, 0x0000000100000000)
  region size 1024K, 3 young (3072K), 3 survivors (3072K)
 Metaspace       used 107219K, capacity 110550K, committed 110844K, reserved 612352K
  class space    used 14068K, capacity 15402K, committed 15488K, reserved 516096K
}
Event: 74.234 GC heap before
{Heap before GC invocations=48 (full 0):
 garbage-first heap   total 239616K, used 176478K [0x0000000080000000, 0x0000000100000000)
  region size 1024K, 37 young (37888K), 3 survivors (3072K)
 Metaspace       used 107302K, capacity 110574K, committed 110844K, reserved 612352K
  class space    used 14046K, capacity 15316K, committed 15488K, reserved 516096K
}
Event: 74.256 GC heap after
{Heap after GC invocations=49 (full 0):
 garbage-first heap   total 239616K, used 146890K [0x0000000080000000, 0x0000000100000000)
  region size 1024K, 5 young (5120K), 5 survivors (5120K)
 Metaspace       used 107302K, capacity 110574K, committed 110844K, reserved 612352K
  class space    used 14046K, capacity 15316K, committed 15488K, reserved 516096K
}
Event: 74.695 GC heap before
{Heap before GC invocations=49 (full 0):
 garbage-first heap   total 239616K, used 181705K [0x0000000080000000, 0x0000000100000000)
  region size 1024K, 39 young (39936K), 5 survivors (5120K)
 Metaspace       used 107941K, capacity 111216K, committed 111484K, reserved 612352K
  class space    used 14131K, capacity 15439K, committed 15616K, reserved 516096K
}
Event: 74.737 GC heap after
{Heap after GC invocations=50 (full 0):
 garbage-first heap   total 239616K, used 152576K [0x0000000080000000, 0x0000000100000000)
  region size 1024K, 5 young (5120K), 5 survivors (5120K)
 Metaspace       used 107941K, capacity 111216K, committed 111484K, reserved 612352K
  class space    used 14131K, capacity 15439K, committed 15616K, reserved 516096K
}
Event: 75.592 GC heap before
{Heap before GC invocations=51 (full 0):
 garbage-first heap   total 239616K, used 186368K [0x0000000080000000, 0x0000000100000000)
  region size 1024K, 38 young (38912K), 5 survivors (5120K)
 Metaspace       used 108158K, capacity 111462K, committed 111740K, reserved 612352K
  class space    used 14141K, capacity 15433K, committed 15616K, reserved 516096K
}
Event: 75.616 GC heap after
{Heap after GC invocations=52 (full 0):
 garbage-first heap   total 239616K, used 158403K [0x0000000080000000, 0x0000000100000000)
  region size 1024K, 5 young (5120K), 5 survivors (5120K)
 Metaspace       used 108158K, capacity 111462K, committed 111740K, reserved 612352K
  class space    used 14141K, capacity 15433K, committed 15616K, reserved 516096K
}
Event: 75.670 GC heap before
{Heap before GC invocations=52 (full 0):
 garbage-first heap   total 239616K, used 164547K [0x0000000080000000, 0x0000000100000000)
  region size 1024K, 11 young (11264K), 5 survivors (5120K)
 Metaspace       used 108167K, capacity 111465K, committed 111740K, reserved 612352K
  class space    used 14141K, capacity 15433K, committed 15616K, reserved 516096K
}

