# JRE version: OpenJDK Runtime Environment 18.9 (11.0.15+10) (build 11.0.15+10)
# Java VM: OpenJDK 64-Bit Server VM 18.9 (11.0.15+10, mixed mode, tiered, compressed oops, g1 gc, windows-amd64)
Heap:
 garbage-first heap   total 65536K, used 15290K [0x00000000fc000000, 0x0000000100000000)
  region size 1024K, 7 young (7168K), 2 survivors (2048K)
 Metaspace       used 17610K, capacity 17910K, committed 18048K, reserved 1064960K
  class space    used 1955K, capacity 2103K, committed 2176K, reserved 1048576K
GC Heap History (6 events):
Event: 0.878 GC heap before
{Heap before GC invocations=0 (full 0):
 garbage-first heap   total 65536K, used 16384K [0x00000000fc000000, 0x0000000100000000)
  region size 1024K, 14 young (14336K), 0 survivors (0K)
 Metaspace       used 7870K, capacity 8017K, committed 8192K, reserved 1056768K
  class space    used 693K, capacity 754K, committed 768K, reserved 1048576K
}
Event: 0.885 GC heap after
{Heap after GC invocations=1 (full 0):
 garbage-first heap   total 65536K, used 3548K [0x00000000fc000000, 0x0000000100000000)
  region size 1024K, 2 young (2048K), 2 survivors (2048K)
 Metaspace       used 7870K, capacity 8017K, committed 8192K, reserved 1056768K
  class space    used 693K, capacity 754K, committed 768K, reserved 1048576K
}
Event: 1.445 GC heap before
{Heap before GC invocations=1 (full 0):
 garbage-first heap   total 65536K, used 17884K [0x00000000fc000000, 0x0000000100000000)
  region size 1024K, 13 young (13312K), 2 survivors (2048K)
 Metaspace       used 10933K, capacity 11160K, committed 11264K, reserved 1058816K
  class space    used 1135K, capacity 1210K, committed 1280K, reserved 1048576K
}
Event: 1.451 GC heap after
{Heap after GC invocations=2 (full 0):
 garbage-first heap   total 65536K, used 9635K [0x00000000fc000000, 0x0000000100000000)
  region size 1024K, 2 young (2048K), 2 survivors (2048K)
 Metaspace       used 10933K, capacity 11160K, committed 11264K, reserved 1058816K
  class space    used 1135K, capacity 1210K, committed 1280K, reserved 1048576K
}
Event: 6.312 GC heap before
{Heap before GC invocations=2 (full 0):
 garbage-first heap   total 65536K, used 32163K [0x00000000fc000000, 0x0000000100000000)
  region size 1024K, 24 young (24576K), 2 survivors (2048K)
 Metaspace       used 15708K, capacity 15995K, committed 16256K, reserved 1062912K
  class space    used 1774K, capacity 1908K, committed 1920K, reserved 1048576K
}
Event: 6.361 GC heap after
{Heap after GC invocations=3 (full 0):
 garbage-first heap   total 65536K, used 11194K [0x00000000fc000000, 0x0000000100000000)
  region size 1024K, 2 young (2048K), 2 survivors (2048K)
 Metaspace       used 15708K, capacity 15995K, committed 16256K, reserved 1062912K
  class space    used 1774K, capacity 1908K, committed 1920K, reserved 1048576K
}

