# JRE version: OpenJDK Runtime Environment 18.9 (11.0.15+10) (build 11.0.15+10)
# Java VM: OpenJDK 64-Bit Server VM 18.9 (11.0.15+10, mixed mode, tiered, compressed oops, g1 gc, windows-amd64)
Heap:
 garbage-first heap   total 370688K, used 156197K [0x0000000080000000, 0x0000000100000000)
  region size 1024K, 2 young (2048K), 2 survivors (2048K)
 Metaspace       used 112977K, capacity 116316K, committed 116616K, reserved 618496K
  class space    used 14509K, capacity 15862K, committed 16000K, reserved 516096K
GC Heap History (20 events):
Event: 128.939 GC heap after
{Heap after GC invocations=70 (full 0):
 garbage-first heap   total 245760K, used 128845K [0x0000000080000000, 0x0000000100000000)
  region size 1024K, 5 young (5120K), 5 survivors (5120K)
 Metaspace       used 111432K, capacity 114781K, committed 114952K, reserved 616448K
  class space    used 14446K, capacity 15812K, committed 15872K, reserved 516096K
}
Event: 130.104 GC heap before
{Heap before GC invocations=71 (full 0):
 garbage-first heap   total 245760K, used 176973K [0x0000000080000000, 0x0000000100000000)
  region size 1024K, 52 young (53248K), 5 survivors (5120K)
 Metaspace       used 111651K, capacity 114947K, committed 115208K, reserved 616448K
  class space    used 14423K, capacity 15762K, committed 15872K, reserved 516096K
}
Event: 130.120 GC heap after
{Heap after GC invocations=72 (full 0):
 garbage-first heap   total 245760K, used 132810K [0x0000000080000000, 0x0000000100000000)
  region size 1024K, 6 young (6144K), 6 survivors (6144K)
 Metaspace       used 111651K, capacity 114947K, committed 115208K, reserved 616448K
  class space    used 14423K, capacity 15762K, committed 15872K, reserved 516096K
}
Event: 130.497 GC heap before
{Heap before GC invocations=72 (full 0):
 garbage-first heap   total 245760K, used 179914K [0x0000000080000000, 0x0000000100000000)
  region size 1024K, 53 young (54272K), 6 survivors (6144K)
 Metaspace       used 111723K, capacity 115024K, committed 115208K, reserved 616448K
  class space    used 14434K, capacity 15765K, committed 15872K, reserved 516096K
}
Event: 130.524 GC heap after
{Heap after GC invocations=73 (full 0):
 garbage-first heap   total 245760K, used 135726K [0x0000000080000000, 0x0000000100000000)
  region size 1024K, 5 young (5120K), 5 survivors (5120K)
 Metaspace       used 111723K, capacity 115024K, committed 115208K, reserved 616448K
  class space    used 14434K, capacity 15765K, committed 15872K, reserved 516096K
}
Event: 131.351 GC heap before
{Heap before GC invocations=74 (full 0):
 garbage-first heap   total 245760K, used 184878K [0x0000000080000000, 0x0000000100000000)
  region size 1024K, 53 young (54272K), 5 survivors (5120K)
 Metaspace       used 112038K, capacity 115345K, committed 115464K, reserved 616448K
  class space    used 14463K, capacity 15806K, committed 15872K, reserved 516096K
}
Event: 131.364 GC heap after
{Heap after GC invocations=75 (full 0):
 garbage-first heap   total 245760K, used 136948K [0x0000000080000000, 0x0000000100000000)
  region size 1024K, 2 young (2048K), 2 survivors (2048K)
 Metaspace       used 112038K, capacity 115345K, committed 115464K, reserved 616448K
  class space    used 14463K, capacity 15806K, committed 15872K, reserved 516096K
}
Event: 131.781 GC heap before
{Heap before GC invocations=75 (full 0):
 garbage-first heap   total 245760K, used 189172K [0x0000000080000000, 0x0000000100000000)
  region size 1024K, 53 young (54272K), 2 survivors (2048K)
 Metaspace       used 112253K, capacity 115620K, committed 115720K, reserved 616448K
  class space    used 14471K, capacity 15810K, committed 15872K, reserved 516096K
}
Event: 131.792 GC heap after
{Heap after GC invocations=76 (full 0):
 garbage-first heap   total 308224K, used 137676K [0x0000000080000000, 0x0000000100000000)
  region size 1024K, 3 young (3072K), 3 survivors (3072K)
 Metaspace       used 112253K, capacity 115620K, committed 115720K, reserved 616448K
  class space    used 14471K, capacity 15810K, committed 15872K, reserved 516096K
}
Event: 133.191 GC heap before
{Heap before GC invocations=77 (full 0):
 garbage-first heap   total 308224K, used 215500K [0x0000000080000000, 0x0000000100000000)
  region size 1024K, 79 young (80896K), 3 survivors (3072K)
 Metaspace       used 112374K, capacity 115740K, committed 116104K, reserved 616448K
  class space    used 14490K, capacity 15849K, committed 16000K, reserved 516096K
}
Event: 133.223 GC heap after
{Heap after GC invocations=78 (full 0):
 garbage-first heap   total 308224K, used 141736K [0x0000000080000000, 0x0000000100000000)
  region size 1024K, 7 young (7168K), 7 survivors (7168K)
 Metaspace       used 112374K, capacity 115740K, committed 116104K, reserved 616448K
  class space    used 14490K, capacity 15849K, committed 16000K, reserved 516096K
}
Event: 133.942 GC heap before
{Heap before GC invocations=78 (full 0):
 garbage-first heap   total 308224K, used 227752K [0x0000000080000000, 0x0000000100000000)
  region size 1024K, 91 young (93184K), 7 survivors (7168K)
 Metaspace       used 112523K, capacity 115906K, committed 116104K, reserved 616448K
  class space    used 14495K, capacity 15856K, committed 16000K, reserved 516096K
}
Event: 133.957 GC heap after
{Heap after GC invocations=79 (full 0):
 garbage-first heap   total 308224K, used 144028K [0x0000000080000000, 0x0000000100000000)
  region size 1024K, 8 young (8192K), 8 survivors (8192K)
 Metaspace       used 112523K, capacity 115906K, committed 116104K, reserved 616448K
  class space    used 14495K, capacity 15856K, committed 16000K, reserved 516096K
}
Event: 134.661 GC heap before
{Heap before GC invocations=79 (full 0):
 garbage-first heap   total 308224K, used 233116K [0x0000000080000000, 0x0000000100000000)
  region size 1024K, 95 young (97280K), 8 survivors (8192K)
 Metaspace       used 112666K, capacity 116051K, committed 116360K, reserved 618496K
  class space    used 14501K, capacity 15856K, committed 16000K, reserved 516096K
}
Event: 134.680 GC heap after
{Heap after GC invocations=80 (full 0):
 garbage-first heap   total 308224K, used 145097K [0x0000000080000000, 0x0000000100000000)
  region size 1024K, 6 young (6144K), 6 survivors (6144K)
 Metaspace       used 112666K, capacity 116051K, committed 116360K, reserved 618496K
  class space    used 14501K, capacity 15856K, committed 16000K, reserved 516096K
}
Event: 135.562 GC heap before
{Heap before GC invocations=80 (full 0):
 garbage-first heap   total 308224K, used 247497K [0x0000000080000000, 0x0000000100000000)
  region size 1024K, 106 young (108544K), 6 survivors (6144K)
 Metaspace       used 112840K, capacity 116157K, committed 116360K, reserved 618496K
  class space    used 14508K, capacity 15862K, committed 16000K, reserved 516096K
}
Event: 135.583 GC heap after
{Heap after GC invocations=81 (full 0):
 garbage-first heap   total 308224K, used 148251K [0x0000000080000000, 0x0000000100000000)
  region size 1024K, 9 young (9216K), 9 survivors (9216K)
 Metaspace       used 112840K, capacity 116157K, committed 116360K, reserved 618496K
  class space    used 14508K, capacity 15862K, committed 16000K, reserved 516096K
}
Event: 136.972 GC heap before
{Heap before GC invocations=82 (full 0):
 garbage-first heap   total 308224K, used 249627K [0x0000000080000000, 0x0000000100000000)
  region size 1024K, 108 young (110592K), 9 survivors (9216K)
 Metaspace       used 112974K, capacity 116316K, committed 116616K, reserved 618496K
  class space    used 14509K, capacity 15862K, committed 16000K, reserved 516096K
}
Event: 137.022 GC heap after
{Heap after GC invocations=83 (full 0):
 garbage-first heap   total 308224K, used 158382K [0x0000000080000000, 0x0000000100000000)
  region size 1024K, 14 young (14336K), 14 survivors (14336K)
 Metaspace       used 112974K, capacity 116316K, committed 116616K, reserved 618496K
  class space    used 14509K, capacity 15862K, committed 16000K, reserved 516096K
}
Event: 137.029 GC heap before
{Heap before GC invocations=83 (full 0):
 garbage-first heap   total 308224K, used 159406K [0x0000000080000000, 0x0000000100000000)
  region size 1024K, 15 young (15360K), 14 survivors (14336K)
 Metaspace       used 112977K, capacity 116316K, committed 116616K, reserved 618496K
  class space    used 14509K, capacity 15862K, committed 16000K, reserved 516096K
}

