# JRE version: OpenJDK Runtime Environment 18.9 (11.0.15+10) (build 11.0.15+10)
# Java VM: OpenJDK 64-Bit Server VM 18.9 (11.0.15+10, mixed mode, tiered, compressed oops, g1 gc, windows-amd64)
Heap:
 garbage-first heap   total 303104K, used 283750K [0x0000000080000000, 0x0000000100000000)
  region size 1024K, 6 young (6144K), 1 survivors (1024K)
 Metaspace       used 126657K, capacity 130335K, committed 130504K, reserved 630784K
  class space    used 15807K, capacity 17194K, committed 17228K, reserved 516096K
GC Heap History (20 events):
Event: 362.936 GC heap before
{Heap before GC invocations=156 (full 0):
 garbage-first heap   total 283648K, used 249797K [0x0000000080000000, 0x0000000100000000)
  region size 1024K, 39 young (39936K), 1 survivors (1024K)
 Metaspace       used 121755K, capacity 125295K, committed 125384K, reserved 626688K
  class space    used 15321K, capacity 16660K, committed 16716K, reserved 516096K
}
Event: 362.937 GC heap after
{Heap after GC invocations=157 (full 0):
 garbage-first heap   total 283648K, used 210883K [0x0000000080000000, 0x0000000100000000)
  region size 1024K, 1 young (1024K), 1 survivors (1024K)
 Metaspace       used 121755K, capacity 125295K, committed 125384K, reserved 626688K
  class space    used 15321K, capacity 16660K, committed 16716K, reserved 516096K
}
Event: 365.957 GC heap before
{Heap before GC invocations=157 (full 0):
 garbage-first heap   total 283648K, used 250819K [0x0000000080000000, 0x0000000100000000)
  region size 1024K, 40 young (40960K), 1 survivors (1024K)
 Metaspace       used 121755K, capacity 125295K, committed 125384K, reserved 626688K
  class space    used 15321K, capacity 16660K, committed 16716K, reserved 516096K
}
Event: 365.959 GC heap after
{Heap after GC invocations=158 (full 0):
 garbage-first heap   total 283648K, used 210883K [0x0000000080000000, 0x0000000100000000)
  region size 1024K, 1 young (1024K), 1 survivors (1024K)
 Metaspace       used 121755K, capacity 125295K, committed 125384K, reserved 626688K
  class space    used 15321K, capacity 16660K, committed 16716K, reserved 516096K
}
Event: 368.288 GC heap before
{Heap before GC invocations=158 (full 0):
 garbage-first heap   total 283648K, used 250819K [0x0000000080000000, 0x0000000100000000)
  region size 1024K, 40 young (40960K), 1 survivors (1024K)
 Metaspace       used 121755K, capacity 125295K, committed 125384K, reserved 626688K
  class space    used 15321K, capacity 16660K, committed 16716K, reserved 516096K
}
Event: 368.289 GC heap after
{Heap after GC invocations=159 (full 0):
 garbage-first heap   total 283648K, used 210885K [0x0000000080000000, 0x0000000100000000)
  region size 1024K, 1 young (1024K), 1 survivors (1024K)
 Metaspace       used 121755K, capacity 125295K, committed 125384K, reserved 626688K
  class space    used 15321K, capacity 16660K, committed 16716K, reserved 516096K
}
Event: 370.410 GC heap before
{Heap before GC invocations=159 (full 0):
 garbage-first heap   total 283648K, used 251845K [0x0000000080000000, 0x0000000100000000)
  region size 1024K, 41 young (41984K), 1 survivors (1024K)
 Metaspace       used 121755K, capacity 125295K, committed 125384K, reserved 626688K
  class space    used 15321K, capacity 16660K, committed 16716K, reserved 516096K
}
Event: 370.411 GC heap after
{Heap after GC invocations=160 (full 0):
 garbage-first heap   total 283648K, used 210883K [0x0000000080000000, 0x0000000100000000)
  region size 1024K, 1 young (1024K), 1 survivors (1024K)
 Metaspace       used 121755K, capacity 125295K, committed 125384K, reserved 626688K
  class space    used 15321K, capacity 16660K, committed 16716K, reserved 516096K
}
Event: 372.638 GC heap before
{Heap before GC invocations=160 (full 0):
 garbage-first heap   total 283648K, used 251843K [0x0000000080000000, 0x0000000100000000)
  region size 1024K, 41 young (41984K), 1 survivors (1024K)
 Metaspace       used 121755K, capacity 125295K, committed 125384K, reserved 626688K
  class space    used 15321K, capacity 16660K, committed 16716K, reserved 516096K
}
Event: 372.639 GC heap after
{Heap after GC invocations=161 (full 0):
 garbage-first heap   total 283648K, used 210883K [0x0000000080000000, 0x0000000100000000)
  region size 1024K, 1 young (1024K), 1 survivors (1024K)
 Metaspace       used 121755K, capacity 125295K, committed 125384K, reserved 626688K
  class space    used 15321K, capacity 16660K, committed 16716K, reserved 516096K
}
Event: 374.718 GC heap before
{Heap before GC invocations=161 (full 0):
 garbage-first heap   total 283648K, used 251843K [0x0000000080000000, 0x0000000100000000)
  region size 1024K, 41 young (41984K), 1 survivors (1024K)
 Metaspace       used 121755K, capacity 125295K, committed 125384K, reserved 626688K
  class space    used 15321K, capacity 16660K, committed 16716K, reserved 516096K
}
Event: 374.719 GC heap after
{Heap after GC invocations=162 (full 0):
 garbage-first heap   total 283648K, used 210917K [0x0000000080000000, 0x0000000100000000)
  region size 1024K, 1 young (1024K), 1 survivors (1024K)
 Metaspace       used 121755K, capacity 125295K, committed 125384K, reserved 626688K
  class space    used 15321K, capacity 16660K, committed 16716K, reserved 516096K
}
Event: 377.900 GC heap before
{Heap before GC invocations=162 (full 0):
 garbage-first heap   total 283648K, used 251877K [0x0000000080000000, 0x0000000100000000)
  region size 1024K, 41 young (41984K), 1 survivors (1024K)
 Metaspace       used 124412K, capacity 128083K, committed 128200K, reserved 628736K
  class space    used 15597K, capacity 16946K, committed 16972K, reserved 516096K
}
Event: 377.908 GC heap after
{Heap after GC invocations=163 (full 0):
 garbage-first heap   total 283648K, used 212386K [0x0000000080000000, 0x0000000100000000)
  region size 1024K, 2 young (2048K), 2 survivors (2048K)
 Metaspace       used 124412K, capacity 128083K, committed 128200K, reserved 628736K
  class space    used 15597K, capacity 16946K, committed 16972K, reserved 516096K
}
Event: 379.997 GC heap before
{Heap before GC invocations=163 (full 0):
 garbage-first heap   total 283648K, used 252322K [0x0000000080000000, 0x0000000100000000)
  region size 1024K, 41 young (41984K), 2 survivors (2048K)
 Metaspace       used 126448K, capacity 130160K, committed 130248K, reserved 630784K
  class space    used 15801K, capacity 17186K, committed 17228K, reserved 516096K
}
Event: 380.007 GC heap after
{Heap after GC invocations=164 (full 0):
 garbage-first heap   total 283648K, used 215725K [0x0000000080000000, 0x0000000100000000)
  region size 1024K, 5 young (5120K), 5 survivors (5120K)
 Metaspace       used 126448K, capacity 130160K, committed 130248K, reserved 630784K
  class space    used 15801K, capacity 17186K, committed 17228K, reserved 516096K
}
Event: 381.792 GC heap before
{Heap before GC invocations=164 (full 0):
 garbage-first heap   total 283648K, used 248493K [0x0000000080000000, 0x0000000100000000)
  region size 1024K, 38 young (38912K), 5 survivors (5120K)
 Metaspace       used 126549K, capacity 130231K, committed 130504K, reserved 630784K
  class space    used 15804K, capacity 17188K, committed 17228K, reserved 516096K
}
Event: 381.805 GC heap after
{Heap after GC invocations=165 (full 0):
 garbage-first heap   total 283648K, used 216174K [0x0000000080000000, 0x0000000100000000)
  region size 1024K, 1 young (1024K), 1 survivors (1024K)
 Metaspace       used 126549K, capacity 130231K, committed 130504K, reserved 630784K
  class space    used 15804K, capacity 17188K, committed 17228K, reserved 516096K
}
Event: 383.076 GC heap before
{Heap before GC invocations=165 (full 0):
 garbage-first heap   total 283648K, used 228462K [0x0000000080000000, 0x0000000100000000)
  region size 1024K, 15 young (15360K), 1 survivors (1024K)
 Metaspace       used 126651K, capacity 130335K, committed 130504K, reserved 630784K
  class space    used 15807K, capacity 17194K, committed 17228K, reserved 516096K
}
Event: 383.080 GC heap after
{Heap after GC invocations=166 (full 0):
 garbage-first heap   total 283648K, used 216166K [0x0000000080000000, 0x0000000100000000)
  region size 1024K, 1 young (1024K), 1 survivors (1024K)
 Metaspace       used 126651K, capacity 130335K, committed 130504K, reserved 630784K
  class space    used 15807K, capacity 17194K, committed 17228K, reserved 516096K
}

