# JRE version: OpenJDK Runtime Environment 18.9 (11.0.15+10) (build 11.0.15+10)
# Java VM: OpenJDK 64-Bit Server VM 18.9 (11.0.15+10, mixed mode, tiered, compressed oops, g1 gc, windows-amd64)
Heap:
 garbage-first heap   total 131072K, used 61316K [0x0000000080000000, 0x0000000100000000)
  region size 1024K, 41 young (41984K), 7 survivors (7168K)
 Metaspace       used 41254K, capacity 42374K, committed 42576K, reserved 555008K
  class space    used 5124K, capacity 5520K, committed 5632K, reserved 516096K
GC Heap History (18 events):
Event: 1.894 GC heap before
{Heap before GC invocations=0 (full 0):
 garbage-first heap   total 131072K, used 20480K [0x0000000080000000, 0x0000000100000000)
  region size 1024K, 14 young (14336K), 0 survivors (0K)
 Metaspace       used 6756K, capacity 7001K, committed 7168K, reserved 524288K
  class space    used 571K, capacity 650K, committed 768K, reserved 516096K
}
Event: 1.941 GC heap after
{Heap after GC invocations=1 (full 0):
 garbage-first heap   total 131072K, used 7925K [0x0000000080000000, 0x0000000100000000)
  region size 1024K, 2 young (2048K), 2 survivors (2048K)
 Metaspace       used 6756K, capacity 7001K, committed 7168K, reserved 524288K
  class space    used 571K, capacity 650K, committed 768K, reserved 516096K
}
Event: 2.734 GC heap before
{Heap before GC invocations=1 (full 0):
 garbage-first heap   total 131072K, used 19189K [0x0000000080000000, 0x0000000100000000)
  region size 1024K, 13 young (13312K), 2 survivors (2048K)
 Metaspace       used 10244K, capacity 10500K, committed 10624K, reserved 526336K
  class space    used 1045K, capacity 1140K, committed 1152K, reserved 516096K
}
Event: 2.739 GC heap after
{Heap after GC invocations=2 (full 0):
 garbage-first heap   total 131072K, used 9690K [0x0000000080000000, 0x0000000100000000)
  region size 1024K, 2 young (2048K), 2 survivors (2048K)
 Metaspace       used 10244K, capacity 10500K, committed 10624K, reserved 526336K
  class space    used 1045K, capacity 1140K, committed 1152K, reserved 516096K
}
Event: 4.509 GC heap before
{Heap before GC invocations=2 (full 0):
 garbage-first heap   total 131072K, used 38362K [0x0000000080000000, 0x0000000100000000)
  region size 1024K, 29 young (29696K), 2 survivors (2048K)
 Metaspace       used 11263K, capacity 11519K, committed 11776K, reserved 528384K
  class space    used 1148K, capacity 1245K, committed 1280K, reserved 516096K
}
Event: 4.515 GC heap after
{Heap after GC invocations=3 (full 0):
 garbage-first heap   total 131072K, used 13678K [0x0000000080000000, 0x0000000100000000)
  region size 1024K, 4 young (4096K), 4 survivors (4096K)
 Metaspace       used 11263K, capacity 11519K, committed 11776K, reserved 528384K
  class space    used 1148K, capacity 1245K, committed 1280K, reserved 516096K
}
Event: 7.900 GC heap before
{Heap before GC invocations=3 (full 0):
 garbage-first heap   total 131072K, used 53614K [0x0000000080000000, 0x0000000100000000)
  region size 1024K, 43 young (44032K), 4 survivors (4096K)
 Metaspace       used 17796K, capacity 18116K, committed 18432K, reserved 532480K
  class space    used 2084K, capacity 2211K, committed 2304K, reserved 516096K
}
Event: 7.947 GC heap after
{Heap after GC invocations=4 (full 0):
 garbage-first heap   total 131072K, used 16851K [0x0000000080000000, 0x0000000100000000)
  region size 1024K, 6 young (6144K), 6 survivors (6144K)
 Metaspace       used 17796K, capacity 18116K, committed 18432K, reserved 532480K
  class space    used 2084K, capacity 2211K, committed 2304K, reserved 516096K
}
Event: 8.660 GC heap before
{Heap before GC invocations=4 (full 0):
 garbage-first heap   total 131072K, used 38355K [0x0000000080000000, 0x0000000100000000)
  region size 1024K, 28 young (28672K), 6 survivors (6144K)
 Metaspace       used 20735K, capacity 21173K, committed 21296K, reserved 536576K
  class space    used 2489K, capacity 2659K, committed 2688K, reserved 516096K
}
Event: 8.669 GC heap after
{Heap after GC invocations=5 (full 0):
 garbage-first heap   total 131072K, used 17787K [0x0000000080000000, 0x0000000100000000)
  region size 1024K, 4 young (4096K), 4 survivors (4096K)
 Metaspace       used 20735K, capacity 21173K, committed 21296K, reserved 536576K
  class space    used 2489K, capacity 2659K, committed 2688K, reserved 516096K
}
Event: 10.381 GC heap before
{Heap before GC invocations=6 (full 0):
 garbage-first heap   total 131072K, used 64891K [0x0000000080000000, 0x0000000100000000)
  region size 1024K, 50 young (51200K), 4 survivors (4096K)
 Metaspace       used 25480K, capacity 26017K, committed 26160K, reserved 540672K
  class space    used 3213K, capacity 3424K, committed 3456K, reserved 516096K
}
Event: 10.391 GC heap after
{Heap after GC invocations=7 (full 0):
 garbage-first heap   total 131072K, used 19635K [0x0000000080000000, 0x0000000100000000)
  region size 1024K, 3 young (3072K), 3 survivors (3072K)
 Metaspace       used 25480K, capacity 26017K, committed 26160K, reserved 540672K
  class space    used 3213K, capacity 3424K, committed 3456K, reserved 516096K
}
Event: 11.985 GC heap before
{Heap before GC invocations=7 (full 0):
 garbage-first heap   total 131072K, used 72883K [0x0000000080000000, 0x0000000100000000)
  region size 1024K, 55 young (56320K), 3 survivors (3072K)
 Metaspace       used 30956K, capacity 31668K, committed 31920K, reserved 544768K
  class space    used 4050K, capacity 4314K, committed 4352K, reserved 516096K
}
Event: 11.994 GC heap after
{Heap after GC invocations=8 (full 0):
 garbage-first heap   total 131072K, used 21006K [0x0000000080000000, 0x0000000100000000)
  region size 1024K, 4 young (4096K), 4 survivors (4096K)
 Metaspace       used 30956K, capacity 31668K, committed 31920K, reserved 544768K
  class space    used 4050K, capacity 4314K, committed 4352K, reserved 516096K
}
Event: 12.897 GC heap before
{Heap before GC invocations=8 (full 0):
 garbage-first heap   total 131072K, used 33294K [0x0000000080000000, 0x0000000100000000)
  region size 1024K, 17 young (17408K), 4 survivors (4096K)
 Metaspace       used 34988K, capacity 35770K, committed 35920K, reserved 548864K
  class space    used 4444K, capacity 4768K, committed 4864K, reserved 516096K
}
Event: 12.913 GC heap after
{Heap after GC invocations=9 (full 0):
 garbage-first heap   total 131072K, used 23414K [0x0000000080000000, 0x0000000100000000)
  region size 1024K, 7 young (7168K), 7 survivors (7168K)
 Metaspace       used 34988K, capacity 35770K, committed 35920K, reserved 548864K
  class space    used 4444K, capacity 4768K, committed 4864K, reserved 516096K
}
Event: 14.509 GC heap before
{Heap before GC invocations=10 (full 0):
 garbage-first heap   total 131072K, used 71542K [0x0000000080000000, 0x0000000100000000)
  region size 1024K, 52 young (53248K), 7 survivors (7168K)
 Metaspace       used 39447K, capacity 40318K, committed 40528K, reserved 552960K
  class space    used 4918K, capacity 5255K, committed 5376K, reserved 516096K
}
Event: 14.525 GC heap after
{Heap after GC invocations=11 (full 0):
 garbage-first heap   total 131072K, used 27524K [0x0000000080000000, 0x0000000100000000)
  region size 1024K, 7 young (7168K), 7 survivors (7168K)
 Metaspace       used 39447K, capacity 40318K, committed 40528K, reserved 552960K
  class space    used 4918K, capacity 5255K, committed 5376K, reserved 516096K
}

