# JRE version: OpenJDK Runtime Environment 18.9 (11.0.15+10) (build 11.0.15+10)
# Java VM: OpenJDK 64-Bit Server VM 18.9 (11.0.15+10, mixed mode, tiered, compressed oops, g1 gc, windows-amd64)
Heap:
 garbage-first heap   total 131072K, used 95974K [0x0000000080000000, 0x0000000100000000)
  region size 1024K, 22 young (22528K), 3 survivors (3072K)
 Metaspace       used 86925K, capacity 89485K, committed 89808K, reserved 593920K
  class space    used 11306K, capacity 12290K, committed 12416K, reserved 516096K
GC Heap History (20 events):
Event: 46.883 GC heap before
{Heap before GC invocations=15 (full 0):
 garbage-first heap   total 131072K, used 66074K [0x0000000080000000, 0x0000000100000000)
  region size 1024K, 31 young (31744K), 6 survivors (6144K)
 Metaspace       used 58481K, capacity 60096K, committed 60240K, reserved 569344K
  class space    used 7546K, capacity 8185K, committed 8192K, reserved 516096K
}
Event: 46.899 GC heap after
{Heap after GC invocations=16 (full 0):
 garbage-first heap   total 131072K, used 42274K [0x0000000080000000, 0x0000000100000000)
  region size 1024K, 3 young (3072K), 3 survivors (3072K)
 Metaspace       used 58481K, capacity 60096K, committed 60240K, reserved 569344K
  class space    used 7546K, capacity 8185K, committed 8192K, reserved 516096K
}
Event: 48.702 GC heap before
{Heap before GC invocations=17 (full 0):
 garbage-first heap   total 131072K, used 91426K [0x0000000080000000, 0x0000000100000000)
  region size 1024K, 52 young (53248K), 3 survivors (3072K)
 Metaspace       used 62201K, capacity 63965K, committed 64080K, reserved 573440K
  class space    used 8011K, capacity 8694K, committed 8704K, reserved 516096K
}
Event: 48.715 GC heap after
{Heap after GC invocations=18 (full 0):
 garbage-first heap   total 131072K, used 43481K [0x0000000080000000, 0x0000000100000000)
  region size 1024K, 4 young (4096K), 4 survivors (4096K)
 Metaspace       used 62201K, capacity 63965K, committed 64080K, reserved 573440K
  class space    used 8011K, capacity 8694K, committed 8704K, reserved 516096K
}
Event: 51.636 GC heap before
{Heap before GC invocations=18 (full 0):
 garbage-first heap   total 131072K, used 95705K [0x0000000080000000, 0x0000000100000000)
  region size 1024K, 55 young (56320K), 4 survivors (4096K)
 Metaspace       used 65278K, capacity 67288K, committed 67408K, reserved 575488K
  class space    used 8448K, capacity 9194K, committed 9216K, reserved 516096K
}
Event: 51.649 GC heap after
{Heap after GC invocations=19 (full 0):
 garbage-first heap   total 131072K, used 47358K [0x0000000080000000, 0x0000000100000000)
  region size 1024K, 6 young (6144K), 6 survivors (6144K)
 Metaspace       used 65278K, capacity 67288K, committed 67408K, reserved 575488K
  class space    used 8448K, capacity 9194K, committed 9216K, reserved 516096K
}
Event: 53.852 GC heap before
{Heap before GC invocations=19 (full 0):
 garbage-first heap   total 131072K, used 97534K [0x0000000080000000, 0x0000000100000000)
  region size 1024K, 56 young (57344K), 6 survivors (6144K)
 Metaspace       used 68772K, capacity 70790K, committed 70992K, reserved 577536K
  class space    used 8884K, capacity 9714K, committed 9728K, reserved 516096K
}
Event: 53.879 GC heap after
{Heap after GC invocations=20 (full 0):
 garbage-first heap   total 131072K, used 51730K [0x0000000080000000, 0x0000000100000000)
  region size 1024K, 5 young (5120K), 5 survivors (5120K)
 Metaspace       used 68772K, capacity 70790K, committed 70992K, reserved 577536K
  class space    used 8884K, capacity 9714K, committed 9728K, reserved 516096K
}
Event: 63.404 GC heap before
{Heap before GC invocations=20 (full 0):
 garbage-first heap   total 131072K, used 103954K [0x0000000080000000, 0x0000000100000000)
  region size 1024K, 53 young (54272K), 5 survivors (5120K)
 Metaspace       used 72106K, capacity 74323K, committed 74576K, reserved 581632K
  class space    used 9303K, capacity 10162K, committed 10240K, reserved 516096K
}
Event: 63.416 GC heap after
{Heap after GC invocations=21 (full 0):
 garbage-first heap   total 131072K, used 62925K [0x0000000080000000, 0x0000000100000000)
  region size 1024K, 7 young (7168K), 7 survivors (7168K)
 Metaspace       used 72106K, capacity 74323K, committed 74576K, reserved 581632K
  class space    used 9303K, capacity 10162K, committed 10240K, reserved 516096K
}
Event: 67.034 GC heap before
{Heap before GC invocations=21 (full 0):
 garbage-first heap   total 131072K, used 101837K [0x0000000080000000, 0x0000000100000000)
  region size 1024K, 46 young (47104K), 7 survivors (7168K)
 Metaspace       used 77400K, capacity 79519K, committed 79824K, reserved 585728K
  class space    used 9900K, capacity 10760K, committed 10880K, reserved 516096K
}
Event: 67.052 GC heap after
{Heap after GC invocations=22 (full 0):
 garbage-first heap   total 131072K, used 67311K [0x0000000080000000, 0x0000000100000000)
  region size 1024K, 4 young (4096K), 4 survivors (4096K)
 Metaspace       used 77400K, capacity 79519K, committed 79824K, reserved 585728K
  class space    used 9900K, capacity 10760K, committed 10880K, reserved 516096K
}
Event: 68.323 GC heap before
{Heap before GC invocations=22 (full 0):
 garbage-first heap   total 131072K, used 91887K [0x0000000080000000, 0x0000000100000000)
  region size 1024K, 29 young (29696K), 4 survivors (4096K)
 Metaspace       used 79908K, capacity 82116K, committed 82384K, reserved 587776K
  class space    used 10217K, capacity 11091K, committed 11136K, reserved 516096K
}
Event: 68.337 GC heap after
{Heap after GC invocations=23 (full 0):
 garbage-first heap   total 131072K, used 69474K [0x0000000080000000, 0x0000000100000000)
  region size 1024K, 3 young (3072K), 3 survivors (3072K)
 Metaspace       used 79908K, capacity 82116K, committed 82384K, reserved 587776K
  class space    used 10217K, capacity 11091K, committed 11136K, reserved 516096K
}
Event: 70.208 GC heap before
{Heap before GC invocations=24 (full 0):
 garbage-first heap   total 131072K, used 105314K [0x0000000080000000, 0x0000000100000000)
  region size 1024K, 37 young (37888K), 3 survivors (3072K)
 Metaspace       used 80928K, capacity 83307K, committed 83408K, reserved 589824K
  class space    used 10379K, capacity 11319K, committed 11392K, reserved 516096K
}
Event: 70.221 GC heap after
{Heap after GC invocations=25 (full 0):
 garbage-first heap   total 131072K, used 72374K [0x0000000080000000, 0x0000000100000000)
  region size 1024K, 5 young (5120K), 5 survivors (5120K)
 Metaspace       used 80928K, capacity 83307K, committed 83408K, reserved 589824K
  class space    used 10379K, capacity 11319K, committed 11392K, reserved 516096K
}
Event: 80.291 GC heap before
{Heap before GC invocations=25 (full 0):
 garbage-first heap   total 131072K, used 105142K [0x0000000080000000, 0x0000000100000000)
  region size 1024K, 37 young (37888K), 5 survivors (5120K)
 Metaspace       used 81905K, capacity 84323K, committed 84560K, reserved 589824K
  class space    used 10502K, capacity 11423K, committed 11520K, reserved 516096K
}
Event: 80.311 GC heap after
{Heap after GC invocations=26 (full 0):
 garbage-first heap   total 131072K, used 75408K [0x0000000080000000, 0x0000000100000000)
  region size 1024K, 3 young (3072K), 3 survivors (3072K)
 Metaspace       used 81905K, capacity 84323K, committed 84560K, reserved 589824K
  class space    used 10502K, capacity 11423K, committed 11520K, reserved 516096K
}
Event: 83.795 GC heap before
{Heap before GC invocations=27 (full 0):
 garbage-first heap   total 131072K, used 107152K [0x0000000080000000, 0x0000000100000000)
  region size 1024K, 34 young (34816K), 3 survivors (3072K)
 Metaspace       used 85748K, capacity 88266K, committed 88528K, reserved 593920K
  class space    used 11142K, capacity 12117K, committed 12160K, reserved 516096K
}
Event: 83.807 GC heap after
{Heap after GC invocations=28 (full 0):
 garbage-first heap   total 131072K, used 77542K [0x0000000080000000, 0x0000000100000000)
  region size 1024K, 3 young (3072K), 3 survivors (3072K)
 Metaspace       used 85748K, capacity 88266K, committed 88528K, reserved 593920K
  class space    used 11142K, capacity 12117K, committed 12160K, reserved 516096K
}

