# JRE version: OpenJDK Runtime Environment 18.9 (11.0.15+10) (build 11.0.15+10)
# Java VM: OpenJDK 64-Bit Server VM 18.9 (11.0.15+10, mixed mode, tiered, compressed oops, g1 gc, windows-amd64)
Heap:
 garbage-first heap   total 336896K, used 137452K [0x0000000080000000, 0x0000000100000000)
  region size 1024K, 4 young (4096K), 4 survivors (4096K)
 Metaspace       used 105036K, capacity 108081K, committed 108240K, reserved 610304K
  class space    used 13629K, capacity 14877K, committed 14976K, reserved 516096K
GC Heap History (20 events):
Event: 58.501 GC heap after
{Heap after GC invocations=44 (full 0):
 garbage-first heap   total 131072K, used 97173K [0x0000000080000000, 0x0000000100000000)
  region size 1024K, 2 young (2048K), 2 survivors (2048K)
 Metaspace       used 97602K, capacity 100299K, committed 100560K, reserved 604160K
  class space    used 12535K, capacity 13610K, committed 13696K, reserved 516096K
}
Event: 58.728 GC heap before
{Heap before GC invocations=44 (full 0):
 garbage-first heap   total 131072K, used 113557K [0x0000000080000000, 0x0000000100000000)
  region size 1024K, 17 young (17408K), 2 survivors (2048K)
 Metaspace       used 97911K, capacity 100672K, committed 100816K, reserved 604160K
  class space    used 12582K, capacity 13649K, committed 13696K, reserved 516096K
}
Event: 58.737 GC heap after
{Heap after GC invocations=45 (full 0):
 garbage-first heap   total 131072K, used 101214K [0x0000000080000000, 0x0000000100000000)
  region size 1024K, 3 young (3072K), 3 survivors (3072K)
 Metaspace       used 97911K, capacity 100672K, committed 100816K, reserved 604160K
  class space    used 12582K, capacity 13649K, committed 13696K, reserved 516096K
}
Event: 58.821 GC heap before
{Heap before GC invocations=45 (full 0):
 garbage-first heap   total 131072K, used 113502K [0x0000000080000000, 0x0000000100000000)
  region size 1024K, 15 young (15360K), 3 survivors (3072K)
 Metaspace       used 98025K, capacity 100785K, committed 100816K, reserved 604160K
  class space    used 12598K, capacity 13687K, committed 13696K, reserved 516096K
}
Event: 58.829 GC heap after
{Heap after GC invocations=46 (full 0):
 garbage-first heap   total 157696K, used 103175K [0x0000000080000000, 0x0000000100000000)
  region size 1024K, 2 young (2048K), 2 survivors (2048K)
 Metaspace       used 98025K, capacity 100785K, committed 100816K, reserved 604160K
  class space    used 12598K, capacity 13687K, committed 13696K, reserved 516096K
}
Event: 59.086 GC heap before
{Heap before GC invocations=46 (full 0):
 garbage-first heap   total 157696K, used 124679K [0x0000000080000000, 0x0000000100000000)
  region size 1024K, 24 young (24576K), 2 survivors (2048K)
 Metaspace       used 99027K, capacity 101752K, committed 101968K, reserved 606208K
  class space    used 12725K, capacity 13795K, committed 13824K, reserved 516096K
}
Event: 59.093 GC heap after
{Heap after GC invocations=47 (full 0):
 garbage-first heap   total 157696K, used 108073K [0x0000000080000000, 0x0000000100000000)
  region size 1024K, 3 young (3072K), 3 survivors (3072K)
 Metaspace       used 99027K, capacity 101752K, committed 101968K, reserved 606208K
  class space    used 12725K, capacity 13795K, committed 13824K, reserved 516096K
}
Event: 59.305 GC heap before
{Heap before GC invocations=48 (full 0):
 garbage-first heap   total 157696K, used 127529K [0x0000000080000000, 0x0000000100000000)
  region size 1024K, 23 young (23552K), 3 survivors (3072K)
 Metaspace       used 99680K, capacity 102449K, committed 102608K, reserved 606208K
  class space    used 12819K, capacity 13900K, committed 13952K, reserved 516096K
}
Event: 59.310 GC heap after
{Heap after GC invocations=49 (full 0):
 garbage-first heap   total 157696K, used 110759K [0x0000000080000000, 0x0000000100000000)
  region size 1024K, 3 young (3072K), 3 survivors (3072K)
 Metaspace       used 99680K, capacity 102449K, committed 102608K, reserved 606208K
  class space    used 12819K, capacity 13900K, committed 13952K, reserved 516096K
}
Event: 59.750 GC heap before
{Heap before GC invocations=49 (full 0):
 garbage-first heap   total 157696K, used 130215K [0x0000000080000000, 0x0000000100000000)
  region size 1024K, 22 young (22528K), 3 survivors (3072K)
 Metaspace       used 101542K, capacity 104310K, committed 104400K, reserved 608256K
  class space    used 13080K, capacity 14184K, committed 14208K, reserved 516096K
}
Event: 59.758 GC heap after
{Heap after GC invocations=50 (full 0):
 garbage-first heap   total 157696K, used 112096K [0x0000000080000000, 0x0000000100000000)
  region size 1024K, 3 young (3072K), 3 survivors (3072K)
 Metaspace       used 101542K, capacity 104310K, committed 104400K, reserved 608256K
  class space    used 13080K, capacity 14184K, committed 14208K, reserved 516096K
}
Event: 60.008 GC heap before
{Heap before GC invocations=50 (full 0):
 garbage-first heap   total 157696K, used 129504K [0x0000000080000000, 0x0000000100000000)
  region size 1024K, 21 young (21504K), 3 survivors (3072K)
 Metaspace       used 101765K, capacity 104610K, committed 104656K, reserved 608256K
  class space    used 13098K, capacity 14195K, committed 14208K, reserved 516096K
}
Event: 60.025 GC heap after
{Heap after GC invocations=51 (full 0):
 garbage-first heap   total 189440K, used 117012K [0x0000000080000000, 0x0000000100000000)
  region size 1024K, 3 young (3072K), 3 survivors (3072K)
 Metaspace       used 101765K, capacity 104610K, committed 104656K, reserved 608256K
  class space    used 13098K, capacity 14195K, committed 14208K, reserved 516096K
}
Event: 60.516 GC heap before
{Heap before GC invocations=52 (full 0):
 garbage-first heap   total 189440K, used 144660K [0x0000000080000000, 0x0000000100000000)
  region size 1024K, 30 young (30720K), 3 survivors (3072K)
 Metaspace       used 103310K, capacity 106181K, committed 106448K, reserved 608256K
  class space    used 13320K, capacity 14444K, committed 14464K, reserved 516096K
}
Event: 60.537 GC heap after
{Heap after GC invocations=53 (full 0):
 garbage-first heap   total 189440K, used 122379K [0x0000000080000000, 0x0000000100000000)
  region size 1024K, 4 young (4096K), 4 survivors (4096K)
 Metaspace       used 103310K, capacity 106181K, committed 106448K, reserved 608256K
  class space    used 13320K, capacity 14444K, committed 14464K, reserved 516096K
}
Event: 60.826 GC heap before
{Heap before GC invocations=53 (full 0):
 garbage-first heap   total 189440K, used 149003K [0x0000000080000000, 0x0000000100000000)
  region size 1024K, 30 young (30720K), 4 survivors (4096K)
 Metaspace       used 104152K, capacity 107182K, committed 107216K, reserved 610304K
  class space    used 13468K, capacity 14690K, committed 14720K, reserved 516096K
}
Event: 60.865 GC heap after
{Heap after GC invocations=54 (full 0):
 garbage-first heap   total 189440K, used 128374K [0x0000000080000000, 0x0000000100000000)
  region size 1024K, 4 young (4096K), 4 survivors (4096K)
 Metaspace       used 104152K, capacity 107182K, committed 107216K, reserved 610304K
  class space    used 13468K, capacity 14690K, committed 14720K, reserved 516096K
}
Event: 61.099 GC heap before
{Heap before GC invocations=54 (full 0):
 garbage-first heap   total 189440K, used 152950K [0x0000000080000000, 0x0000000100000000)
  region size 1024K, 28 young (28672K), 4 survivors (4096K)
 Metaspace       used 104274K, capacity 107341K, committed 107472K, reserved 610304K
  class space    used 13491K, capacity 14720K, committed 14720K, reserved 516096K
}
Event: 61.117 GC heap after
{Heap after GC invocations=55 (full 0):
 garbage-first heap   total 189440K, used 133049K [0x0000000080000000, 0x0000000100000000)
  region size 1024K, 4 young (4096K), 4 survivors (4096K)
 Metaspace       used 104274K, capacity 107341K, committed 107472K, reserved 610304K
  class space    used 13491K, capacity 14720K, committed 14720K, reserved 516096K
}
Event: 61.541 GC heap before
{Heap before GC invocations=55 (full 0):
 garbage-first heap   total 189440K, used 155577K [0x0000000080000000, 0x0000000100000000)
  region size 1024K, 26 young (26624K), 4 survivors (4096K)
 Metaspace       used 105036K, capacity 108081K, committed 108240K, reserved 610304K
  class space    used 13629K, capacity 14877K, committed 14976K, reserved 516096K
}

