# JRE version: OpenJDK Runtime Environment 18.9 (11.0.15+10) (build 11.0.15+10)
# Java VM: OpenJDK 64-Bit Server VM 18.9 (11.0.15+10, mixed mode, tiered, compressed oops, g1 gc, windows-amd64)
Heap:
 garbage-first heap   total 131072K, used 36536K [0x0000000080000000, 0x0000000100000000)
  region size 1024K, 18 young (18432K), 8 survivors (8192K)
 Metaspace       used 40070K, capacity 41089K, committed 41424K, reserved 552960K
  class space    used 5000K, capacity 5385K, committed 5504K, reserved 516096K
GC Heap History (18 events):
Event: 1.168 GC heap before
{Heap before GC invocations=0 (full 0):
 garbage-first heap   total 131072K, used 20480K [0x0000000080000000, 0x0000000100000000)
  region size 1024K, 14 young (14336K), 0 survivors (0K)
 Metaspace       used 6757K, capacity 7001K, committed 7168K, reserved 524288K
  class space    used 571K, capacity 650K, committed 768K, reserved 516096K
}
Event: 1.180 GC heap after
{Heap after GC invocations=1 (full 0):
 garbage-first heap   total 131072K, used 7931K [0x0000000080000000, 0x0000000100000000)
  region size 1024K, 2 young (2048K), 2 survivors (2048K)
 Metaspace       used 6757K, capacity 7001K, committed 7168K, reserved 524288K
  class space    used 571K, capacity 650K, committed 768K, reserved 516096K
}
Event: 1.835 GC heap before
{Heap before GC invocations=1 (full 0):
 garbage-first heap   total 131072K, used 19195K [0x0000000080000000, 0x0000000100000000)
  region size 1024K, 13 young (13312K), 2 survivors (2048K)
 Metaspace       used 10237K, capacity 10500K, committed 10624K, reserved 526336K
  class space    used 1045K, capacity 1140K, committed 1152K, reserved 516096K
}
Event: 1.840 GC heap after
{Heap after GC invocations=2 (full 0):
 garbage-first heap   total 131072K, used 9848K [0x0000000080000000, 0x0000000100000000)
  region size 1024K, 2 young (2048K), 2 survivors (2048K)
 Metaspace       used 10237K, capacity 10500K, committed 10624K, reserved 526336K
  class space    used 1045K, capacity 1140K, committed 1152K, reserved 516096K
}
Event: 2.909 GC heap before
{Heap before GC invocations=2 (full 0):
 garbage-first heap   total 131072K, used 38520K [0x0000000080000000, 0x0000000100000000)
  region size 1024K, 29 young (29696K), 2 survivors (2048K)
 Metaspace       used 11253K, capacity 11455K, committed 11520K, reserved 526336K
  class space    used 1148K, capacity 1245K, committed 1280K, reserved 516096K
}
Event: 2.915 GC heap after
{Heap after GC invocations=3 (full 0):
 garbage-first heap   total 131072K, used 13617K [0x0000000080000000, 0x0000000100000000)
  region size 1024K, 4 young (4096K), 4 survivors (4096K)
 Metaspace       used 11253K, capacity 11455K, committed 11520K, reserved 526336K
  class space    used 1148K, capacity 1245K, committed 1280K, reserved 516096K
}
Event: 5.360 GC heap before
{Heap before GC invocations=3 (full 0):
 garbage-first heap   total 131072K, used 53553K [0x0000000080000000, 0x0000000100000000)
  region size 1024K, 43 young (44032K), 4 survivors (4096K)
 Metaspace       used 17835K, capacity 18180K, committed 18432K, reserved 532480K
  class space    used 2090K, capacity 2211K, committed 2304K, reserved 516096K
}
Event: 5.369 GC heap after
{Heap after GC invocations=4 (full 0):
 garbage-first heap   total 131072K, used 16667K [0x0000000080000000, 0x0000000100000000)
  region size 1024K, 6 young (6144K), 6 survivors (6144K)
 Metaspace       used 17835K, capacity 18180K, committed 18432K, reserved 532480K
  class space    used 2090K, capacity 2211K, committed 2304K, reserved 516096K
}
Event: 5.964 GC heap before
{Heap before GC invocations=4 (full 0):
 garbage-first heap   total 131072K, used 37147K [0x0000000080000000, 0x0000000100000000)
  region size 1024K, 27 young (27648K), 6 survivors (6144K)
 Metaspace       used 20741K, capacity 21173K, committed 21296K, reserved 536576K
  class space    used 2489K, capacity 2659K, committed 2688K, reserved 516096K
}
Event: 5.974 GC heap after
{Heap after GC invocations=5 (full 0):
 garbage-first heap   total 131072K, used 17501K [0x0000000080000000, 0x0000000100000000)
  region size 1024K, 4 young (4096K), 4 survivors (4096K)
 Metaspace       used 20741K, capacity 21173K, committed 21296K, reserved 536576K
  class space    used 2489K, capacity 2659K, committed 2688K, reserved 516096K
}
Event: 7.129 GC heap before
{Heap before GC invocations=6 (full 0):
 garbage-first heap   total 131072K, used 65629K [0x0000000080000000, 0x0000000100000000)
  region size 1024K, 52 young (53248K), 4 survivors (4096K)
 Metaspace       used 25848K, capacity 26343K, committed 26544K, reserved 540672K
  class space    used 3271K, capacity 3490K, committed 3584K, reserved 516096K
}
Event: 7.137 GC heap after
{Heap after GC invocations=7 (full 0):
 garbage-first heap   total 131072K, used 19283K [0x0000000080000000, 0x0000000100000000)
  region size 1024K, 3 young (3072K), 3 survivors (3072K)
 Metaspace       used 25848K, capacity 26343K, committed 26544K, reserved 540672K
  class space    used 3271K, capacity 3490K, committed 3584K, reserved 516096K
}
Event: 8.841 GC heap before
{Heap before GC invocations=7 (full 0):
 garbage-first heap   total 131072K, used 74579K [0x0000000080000000, 0x0000000100000000)
  region size 1024K, 57 young (58368K), 3 survivors (3072K)
 Metaspace       used 31752K, capacity 32518K, committed 32816K, reserved 544768K
  class space    used 4148K, capacity 4429K, committed 4480K, reserved 516096K
}
Event: 8.851 GC heap after
{Heap after GC invocations=8 (full 0):
 garbage-first heap   total 131072K, used 21443K [0x0000000080000000, 0x0000000100000000)
  region size 1024K, 5 young (5120K), 5 survivors (5120K)
 Metaspace       used 31752K, capacity 32518K, committed 32816K, reserved 544768K
  class space    used 4148K, capacity 4429K, committed 4480K, reserved 516096K
}
Event: 9.420 GC heap before
{Heap before GC invocations=8 (full 0):
 garbage-first heap   total 131072K, used 29635K [0x0000000080000000, 0x0000000100000000)
  region size 1024K, 14 young (14336K), 5 survivors (5120K)
 Metaspace       used 34977K, capacity 35756K, committed 35920K, reserved 548864K
  class space    used 4437K, capacity 4763K, committed 4864K, reserved 516096K
}
Event: 9.439 GC heap after
{Heap after GC invocations=9 (full 0):
 garbage-first heap   total 131072K, used 23176K [0x0000000080000000, 0x0000000100000000)
  region size 1024K, 6 young (6144K), 6 survivors (6144K)
 Metaspace       used 34977K, capacity 35756K, committed 35920K, reserved 548864K
  class space    used 4437K, capacity 4763K, committed 4864K, reserved 516096K
}
Event: 11.198 GC heap before
{Heap before GC invocations=10 (full 0):
 garbage-first heap   total 131072K, used 79496K [0x0000000080000000, 0x0000000100000000)
  region size 1024K, 59 young (60416K), 6 survivors (6144K)
 Metaspace       used 39524K, capacity 40457K, committed 40784K, reserved 552960K
  class space    used 4923K, capacity 5257K, committed 5376K, reserved 516096K
}
Event: 11.213 GC heap after
{Heap after GC invocations=11 (full 0):
 garbage-first heap   total 131072K, used 27320K [0x0000000080000000, 0x0000000100000000)
  region size 1024K, 8 young (8192K), 8 survivors (8192K)
 Metaspace       used 39524K, capacity 40457K, committed 40784K, reserved 552960K
  class space    used 4923K, capacity 5257K, committed 5376K, reserved 516096K
}

