# JRE version: OpenJDK Runtime Environment 18.9 (11.0.15+10) (build 11.0.15+10)
# Java VM: OpenJDK 64-Bit Server VM 18.9 (11.0.15+10, mixed mode, tiered, compressed oops, g1 gc, windows-amd64)
Heap:
 garbage-first heap   total 487424K, used 474098K [0x0000000080000000, 0x0000000100000000)
  region size 1024K, 61 young (62464K), 16 survivors (16384K)
 Metaspace       used 117895K, capacity 121625K, committed 121800K, reserved 622592K
  class space    used 15000K, capacity 16486K, committed 16512K, reserved 516096K
GC Heap History (20 events):
Event: 108.430 GC heap before
{Heap before GC invocations=77 (full 0):
 garbage-first heap   total 444416K, used 418447K [0x0000000080000000, 0x0000000100000000)
  region size 1024K, 187 young (191488K), 10 survivors (10240K)
 Metaspace       used 114021K, capacity 117639K, committed 117832K, reserved 618496K
  class space    used 14606K, capacity 16036K, committed 16128K, reserved 516096K
}
Event: 108.578 GC heap after
{Heap after GC invocations=78 (full 0):
 garbage-first heap   total 478208K, used 268813K [0x0000000080000000, 0x0000000100000000)
  region size 1024K, 24 young (24576K), 24 survivors (24576K)
 Metaspace       used 114021K, capacity 117639K, committed 117832K, reserved 618496K
  class space    used 14606K, capacity 16036K, committed 16128K, reserved 516096K
}
Event: 108.601 GC heap before
{Heap before GC invocations=78 (full 0):
 garbage-first heap   total 478208K, used 269836K [0x0000000080000000, 0x0000000100000000)
  region size 1024K, 25 young (25600K), 24 survivors (24576K)
 Metaspace       used 114021K, capacity 117639K, committed 117832K, reserved 618496K
  class space    used 14606K, capacity 16036K, committed 16128K, reserved 516096K
}
Event: 108.689 GC heap after
{Heap after GC invocations=79 (full 0):
 garbage-first heap   total 478208K, used 229888K [0x0000000080000000, 0x0000000100000000)
  region size 1024K, 2 young (2048K), 2 survivors (2048K)
 Metaspace       used 114021K, capacity 117639K, committed 117832K, reserved 618496K
  class space    used 14606K, capacity 16036K, committed 16128K, reserved 516096K
}
Event: 108.819 GC heap before
{Heap before GC invocations=79 (full 0):
 garbage-first heap   total 478208K, used 251392K [0x0000000080000000, 0x0000000100000000)
  region size 1024K, 23 young (23552K), 2 survivors (2048K)
 Metaspace       used 114031K, capacity 117640K, committed 117832K, reserved 618496K
  class space    used 14606K, capacity 16036K, committed 16128K, reserved 516096K
}
Event: 108.845 GC heap after
{Heap after GC invocations=80 (full 0):
 garbage-first heap   total 478208K, used 233984K [0x0000000080000000, 0x0000000100000000)
  region size 1024K, 3 young (3072K), 3 survivors (3072K)
 Metaspace       used 114031K, capacity 117640K, committed 117832K, reserved 618496K
  class space    used 14606K, capacity 16036K, committed 16128K, reserved 516096K
}
Event: 109.890 GC heap before
{Heap before GC invocations=80 (full 0):
 garbage-first heap   total 478208K, used 370176K [0x0000000080000000, 0x0000000100000000)
  region size 1024K, 137 young (140288K), 3 survivors (3072K)
 Metaspace       used 114187K, capacity 117736K, committed 117832K, reserved 618496K
  class space    used 14613K, capacity 16041K, committed 16128K, reserved 516096K
}
Event: 109.964 GC heap after
{Heap after GC invocations=81 (full 0):
 garbage-first heap   total 478208K, used 258996K [0x0000000080000000, 0x0000000100000000)
  region size 1024K, 18 young (18432K), 18 survivors (18432K)
 Metaspace       used 114187K, capacity 117736K, committed 117832K, reserved 618496K
  class space    used 14613K, capacity 16041K, committed 16128K, reserved 516096K
}
Event: 112.749 GC heap before
{Heap before GC invocations=82 (full 0):
 garbage-first heap   total 478208K, used 374708K [0x0000000080000000, 0x0000000100000000)
  region size 1024K, 131 young (134144K), 18 survivors (18432K)
 Metaspace       used 114555K, capacity 118197K, committed 118344K, reserved 618496K
  class space    used 14644K, capacity 16077K, committed 16128K, reserved 516096K
}
Event: 112.801 GC heap after
{Heap after GC invocations=83 (full 0):
 garbage-first heap   total 478208K, used 254976K [0x0000000080000000, 0x0000000100000000)
  region size 1024K, 6 young (6144K), 6 survivors (6144K)
 Metaspace       used 114555K, capacity 118197K, committed 118344K, reserved 618496K
  class space    used 14644K, capacity 16077K, committed 16128K, reserved 516096K
}
Event: 113.724 GC heap before
{Heap before GC invocations=83 (full 0):
 garbage-first heap   total 478208K, used 275456K [0x0000000080000000, 0x0000000100000000)
  region size 1024K, 23 young (23552K), 6 survivors (6144K)
 Metaspace       used 114960K, capacity 118562K, committed 118600K, reserved 620544K
  class space    used 14677K, capacity 16111K, committed 16128K, reserved 516096K
}
Event: 113.768 GC heap after
{Heap after GC invocations=84 (full 0):
 garbage-first heap   total 478208K, used 218240K [0x0000000080000000, 0x0000000100000000)
  region size 1024K, 3 young (3072K), 3 survivors (3072K)
 Metaspace       used 114960K, capacity 118562K, committed 118600K, reserved 620544K
  class space    used 14677K, capacity 16111K, committed 16128K, reserved 516096K
}
Event: 114.015 GC heap before
{Heap before GC invocations=84 (full 0):
 garbage-first heap   total 478208K, used 229504K [0x0000000080000000, 0x0000000100000000)
  region size 1024K, 15 young (15360K), 3 survivors (3072K)
 Metaspace       used 114963K, capacity 118563K, committed 118600K, reserved 620544K
  class space    used 14677K, capacity 16111K, committed 16128K, reserved 516096K
}
Event: 114.023 GC heap after
{Heap after GC invocations=85 (full 0):
 garbage-first heap   total 478208K, used 220030K [0x0000000080000000, 0x0000000100000000)
  region size 1024K, 5 young (5120K), 5 survivors (5120K)
 Metaspace       used 114963K, capacity 118563K, committed 118600K, reserved 620544K
  class space    used 14677K, capacity 16111K, committed 16128K, reserved 516096K
}
Event: 123.247 GC heap before
{Heap before GC invocations=86 (full 0):
 garbage-first heap   total 478208K, used 383870K [0x0000000080000000, 0x0000000100000000)
  region size 1024K, 136 young (139264K), 5 survivors (5120K)
 Metaspace       used 115903K, capacity 119554K, committed 119752K, reserved 620544K
  class space    used 14776K, capacity 16249K, committed 16256K, reserved 516096K
}
Event: 123.266 GC heap after
{Heap after GC invocations=87 (full 0):
 garbage-first heap   total 478208K, used 224766K [0x0000000080000000, 0x0000000100000000)
  region size 1024K, 9 young (9216K), 9 survivors (9216K)
 Metaspace       used 115903K, capacity 119554K, committed 119752K, reserved 620544K
  class space    used 14776K, capacity 16249K, committed 16256K, reserved 516096K
}
Event: 127.713 GC heap before
{Heap before GC invocations=87 (full 0):
 garbage-first heap   total 478208K, used 239102K [0x0000000080000000, 0x0000000100000000)
  region size 1024K, 23 young (23552K), 9 survivors (9216K)
 Metaspace       used 116366K, capacity 119951K, committed 120136K, reserved 620544K
  class space    used 14822K, capacity 16289K, committed 16384K, reserved 516096K
}
Event: 127.745 GC heap after
{Heap after GC invocations=88 (full 0):
 garbage-first heap   total 478208K, used 217970K [0x0000000080000000, 0x0000000100000000)
  region size 1024K, 3 young (3072K), 3 survivors (3072K)
 Metaspace       used 116366K, capacity 119951K, committed 120136K, reserved 620544K
  class space    used 14822K, capacity 16289K, committed 16384K, reserved 516096K
}
Event: 150.674 GC heap before
{Heap before GC invocations=88 (full 0):
 garbage-first heap   total 478208K, used 373618K [0x0000000080000000, 0x0000000100000000)
  region size 1024K, 52 young (53248K), 3 survivors (3072K)
 Metaspace       used 117869K, capacity 121546K, committed 121800K, reserved 622592K
  class space    used 14995K, capacity 16482K, committed 16512K, reserved 516096K
}
Event: 150.691 GC heap after
{Heap after GC invocations=89 (full 0):
 garbage-first heap   total 478208K, used 293874K [0x0000000080000000, 0x0000000100000000)
  region size 1024K, 16 young (16384K), 16 survivors (16384K)
 Metaspace       used 117869K, capacity 121546K, committed 121800K, reserved 622592K
  class space    used 14995K, capacity 16482K, committed 16512K, reserved 516096K
}

