# JRE version: OpenJDK Runtime Environment 18.9 (11.0.15+10) (build 11.0.15+10)
# Java VM: OpenJDK 64-Bit Server VM 18.9 (11.0.15+10, mixed mode, tiered, compressed oops, g1 gc, windows-amd64)
Heap:
 garbage-first heap   total 261120K, used 140672K [0x0000000080000000, 0x0000000100000000)
  region size 1024K, 3 young (3072K), 3 survivors (3072K)
 Metaspace       used 106406K, capacity 109527K, committed 109648K, reserved 612352K
  class space    used 13797K, capacity 15030K, committed 15104K, reserved 516096K
GC Heap History (20 events):
Event: 54.287 GC heap after
{Heap after GC invocations=32 (full 0):
 garbage-first heap   total 157696K, used 112175K [0x0000000080000000, 0x0000000100000000)
  region size 1024K, 4 young (4096K), 4 survivors (4096K)
 Metaspace       used 99714K, capacity 102539K, committed 102608K, reserved 606208K
  class space    used 12808K, capacity 13911K, committed 13952K, reserved 516096K
}
Event: 54.710 GC heap before
{Heap before GC invocations=32 (full 0):
 garbage-first heap   total 157696K, used 131631K [0x0000000080000000, 0x0000000100000000)
  region size 1024K, 24 young (24576K), 4 survivors (4096K)
 Metaspace       used 101676K, capacity 104563K, committed 104784K, reserved 608256K
  class space    used 13080K, capacity 14209K, committed 14336K, reserved 516096K
}
Event: 54.718 GC heap after
{Heap after GC invocations=33 (full 0):
 garbage-first heap   total 157696K, used 113150K [0x0000000080000000, 0x0000000100000000)
  region size 1024K, 3 young (3072K), 3 survivors (3072K)
 Metaspace       used 101676K, capacity 104563K, committed 104784K, reserved 608256K
  class space    used 13080K, capacity 14209K, committed 14336K, reserved 516096K
}
Event: 55.119 GC heap before
{Heap before GC invocations=33 (full 0):
 garbage-first heap   total 157696K, used 132606K [0x0000000080000000, 0x0000000100000000)
  region size 1024K, 22 young (22528K), 3 survivors (3072K)
 Metaspace       used 102167K, capacity 105051K, committed 105296K, reserved 608256K
  class space    used 13145K, capacity 14283K, committed 14336K, reserved 516096K
}
Event: 55.133 GC heap after
{Heap after GC invocations=34 (full 0):
 garbage-first heap   total 157696K, used 116736K [0x0000000080000000, 0x0000000100000000)
  region size 1024K, 3 young (3072K), 3 survivors (3072K)
 Metaspace       used 102167K, capacity 105051K, committed 105296K, reserved 608256K
  class space    used 13145K, capacity 14283K, committed 14336K, reserved 516096K
}
Event: 55.361 GC heap before
{Heap before GC invocations=35 (full 0):
 garbage-first heap   total 157696K, used 133120K [0x0000000080000000, 0x0000000100000000)
  region size 1024K, 19 young (19456K), 3 survivors (3072K)
 Metaspace       used 102510K, capacity 105422K, committed 105680K, reserved 608256K
  class space    used 13201K, capacity 14344K, committed 14464K, reserved 516096K
}
Event: 55.379 GC heap after
{Heap after GC invocations=36 (full 0):
 garbage-first heap   total 157696K, used 120260K [0x0000000080000000, 0x0000000100000000)
  region size 1024K, 3 young (3072K), 3 survivors (3072K)
 Metaspace       used 102510K, capacity 105422K, committed 105680K, reserved 608256K
  class space    used 13201K, capacity 14344K, committed 14464K, reserved 516096K
}
Event: 55.597 GC heap before
{Heap before GC invocations=36 (full 0):
 garbage-first heap   total 157696K, used 133572K [0x0000000080000000, 0x0000000100000000)
  region size 1024K, 16 young (16384K), 3 survivors (3072K)
 Metaspace       used 102892K, capacity 105819K, committed 105936K, reserved 608256K
  class space    used 13257K, capacity 14412K, committed 14464K, reserved 516096K
}
Event: 55.610 GC heap after
{Heap after GC invocations=37 (full 0):
 garbage-first heap   total 157696K, used 123846K [0x0000000080000000, 0x0000000100000000)
  region size 1024K, 2 young (2048K), 2 survivors (2048K)
 Metaspace       used 102892K, capacity 105819K, committed 105936K, reserved 608256K
  class space    used 13257K, capacity 14412K, committed 14464K, reserved 516096K
}
Event: 55.951 GC heap before
{Heap before GC invocations=37 (full 0):
 garbage-first heap   total 157696K, used 135110K [0x0000000080000000, 0x0000000100000000)
  region size 1024K, 13 young (13312K), 2 survivors (2048K)
 Metaspace       used 103212K, capacity 106109K, committed 106192K, reserved 608256K
  class space    used 13293K, capacity 14444K, committed 14464K, reserved 516096K
}
Event: 55.962 GC heap after
{Heap after GC invocations=38 (full 0):
 garbage-first heap   total 157696K, used 126344K [0x0000000080000000, 0x0000000100000000)
  region size 1024K, 2 young (2048K), 2 survivors (2048K)
 Metaspace       used 103212K, capacity 106109K, committed 106192K, reserved 608256K
  class space    used 13293K, capacity 14444K, committed 14464K, reserved 516096K
}
Event: 56.114 GC heap before
{Heap before GC invocations=38 (full 0):
 garbage-first heap   total 157696K, used 134536K [0x0000000080000000, 0x0000000100000000)
  region size 1024K, 11 young (11264K), 2 survivors (2048K)
 Metaspace       used 103833K, capacity 106706K, committed 107088K, reserved 610304K
  class space    used 13363K, capacity 14509K, committed 14592K, reserved 516096K
}
Event: 56.126 GC heap after
{Heap after GC invocations=39 (full 0):
 garbage-first heap   total 189440K, used 127920K [0x0000000080000000, 0x0000000100000000)
  region size 1024K, 2 young (2048K), 2 survivors (2048K)
 Metaspace       used 103833K, capacity 106706K, committed 107088K, reserved 610304K
  class space    used 13363K, capacity 14509K, committed 14592K, reserved 516096K
}
Event: 56.509 GC heap before
{Heap before GC invocations=40 (full 0):
 garbage-first heap   total 189440K, used 148400K [0x0000000080000000, 0x0000000100000000)
  region size 1024K, 22 young (22528K), 2 survivors (2048K)
 Metaspace       used 104406K, capacity 107408K, committed 107728K, reserved 610304K
  class space    used 13447K, capacity 14646K, committed 14720K, reserved 516096K
}
Event: 56.527 GC heap after
{Heap after GC invocations=41 (full 0):
 garbage-first heap   total 189440K, used 131498K [0x0000000080000000, 0x0000000100000000)
  region size 1024K, 3 young (3072K), 3 survivors (3072K)
 Metaspace       used 104406K, capacity 107408K, committed 107728K, reserved 610304K
  class space    used 13447K, capacity 14646K, committed 14720K, reserved 516096K
}
Event: 56.720 GC heap before
{Heap before GC invocations=41 (full 0):
 garbage-first heap   total 189440K, used 150954K [0x0000000080000000, 0x0000000100000000)
  region size 1024K, 22 young (22528K), 3 survivors (3072K)
 Metaspace       used 104694K, capacity 107673K, committed 107728K, reserved 610304K
  class space    used 13494K, capacity 14708K, committed 14720K, reserved 516096K
}
Event: 56.737 GC heap after
{Heap after GC invocations=42 (full 0):
 garbage-first heap   total 189440K, used 134715K [0x0000000080000000, 0x0000000100000000)
  region size 1024K, 3 young (3072K), 3 survivors (3072K)
 Metaspace       used 104694K, capacity 107673K, committed 107728K, reserved 610304K
  class space    used 13494K, capacity 14708K, committed 14720K, reserved 516096K
}
Event: 57.077 GC heap before
{Heap before GC invocations=42 (full 0):
 garbage-first heap   total 189440K, used 154171K [0x0000000080000000, 0x0000000100000000)
  region size 1024K, 22 young (22528K), 3 survivors (3072K)
 Metaspace       used 105560K, capacity 108635K, committed 108752K, reserved 610304K
  class space    used 13674K, capacity 14903K, committed 14976K, reserved 516096K
}
Event: 57.090 GC heap after
{Heap after GC invocations=43 (full 0):
 garbage-first heap   total 189440K, used 137848K [0x0000000080000000, 0x0000000100000000)
  region size 1024K, 3 young (3072K), 3 survivors (3072K)
 Metaspace       used 105560K, capacity 108635K, committed 108752K, reserved 610304K
  class space    used 13674K, capacity 14903K, committed 14976K, reserved 516096K
}
Event: 57.372 GC heap before
{Heap before GC invocations=43 (full 0):
 garbage-first heap   total 189440K, used 155256K [0x0000000080000000, 0x0000000100000000)
  region size 1024K, 21 young (21504K), 3 survivors (3072K)
 Metaspace       used 106406K, capacity 109527K, committed 109648K, reserved 612352K
  class space    used 13797K, capacity 15030K, committed 15104K, reserved 516096K
}

