# JRE version: OpenJDK Runtime Environment 18.9 (11.0.15+10) (build 11.0.15+10)
# Java VM: OpenJDK 64-Bit Server VM 18.9 (11.0.15+10, mixed mode, tiered, compressed oops, g1 gc, windows-amd64)
Heap:
 garbage-first heap   total 189440K, used 88046K [0x0000000081400000, 0x0000000100000000)
  region size 1024K, 30 young (30720K), 7 survivors (7168K)
 Metaspace       used 66384K, capacity 67345K, committed 67456K, reserved 1110016K
  class space    used 7332K, capacity 7702K, committed 7808K, reserved 1048576K
GC Heap History (20 events):
Event: 2.643 GC heap before
{Heap before GC invocations=1 (full 0):
 garbage-first heap   total 131072K, used 51371K [0x0000000081400000, 0x0000000100000000)
  region size 1024K, 48 young (49152K), 2 survivors (2048K)
 Metaspace       used 20943K, capacity 21203K, committed 21248K, reserved 1069056K
  class space    used 2198K, capacity 2283K, committed 2304K, reserved 1048576K
}
Event: 2.664 GC heap after
{Heap after GC invocations=2 (full 0):
 garbage-first heap   total 131072K, used 9339K [0x0000000081400000, 0x0000000100000000)
  region size 1024K, 6 young (6144K), 6 survivors (6144K)
 Metaspace       used 20943K, capacity 21203K, committed 21248K, reserved 1069056K
  class space    used 2198K, capacity 2283K, committed 2304K, reserved 1048576K
}
Event: 4.850 GC heap before
{Heap before GC invocations=3 (full 0):
 garbage-first heap   total 131072K, used 75899K [0x0000000081400000, 0x0000000100000000)
  region size 1024K, 52 young (53248K), 6 survivors (6144K)
 Metaspace       used 31019K, capacity 31562K, committed 31872K, reserved 1077248K
  class space    used 3652K, capacity 3881K, committed 3968K, reserved 1048576K
}
Event: 4.872 GC heap after
{Heap after GC invocations=4 (full 0):
 garbage-first heap   total 131072K, used 22873K [0x0000000081400000, 0x0000000100000000)
  region size 1024K, 6 young (6144K), 6 survivors (6144K)
 Metaspace       used 31019K, capacity 31562K, committed 31872K, reserved 1077248K
  class space    used 3652K, capacity 3881K, committed 3968K, reserved 1048576K
}
Event: 6.213 GC heap before
{Heap before GC invocations=4 (full 0):
 garbage-first heap   total 131072K, used 71001K [0x0000000081400000, 0x0000000100000000)
  region size 1024K, 53 young (54272K), 6 survivors (6144K)
 Metaspace       used 33909K, capacity 34438K, committed 34688K, reserved 1079296K
  class space    used 4153K, capacity 4367K, committed 4480K, reserved 1048576K
}
Event: 6.243 GC heap after
{Heap after GC invocations=5 (full 0):
 garbage-first heap   total 131072K, used 26854K [0x0000000081400000, 0x0000000100000000)
  region size 1024K, 7 young (7168K), 7 survivors (7168K)
 Metaspace       used 33909K, capacity 34438K, committed 34688K, reserved 1079296K
  class space    used 4153K, capacity 4367K, committed 4480K, reserved 1048576K
}
Event: 6.344 GC heap before
{Heap before GC invocations=5 (full 0):
 garbage-first heap   total 131072K, used 29926K [0x0000000081400000, 0x0000000100000000)
  region size 1024K, 10 young (10240K), 7 survivors (7168K)
 Metaspace       used 34798K, capacity 35302K, committed 35456K, reserved 1081344K
  class space    used 4254K, capacity 4463K, committed 4480K, reserved 1048576K
}
Event: 6.360 GC heap after
{Heap after GC invocations=6 (full 0):
 garbage-first heap   total 131072K, used 28459K [0x0000000081400000, 0x0000000100000000)
  region size 1024K, 1 young (1024K), 1 survivors (1024K)
 Metaspace       used 34798K, capacity 35302K, committed 35456K, reserved 1081344K
  class space    used 4254K, capacity 4463K, committed 4480K, reserved 1048576K
}
Event: 6.400 GC heap before
{Heap before GC invocations=6 (full 0):
 garbage-first heap   total 131072K, used 29483K [0x0000000081400000, 0x0000000100000000)
  region size 1024K, 3 young (3072K), 1 survivors (1024K)
 Metaspace       used 35181K, capacity 35654K, committed 35840K, reserved 1081344K
  class space    used 4296K, capacity 4495K, committed 4608K, reserved 1048576K
}
Event: 6.403 GC heap after
{Heap after GC invocations=7 (full 0):
 garbage-first heap   total 157696K, used 27877K [0x0000000081400000, 0x0000000100000000)
  region size 1024K, 1 young (1024K), 1 survivors (1024K)
 Metaspace       used 35181K, capacity 35654K, committed 35840K, reserved 1081344K
  class space    used 4296K, capacity 4495K, committed 4608K, reserved 1048576K
}
Event: 8.813 GC heap before
{Heap before GC invocations=8 (full 0):
 garbage-first heap   total 157696K, used 93413K [0x0000000081400000, 0x0000000100000000)
  region size 1024K, 54 young (55296K), 1 survivors (1024K)
 Metaspace       used 45780K, capacity 46380K, committed 46592K, reserved 1089536K
  class space    used 5348K, capacity 5605K, committed 5632K, reserved 1048576K
}
Event: 8.830 GC heap after
{Heap after GC invocations=9 (full 0):
 garbage-first heap   total 157696K, used 34707K [0x0000000081400000, 0x0000000100000000)
  region size 1024K, 7 young (7168K), 7 survivors (7168K)
 Metaspace       used 45780K, capacity 46380K, committed 46592K, reserved 1089536K
  class space    used 5348K, capacity 5605K, committed 5632K, reserved 1048576K
}
Event: 11.108 GC heap before
{Heap before GC invocations=10 (full 0):
 garbage-first heap   total 157696K, used 99219K [0x0000000081400000, 0x0000000100000000)
  region size 1024K, 65 young (66560K), 7 survivors (7168K)
 Metaspace       used 54092K, capacity 54792K, committed 55040K, reserved 1097728K
  class space    used 6313K, capacity 6615K, committed 6656K, reserved 1048576K
}
Event: 11.125 GC heap after
{Heap after GC invocations=11 (full 0):
 garbage-first heap   total 157696K, used 44445K [0x0000000081400000, 0x0000000100000000)
  region size 1024K, 5 young (5120K), 5 survivors (5120K)
 Metaspace       used 54092K, capacity 54792K, committed 55040K, reserved 1097728K
  class space    used 6313K, capacity 6615K, committed 6656K, reserved 1048576K
}
Event: 14.166 GC heap before
{Heap before GC invocations=11 (full 0):
 garbage-first heap   total 157696K, used 102813K [0x0000000081400000, 0x0000000100000000)
  region size 1024K, 62 young (63488K), 5 survivors (5120K)
 Metaspace       used 57261K, capacity 58067K, committed 58368K, reserved 1101824K
  class space    used 6518K, capacity 6846K, committed 6912K, reserved 1048576K
}
Event: 14.188 GC heap after
{Heap after GC invocations=12 (full 0):
 garbage-first heap   total 157696K, used 52092K [0x0000000081400000, 0x0000000100000000)
  region size 1024K, 8 young (8192K), 8 survivors (8192K)
 Metaspace       used 57261K, capacity 58067K, committed 58368K, reserved 1101824K
  class space    used 6518K, capacity 6846K, committed 6912K, reserved 1048576K
}
Event: 18.624 GC heap before
{Heap before GC invocations=12 (full 0):
 garbage-first heap   total 157696K, used 109436K [0x0000000081400000, 0x0000000100000000)
  region size 1024K, 63 young (64512K), 8 survivors (8192K)
 Metaspace       used 61632K, capacity 62450K, committed 62464K, reserved 1103872K
  class space    used 6841K, capacity 7167K, committed 7168K, reserved 1048576K
}
Event: 18.653 GC heap after
{Heap after GC invocations=13 (full 0):
 garbage-first heap   total 157696K, used 58194K [0x0000000081400000, 0x0000000100000000)
  region size 1024K, 7 young (7168K), 7 survivors (7168K)
 Metaspace       used 61632K, capacity 62450K, committed 62464K, reserved 1103872K
  class space    used 6841K, capacity 7167K, committed 7168K, reserved 1048576K
}
Event: 23.256 GC heap before
{Heap before GC invocations=13 (full 0):
 garbage-first heap   total 157696K, used 112466K [0x0000000081400000, 0x0000000100000000)
  region size 1024K, 60 young (61440K), 7 survivors (7168K)
 Metaspace       used 63361K, capacity 64231K, committed 64384K, reserved 1105920K
  class space    used 6917K, capacity 7239K, committed 7296K, reserved 1048576K
}
Event: 23.290 GC heap after
{Heap after GC invocations=14 (full 0):
 garbage-first heap   total 189440K, used 65518K [0x0000000081400000, 0x0000000100000000)
  region size 1024K, 7 young (7168K), 7 survivors (7168K)
 Metaspace       used 63361K, capacity 64231K, committed 64384K, reserved 1105920K
  class space    used 6917K, capacity 7239K, committed 7296K, reserved 1048576K
}

