# JRE version: OpenJDK Runtime Environment 18.9 (11.0.15+10) (build 11.0.15+10)
# Java VM: OpenJDK 64-Bit Server VM 18.9 (11.0.15+10, mixed mode, tiered, compressed oops, g1 gc, windows-amd64)
Heap:
 garbage-first heap   total 248832K, used 176652K [0x0000000080000000, 0x0000000100000000)
  region size 1024K, 35 young (35840K), 4 survivors (4096K)
 Metaspace       used 109658K, capacity 112797K, committed 113104K, reserved 614400K
  class space    used 14164K, capacity 15413K, committed 15488K, reserved 516096K
GC Heap History (20 events):
Event: 52.600 GC heap before
{Heap before GC invocations=33 (full 0):
 garbage-first heap   total 157696K, used 129413K [0x0000000080000000, 0x0000000100000000)
  region size 1024K, 24 young (24576K), 4 survivors (4096K)
 Metaspace       used 100198K, capacity 103015K, committed 103248K, reserved 606208K
  class space    used 12881K, capacity 13989K, committed 14080K, reserved 516096K
}
Event: 52.605 GC heap after
{Heap after GC invocations=34 (full 0):
 garbage-first heap   total 157696K, used 112362K [0x0000000080000000, 0x0000000100000000)
  region size 1024K, 3 young (3072K), 3 survivors (3072K)
 Metaspace       used 100198K, capacity 103015K, committed 103248K, reserved 606208K
  class space    used 12881K, capacity 13989K, committed 14080K, reserved 516096K
}
Event: 53.271 GC heap before
{Heap before GC invocations=35 (full 0):
 garbage-first heap   total 157696K, used 131818K [0x0000000080000000, 0x0000000100000000)
  region size 1024K, 22 young (22528K), 3 survivors (3072K)
 Metaspace       used 101938K, capacity 104756K, committed 105040K, reserved 608256K
  class space    used 13110K, capacity 14231K, committed 14336K, reserved 516096K
}
Event: 53.281 GC heap after
{Heap after GC invocations=36 (full 0):
 garbage-first heap   total 157696K, used 113593K [0x0000000080000000, 0x0000000100000000)
  region size 1024K, 3 young (3072K), 3 survivors (3072K)
 Metaspace       used 101938K, capacity 104756K, committed 105040K, reserved 608256K
  class space    used 13110K, capacity 14231K, committed 14336K, reserved 516096K
}
Event: 53.488 GC heap before
{Heap before GC invocations=36 (full 0):
 garbage-first heap   total 157696K, used 131001K [0x0000000080000000, 0x0000000100000000)
  region size 1024K, 21 young (21504K), 3 survivors (3072K)
 Metaspace       used 102270K, capacity 105178K, committed 105296K, reserved 608256K
  class space    used 13169K, capacity 14331K, committed 14336K, reserved 516096K
}
Event: 53.508 GC heap after
{Heap after GC invocations=37 (full 0):
 garbage-first heap   total 189440K, used 118402K [0x0000000080000000, 0x0000000100000000)
  region size 1024K, 3 young (3072K), 3 survivors (3072K)
 Metaspace       used 102270K, capacity 105178K, committed 105296K, reserved 608256K
  class space    used 13169K, capacity 14331K, committed 14336K, reserved 516096K
}
Event: 54.202 GC heap before
{Heap before GC invocations=38 (full 0):
 garbage-first heap   total 189440K, used 144002K [0x0000000080000000, 0x0000000100000000)
  region size 1024K, 29 young (29696K), 3 survivors (3072K)
 Metaspace       used 103133K, capacity 106076K, committed 106192K, reserved 608256K
  class space    used 13287K, capacity 14436K, committed 14464K, reserved 516096K
}
Event: 54.227 GC heap after
{Heap after GC invocations=39 (full 0):
 garbage-first heap   total 189440K, used 123904K [0x0000000080000000, 0x0000000100000000)
  region size 1024K, 4 young (4096K), 4 survivors (4096K)
 Metaspace       used 103133K, capacity 106076K, committed 106192K, reserved 608256K
  class space    used 13287K, capacity 14436K, committed 14464K, reserved 516096K
}
Event: 54.573 GC heap before
{Heap before GC invocations=39 (full 0):
 garbage-first heap   total 189440K, used 149504K [0x0000000080000000, 0x0000000100000000)
  region size 1024K, 29 young (29696K), 4 survivors (4096K)
 Metaspace       used 104533K, capacity 107598K, committed 107856K, reserved 610304K
  class space    used 13496K, capacity 14733K, committed 14848K, reserved 516096K
}
Event: 54.592 GC heap after
{Heap after GC invocations=40 (full 0):
 garbage-first heap   total 189440K, used 128815K [0x0000000080000000, 0x0000000100000000)
  region size 1024K, 4 young (4096K), 4 survivors (4096K)
 Metaspace       used 104533K, capacity 107598K, committed 107856K, reserved 610304K
  class space    used 13496K, capacity 14733K, committed 14848K, reserved 516096K
}
Event: 54.932 GC heap before
{Heap before GC invocations=40 (full 0):
 garbage-first heap   total 189440K, used 153391K [0x0000000080000000, 0x0000000100000000)
  region size 1024K, 28 young (28672K), 4 survivors (4096K)
 Metaspace       used 104788K, capacity 107876K, committed 108112K, reserved 610304K
  class space    used 13538K, capacity 14781K, committed 14848K, reserved 516096K
}
Event: 54.950 GC heap after
{Heap after GC invocations=41 (full 0):
 garbage-first heap   total 189440K, used 133336K [0x0000000080000000, 0x0000000100000000)
  region size 1024K, 4 young (4096K), 4 survivors (4096K)
 Metaspace       used 104788K, capacity 107876K, committed 108112K, reserved 610304K
  class space    used 13538K, capacity 14781K, committed 14848K, reserved 516096K
}
Event: 55.327 GC heap before
{Heap before GC invocations=42 (full 0):
 garbage-first heap   total 189440K, used 154840K [0x0000000080000000, 0x0000000100000000)
  region size 1024K, 26 young (26624K), 4 survivors (4096K)
 Metaspace       used 105670K, capacity 108767K, committed 109008K, reserved 610304K
  class space    used 13711K, capacity 14946K, committed 14976K, reserved 516096K
}
Event: 55.351 GC heap after
{Heap after GC invocations=43 (full 0):
 garbage-first heap   total 248832K, used 137198K [0x0000000080000000, 0x0000000100000000)
  region size 1024K, 4 young (4096K), 4 survivors (4096K)
 Metaspace       used 105670K, capacity 108767K, committed 109008K, reserved 610304K
  class space    used 13711K, capacity 14946K, committed 14976K, reserved 516096K
}
Event: 56.532 GC heap before
{Heap before GC invocations=43 (full 0):
 garbage-first heap   total 248832K, used 176110K [0x0000000080000000, 0x0000000100000000)
  region size 1024K, 42 young (43008K), 4 survivors (4096K)
 Metaspace       used 107852K, capacity 110950K, committed 111184K, reserved 612352K
  class space    used 14066K, capacity 15328K, committed 15360K, reserved 516096K
}
Event: 56.551 GC heap after
{Heap after GC invocations=44 (full 0):
 garbage-first heap   total 248832K, used 142309K [0x0000000080000000, 0x0000000100000000)
  region size 1024K, 5 young (5120K), 5 survivors (5120K)
 Metaspace       used 107852K, capacity 110950K, committed 111184K, reserved 612352K
  class space    used 14066K, capacity 15328K, committed 15360K, reserved 516096K
}
Event: 57.939 GC heap before
{Heap before GC invocations=45 (full 0):
 garbage-first heap   total 248832K, used 181221K [0x0000000080000000, 0x0000000100000000)
  region size 1024K, 44 young (45056K), 5 survivors (5120K)
 Metaspace       used 108931K, capacity 112096K, committed 112336K, reserved 614400K
  class space    used 14140K, capacity 15403K, committed 15488K, reserved 516096K
}
Event: 57.961 GC heap after
{Heap after GC invocations=46 (full 0):
 garbage-first heap   total 248832K, used 144750K [0x0000000080000000, 0x0000000100000000)
  region size 1024K, 3 young (3072K), 3 survivors (3072K)
 Metaspace       used 108931K, capacity 112096K, committed 112336K, reserved 614400K
  class space    used 14140K, capacity 15403K, committed 15488K, reserved 516096K
}
Event: 58.686 GC heap before
{Heap before GC invocations=46 (full 0):
 garbage-first heap   total 248832K, used 186734K [0x0000000080000000, 0x0000000100000000)
  region size 1024K, 44 young (45056K), 3 survivors (3072K)
 Metaspace       used 109416K, capacity 112587K, committed 112848K, reserved 614400K
  class space    used 14157K, capacity 15414K, committed 15488K, reserved 516096K
}
Event: 58.696 GC heap after
{Heap after GC invocations=47 (full 0):
 garbage-first heap   total 248832K, used 145932K [0x0000000080000000, 0x0000000100000000)
  region size 1024K, 4 young (4096K), 4 survivors (4096K)
 Metaspace       used 109416K, capacity 112587K, committed 112848K, reserved 614400K
  class space    used 14157K, capacity 15414K, committed 15488K, reserved 516096K
}

