# JRE version: OpenJDK Runtime Environment 18.9 (11.0.15+10) (build 11.0.15+10)
# Java VM: OpenJDK 64-Bit Server VM 18.9 (11.0.15+10, mixed mode, tiered, compressed oops, g1 gc, windows-amd64)
Heap:
 garbage-first heap   total 189440K, used 63839K [0x0000000081400000, 0x0000000100000000)
  region size 1024K, 8 young (8192K), 8 survivors (8192K)
 Metaspace       used 63039K, capacity 63889K, committed 64128K, reserved 1105920K
  class space    used 6892K, capacity 7236K, committed 7296K, reserved 1048576K
GC Heap History (20 events):
Event: 1.055 GC heap after
{Heap after GC invocations=1 (full 0):
 garbage-first heap   total 131072K, used 5239K [0x0000000081400000, 0x0000000100000000)
  region size 1024K, 2 young (2048K), 2 survivors (2048K)
 Metaspace       used 9811K, capacity 9906K, committed 10112K, reserved 1058816K
  class space    used 825K, capacity 853K, committed 896K, reserved 1048576K
}
Event: 3.122 GC heap before
{Heap before GC invocations=1 (full 0):
 garbage-first heap   total 131072K, used 51319K [0x0000000081400000, 0x0000000100000000)
  region size 1024K, 48 young (49152K), 2 survivors (2048K)
 Metaspace       used 20929K, capacity 21203K, committed 21248K, reserved 1069056K
  class space    used 2191K, capacity 2283K, committed 2304K, reserved 1048576K
}
Event: 3.142 GC heap after
{Heap after GC invocations=2 (full 0):
 garbage-first heap   total 131072K, used 9298K [0x0000000081400000, 0x0000000100000000)
  region size 1024K, 6 young (6144K), 6 survivors (6144K)
 Metaspace       used 20929K, capacity 21203K, committed 21248K, reserved 1069056K
  class space    used 2191K, capacity 2283K, committed 2304K, reserved 1048576K
}
Event: 5.281 GC heap before
{Heap before GC invocations=3 (full 0):
 garbage-first heap   total 131072K, used 77906K [0x0000000081400000, 0x0000000100000000)
  region size 1024K, 54 young (55296K), 6 survivors (6144K)
 Metaspace       used 31045K, capacity 31562K, committed 31872K, reserved 1077248K
  class space    used 3652K, capacity 3881K, committed 3968K, reserved 1048576K
}
Event: 5.307 GC heap after
{Heap after GC invocations=4 (full 0):
 garbage-first heap   total 131072K, used 23627K [0x0000000081400000, 0x0000000100000000)
  region size 1024K, 7 young (7168K), 7 survivors (7168K)
 Metaspace       used 31045K, capacity 31562K, committed 31872K, reserved 1077248K
  class space    used 3652K, capacity 3881K, committed 3968K, reserved 1048576K
}
Event: 6.904 GC heap before
{Heap before GC invocations=4 (full 0):
 garbage-first heap   total 131072K, used 73803K [0x0000000081400000, 0x0000000100000000)
  region size 1024K, 55 young (56320K), 7 survivors (7168K)
 Metaspace       used 34840K, capacity 35370K, committed 35456K, reserved 1081344K
  class space    used 4254K, capacity 4463K, committed 4480K, reserved 1048576K
}
Event: 6.933 GC heap after
{Heap after GC invocations=5 (full 0):
 garbage-first heap   total 131072K, used 26858K [0x0000000081400000, 0x0000000100000000)
  region size 1024K, 7 young (7168K), 7 survivors (7168K)
 Metaspace       used 34840K, capacity 35370K, committed 35456K, reserved 1081344K
  class space    used 4254K, capacity 4463K, committed 4480K, reserved 1048576K
}
Event: 6.970 GC heap before
{Heap before GC invocations=5 (full 0):
 garbage-first heap   total 131072K, used 27882K [0x0000000081400000, 0x0000000100000000)
  region size 1024K, 8 young (8192K), 7 survivors (7168K)
 Metaspace       used 35170K, capacity 35658K, committed 35840K, reserved 1081344K
  class space    used 4291K, capacity 4495K, committed 4608K, reserved 1048576K
}
Event: 6.986 GC heap after
{Heap after GC invocations=6 (full 0):
 garbage-first heap   total 157696K, used 28469K [0x0000000081400000, 0x0000000100000000)
  region size 1024K, 1 young (1024K), 1 survivors (1024K)
 Metaspace       used 35170K, capacity 35658K, committed 35840K, reserved 1081344K
  class space    used 4291K, capacity 4495K, committed 4608K, reserved 1048576K
}
Event: 6.989 GC heap before
{Heap before GC invocations=6 (full 0):
 garbage-first heap   total 157696K, used 28469K [0x0000000081400000, 0x0000000100000000)
  region size 1024K, 2 young (2048K), 1 survivors (1024K)
 Metaspace       used 35188K, capacity 35658K, committed 35840K, reserved 1081344K
  class space    used 4293K, capacity 4495K, committed 4608K, reserved 1048576K
}
Event: 6.990 GC heap after
{Heap after GC invocations=7 (full 0):
 garbage-first heap   total 157696K, used 27777K [0x0000000081400000, 0x0000000100000000)
  region size 1024K, 1 young (1024K), 1 survivors (1024K)
 Metaspace       used 35188K, capacity 35658K, committed 35840K, reserved 1081344K
  class space    used 4293K, capacity 4495K, committed 4608K, reserved 1048576K
}
Event: 8.880 GC heap before
{Heap before GC invocations=8 (full 0):
 garbage-first heap   total 157696K, used 85121K [0x0000000081400000, 0x0000000100000000)
  region size 1024K, 47 young (48128K), 1 survivors (1024K)
 Metaspace       used 43844K, capacity 44402K, committed 44672K, reserved 1089536K
  class space    used 5147K, capacity 5378K, committed 5504K, reserved 1048576K
}
Event: 8.890 GC heap after
{Heap after GC invocations=9 (full 0):
 garbage-first heap   total 157696K, used 33799K [0x0000000081400000, 0x0000000100000000)
  region size 1024K, 6 young (6144K), 6 survivors (6144K)
 Metaspace       used 43844K, capacity 44402K, committed 44672K, reserved 1089536K
  class space    used 5147K, capacity 5378K, committed 5504K, reserved 1048576K
}
Event: 12.085 GC heap before
{Heap before GC invocations=10 (full 0):
 garbage-first heap   total 157696K, used 90119K [0x0000000081400000, 0x0000000100000000)
  region size 1024K, 56 young (57344K), 6 survivors (6144K)
 Metaspace       used 54046K, capacity 54794K, committed 55040K, reserved 1097728K
  class space    used 6314K, capacity 6615K, committed 6656K, reserved 1048576K
}
Event: 12.102 GC heap after
{Heap after GC invocations=11 (full 0):
 garbage-first heap   total 157696K, used 45219K [0x0000000081400000, 0x0000000100000000)
  region size 1024K, 7 young (7168K), 7 survivors (7168K)
 Metaspace       used 54046K, capacity 54794K, committed 55040K, reserved 1097728K
  class space    used 6314K, capacity 6615K, committed 6656K, reserved 1048576K
}
Event: 15.296 GC heap before
{Heap before GC invocations=11 (full 0):
 garbage-first heap   total 157696K, used 100515K [0x0000000081400000, 0x0000000100000000)
  region size 1024K, 61 young (62464K), 7 survivors (7168K)
 Metaspace       used 56424K, capacity 57226K, committed 57472K, reserved 1099776K
  class space    used 6418K, capacity 6735K, committed 6784K, reserved 1048576K
}
Event: 15.317 GC heap after
{Heap after GC invocations=12 (full 0):
 garbage-first heap   total 157696K, used 49876K [0x0000000081400000, 0x0000000100000000)
  region size 1024K, 6 young (6144K), 6 survivors (6144K)
 Metaspace       used 56424K, capacity 57226K, committed 57472K, reserved 1099776K
  class space    used 6418K, capacity 6735K, committed 6784K, reserved 1048576K
}
Event: 19.369 GC heap before
{Heap before GC invocations=12 (full 0):
 garbage-first heap   total 157696K, used 110292K [0x0000000081400000, 0x0000000100000000)
  region size 1024K, 64 young (65536K), 6 survivors (6144K)
 Metaspace       used 60752K, capacity 61570K, committed 61696K, reserved 1103872K
  class space    used 6769K, capacity 7087K, committed 7168K, reserved 1048576K
}
Event: 19.397 GC heap after
{Heap after GC invocations=13 (full 0):
 garbage-first heap   total 157696K, used 57974K [0x0000000081400000, 0x0000000100000000)
  region size 1024K, 7 young (7168K), 7 survivors (7168K)
 Metaspace       used 60752K, capacity 61570K, committed 61696K, reserved 1103872K
  class space    used 6769K, capacity 7087K, committed 7168K, reserved 1048576K
}
Event: 24.049 GC heap before
{Heap before GC invocations=13 (full 0):
 garbage-first heap   total 157696K, used 113270K [0x0000000081400000, 0x0000000100000000)
  region size 1024K, 61 young (62464K), 7 survivors (7168K)
 Metaspace       used 63039K, capacity 63889K, committed 64128K, reserved 1105920K
  class space    used 6892K, capacity 7236K, committed 7296K, reserved 1048576K
}

