# JRE version: OpenJDK Runtime Environment 18.9 (11.0.15+10) (build 11.0.15+10)
# Java VM: OpenJDK 64-Bit Server VM 18.9 (11.0.15+10, mixed mode, tiered, compressed oops, g1 gc, windows-amd64)
Heap:
 garbage-first heap   total 227328K, used 150424K [0x0000000080000000, 0x0000000100000000)
  region size 1024K, 8 young (8192K), 5 survivors (5120K)
 Metaspace       used 119824K, capacity 123499K, committed 123848K, reserved 624640K
  class space    used 15429K, capacity 16901K, committed 17024K, reserved 516096K
GC Heap History (20 events):
Event: 411.898 GC heap after
{Heap after GC invocations=73 (full 0):
 garbage-first heap   total 131072K, used 110019K [0x0000000080000000, 0x0000000100000000)
  region size 1024K, 1 young (1024K), 1 survivors (1024K)
 Metaspace       used 112217K, capacity 115572K, committed 115912K, reserved 616448K
  class space    used 14337K, capacity 15621K, committed 15744K, reserved 516096K
}
Event: 412.090 GC heap before
{Heap before GC invocations=73 (full 0):
 garbage-first heap   total 131072K, used 114115K [0x0000000080000000, 0x0000000100000000)
  region size 1024K, 6 young (6144K), 1 survivors (1024K)
 Metaspace       used 112223K, capacity 115572K, committed 115912K, reserved 616448K
  class space    used 14337K, capacity 15621K, committed 15744K, reserved 516096K
}
Event: 412.095 GC heap after
{Heap after GC invocations=74 (full 0):
 garbage-first heap   total 157696K, used 110232K [0x0000000080000000, 0x0000000100000000)
  region size 1024K, 1 young (1024K), 1 survivors (1024K)
 Metaspace       used 112223K, capacity 115572K, committed 115912K, reserved 616448K
  class space    used 14337K, capacity 15621K, committed 15744K, reserved 516096K
}
Event: 412.801 GC heap before
{Heap before GC invocations=74 (full 0):
 garbage-first heap   total 157696K, used 124568K [0x0000000080000000, 0x0000000100000000)
  region size 1024K, 16 young (16384K), 1 survivors (1024K)
 Metaspace       used 112362K, capacity 115696K, committed 115912K, reserved 616448K
  class space    used 14350K, capacity 15634K, committed 15744K, reserved 516096K
}
Event: 412.805 GC heap after
{Heap after GC invocations=75 (full 0):
 garbage-first heap   total 157696K, used 110973K [0x0000000080000000, 0x0000000100000000)
  region size 1024K, 2 young (2048K), 2 survivors (2048K)
 Metaspace       used 112362K, capacity 115696K, committed 115912K, reserved 616448K
  class space    used 14350K, capacity 15634K, committed 15744K, reserved 516096K
}
Event: 413.678 GC heap before
{Heap before GC invocations=75 (full 0):
 garbage-first heap   total 157696K, used 134525K [0x0000000080000000, 0x0000000100000000)
  region size 1024K, 18 young (18432K), 2 survivors (2048K)
 Metaspace       used 112678K, capacity 116043K, committed 116168K, reserved 618496K
  class space    used 14399K, capacity 15707K, committed 15744K, reserved 516096K
}
Event: 413.687 GC heap after
{Heap after GC invocations=76 (full 0):
 garbage-first heap   total 157696K, used 115083K [0x0000000080000000, 0x0000000100000000)
  region size 1024K, 3 young (3072K), 3 survivors (3072K)
 Metaspace       used 112678K, capacity 116043K, committed 116168K, reserved 618496K
  class space    used 14399K, capacity 15707K, committed 15744K, reserved 516096K
}
Event: 414.596 GC heap before
{Heap before GC invocations=76 (full 0):
 garbage-first heap   total 157696K, used 129419K [0x0000000080000000, 0x0000000100000000)
  region size 1024K, 18 young (18432K), 3 survivors (3072K)
 Metaspace       used 113169K, capacity 116529K, committed 116808K, reserved 618496K
  class space    used 14478K, capacity 15785K, committed 15872K, reserved 516096K
}
Event: 414.604 GC heap after
{Heap after GC invocations=77 (full 0):
 garbage-first heap   total 157696K, used 117279K [0x0000000080000000, 0x0000000100000000)
  region size 1024K, 3 young (3072K), 3 survivors (3072K)
 Metaspace       used 113169K, capacity 116529K, committed 116808K, reserved 618496K
  class space    used 14478K, capacity 15785K, committed 15872K, reserved 516096K
}
Event: 415.415 GC heap before
{Heap before GC invocations=77 (full 0):
 garbage-first heap   total 157696K, used 130591K [0x0000000080000000, 0x0000000100000000)
  region size 1024K, 17 young (17408K), 3 survivors (3072K)
 Metaspace       used 114153K, capacity 117523K, committed 117704K, reserved 618496K
  class space    used 14601K, capacity 15924K, committed 16000K, reserved 516096K
}
Event: 415.422 GC heap after
{Heap after GC invocations=78 (full 0):
 garbage-first heap   total 189440K, used 120343K [0x0000000080000000, 0x0000000100000000)
  region size 1024K, 3 young (3072K), 3 survivors (3072K)
 Metaspace       used 114153K, capacity 117523K, committed 117704K, reserved 618496K
  class space    used 14601K, capacity 15924K, committed 16000K, reserved 516096K
}
Event: 415.715 GC heap before
{Heap before GC invocations=78 (full 0):
 garbage-first heap   total 189440K, used 145943K [0x0000000080000000, 0x0000000100000000)
  region size 1024K, 29 young (29696K), 3 survivors (3072K)
 Metaspace       used 114535K, capacity 117901K, committed 117960K, reserved 618496K
  class space    used 14649K, capacity 15964K, committed 16000K, reserved 516096K
}
Event: 415.721 GC heap after
{Heap after GC invocations=79 (full 0):
 garbage-first heap   total 189440K, used 125246K [0x0000000080000000, 0x0000000100000000)
  region size 1024K, 4 young (4096K), 4 survivors (4096K)
 Metaspace       used 114535K, capacity 117901K, committed 117960K, reserved 618496K
  class space    used 14649K, capacity 15964K, committed 16000K, reserved 516096K
}
Event: 416.448 GC heap before
{Heap before GC invocations=79 (full 0):
 garbage-first heap   total 189440K, used 149822K [0x0000000080000000, 0x0000000100000000)
  region size 1024K, 28 young (28672K), 4 survivors (4096K)
 Metaspace       used 116352K, capacity 119872K, committed 120136K, reserved 620544K
  class space    used 14895K, capacity 16263K, committed 16384K, reserved 516096K
}
Event: 416.458 GC heap after
{Heap after GC invocations=80 (full 0):
 garbage-first heap   total 189440K, used 126843K [0x0000000080000000, 0x0000000100000000)
  region size 1024K, 4 young (4096K), 4 survivors (4096K)
 Metaspace       used 116352K, capacity 119872K, committed 120136K, reserved 620544K
  class space    used 14895K, capacity 16263K, committed 16384K, reserved 516096K
}
Event: 416.837 GC heap before
{Heap before GC invocations=80 (full 0):
 garbage-first heap   total 189440K, used 150395K [0x0000000080000000, 0x0000000100000000)
  region size 1024K, 28 young (28672K), 4 survivors (4096K)
 Metaspace       used 116525K, capacity 119977K, committed 120136K, reserved 620544K
  class space    used 14925K, capacity 16277K, committed 16384K, reserved 516096K
}
Event: 416.853 GC heap after
{Heap after GC invocations=81 (full 0):
 garbage-first heap   total 189440K, used 132779K [0x0000000080000000, 0x0000000100000000)
  region size 1024K, 4 young (4096K), 4 survivors (4096K)
 Metaspace       used 116525K, capacity 119977K, committed 120136K, reserved 620544K
  class space    used 14925K, capacity 16277K, committed 16384K, reserved 516096K
}
Event: 417.060 GC heap before
{Heap before GC invocations=81 (full 0):
 garbage-first heap   total 189440K, used 154283K [0x0000000080000000, 0x0000000100000000)
  region size 1024K, 25 young (25600K), 4 survivors (4096K)
 Metaspace       used 117095K, capacity 120641K, committed 120776K, reserved 620544K
  class space    used 15015K, capacity 16394K, committed 16512K, reserved 516096K
}
Event: 417.080 GC heap after
{Heap after GC invocations=82 (full 0):
 garbage-first heap   total 227328K, used 138945K [0x0000000080000000, 0x0000000100000000)
  region size 1024K, 4 young (4096K), 4 survivors (4096K)
 Metaspace       used 117095K, capacity 120641K, committed 120776K, reserved 620544K
  class space    used 15015K, capacity 16394K, committed 16512K, reserved 516096K
}
Event: 417.510 GC heap before
{Heap before GC invocations=82 (full 0):
 garbage-first heap   total 227328K, used 169665K [0x0000000080000000, 0x0000000100000000)
  region size 1024K, 34 young (34816K), 4 survivors (4096K)
 Metaspace       used 118942K, capacity 122603K, committed 122824K, reserved 622592K
  class space    used 15268K, capacity 16712K, committed 16768K, reserved 516096K
}

