# JRE version: OpenJDK Runtime Environment 18.9 (11.0.15+10) (build 11.0.15+10)
# Java VM: OpenJDK 64-Bit Server VM 18.9 (11.0.15+10, mixed mode, tiered, compressed oops, g1 gc, windows-amd64)
Heap:
 garbage-first heap   total 276480K, used 143360K [0x0000000080000000, 0x0000000100000000)
  region size 1024K, 3 young (3072K), 3 survivors (3072K)
 Metaspace       used 103042K, capacity 106023K, committed 106192K, reserved 608256K
  class space    used 13384K, capacity 14604K, committed 14720K, reserved 516096K
GC Heap History (20 events):
Event: 54.390 GC heap after
{Heap after GC invocations=34 (full 0):
 garbage-first heap   total 157696K, used 110592K [0x0000000080000000, 0x0000000100000000)
  region size 1024K, 4 young (4096K), 4 survivors (4096K)
 Metaspace       used 98098K, capacity 100896K, committed 101328K, reserved 604160K
  class space    used 12678K, capacity 13780K, committed 13952K, reserved 516096K
}
Event: 54.685 GC heap before
{Heap before GC invocations=34 (full 0):
 garbage-first heap   total 157696K, used 131072K [0x0000000080000000, 0x0000000100000000)
  region size 1024K, 25 young (25600K), 4 survivors (4096K)
 Metaspace       used 99140K, capacity 101970K, committed 102224K, reserved 606208K
  class space    used 12846K, capacity 13975K, committed 14080K, reserved 516096K
}
Event: 54.692 GC heap after
{Heap after GC invocations=35 (full 0):
 garbage-first heap   total 157696K, used 112455K [0x0000000080000000, 0x0000000100000000)
  region size 1024K, 4 young (4096K), 4 survivors (4096K)
 Metaspace       used 99140K, capacity 101970K, committed 102224K, reserved 606208K
  class space    used 12846K, capacity 13975K, committed 14080K, reserved 516096K
}
Event: 55.255 GC heap before
{Heap before GC invocations=35 (full 0):
 garbage-first heap   total 157696K, used 130887K [0x0000000080000000, 0x0000000100000000)
  region size 1024K, 23 young (23552K), 4 survivors (4096K)
 Metaspace       used 100376K, capacity 103184K, committed 103376K, reserved 606208K
  class space    used 12990K, capacity 14120K, committed 14208K, reserved 516096K
}
Event: 55.266 GC heap after
{Heap after GC invocations=36 (full 0):
 garbage-first heap   total 157696K, used 114451K [0x0000000080000000, 0x0000000100000000)
  region size 1024K, 3 young (3072K), 3 survivors (3072K)
 Metaspace       used 100376K, capacity 103184K, committed 103376K, reserved 606208K
  class space    used 12990K, capacity 14120K, committed 14208K, reserved 516096K
}
Event: 55.448 GC heap before
{Heap before GC invocations=37 (full 0):
 garbage-first heap   total 157696K, used 131859K [0x0000000080000000, 0x0000000100000000)
  region size 1024K, 21 young (21504K), 3 survivors (3072K)
 Metaspace       used 100569K, capacity 103450K, committed 103632K, reserved 606208K
  class space    used 13018K, capacity 14165K, committed 14208K, reserved 516096K
}
Event: 55.464 GC heap after
{Heap after GC invocations=38 (full 0):
 garbage-first heap   total 157696K, used 119808K [0x0000000080000000, 0x0000000100000000)
  region size 1024K, 3 young (3072K), 3 survivors (3072K)
 Metaspace       used 100569K, capacity 103450K, committed 103632K, reserved 606208K
  class space    used 13018K, capacity 14165K, committed 14208K, reserved 516096K
}
Event: 55.564 GC heap before
{Heap before GC invocations=38 (full 0):
 garbage-first heap   total 157696K, used 133120K [0x0000000080000000, 0x0000000100000000)
  region size 1024K, 16 young (16384K), 3 survivors (3072K)
 Metaspace       used 100777K, capacity 103663K, committed 103888K, reserved 606208K
  class space    used 13058K, capacity 14196K, committed 14208K, reserved 516096K
}
Event: 55.577 GC heap after
{Heap after GC invocations=39 (full 0):
 garbage-first heap   total 157696K, used 123334K [0x0000000080000000, 0x0000000100000000)
  region size 1024K, 2 young (2048K), 2 survivors (2048K)
 Metaspace       used 100777K, capacity 103663K, committed 103888K, reserved 606208K
  class space    used 13058K, capacity 14196K, committed 14208K, reserved 516096K
}
Event: 55.853 GC heap before
{Heap before GC invocations=39 (full 0):
 garbage-first heap   total 157696K, used 133574K [0x0000000080000000, 0x0000000100000000)
  region size 1024K, 12 young (12288K), 2 survivors (2048K)
 Metaspace       used 101235K, capacity 104148K, committed 104272K, reserved 606208K
  class space    used 13125K, capacity 14272K, committed 14336K, reserved 516096K
}
Event: 55.866 GC heap after
{Heap after GC invocations=40 (full 0):
 garbage-first heap   total 157696K, used 125749K [0x0000000080000000, 0x0000000100000000)
  region size 1024K, 2 young (2048K), 2 survivors (2048K)
 Metaspace       used 101235K, capacity 104148K, committed 104272K, reserved 606208K
  class space    used 13125K, capacity 14272K, committed 14336K, reserved 516096K
}
Event: 56.043 GC heap before
{Heap before GC invocations=40 (full 0):
 garbage-first heap   total 157696K, used 134965K [0x0000000080000000, 0x0000000100000000)
  region size 1024K, 11 young (11264K), 2 survivors (2048K)
 Metaspace       used 101349K, capacity 104266K, committed 104528K, reserved 608256K
  class space    used 13116K, capacity 14264K, committed 14336K, reserved 516096K
}
Event: 56.056 GC heap after
{Heap after GC invocations=41 (full 0):
 garbage-first heap   total 189440K, used 127875K [0x0000000080000000, 0x0000000100000000)
  region size 1024K, 2 young (2048K), 2 survivors (2048K)
 Metaspace       used 101349K, capacity 104266K, committed 104528K, reserved 608256K
  class space    used 13116K, capacity 14264K, committed 14336K, reserved 516096K
}
Event: 56.390 GC heap before
{Heap before GC invocations=42 (full 0):
 garbage-first heap   total 189440K, used 148355K [0x0000000080000000, 0x0000000100000000)
  region size 1024K, 22 young (22528K), 2 survivors (2048K)
 Metaspace       used 102030K, capacity 104941K, committed 105168K, reserved 608256K
  class space    used 13218K, capacity 14360K, committed 14464K, reserved 516096K
}
Event: 56.408 GC heap after
{Heap after GC invocations=43 (full 0):
 garbage-first heap   total 189440K, used 132523K [0x0000000080000000, 0x0000000100000000)
  region size 1024K, 3 young (3072K), 3 survivors (3072K)
 Metaspace       used 102030K, capacity 104941K, committed 105168K, reserved 608256K
  class space    used 13218K, capacity 14360K, committed 14464K, reserved 516096K
}
Event: 56.613 GC heap before
{Heap before GC invocations=43 (full 0):
 garbage-first heap   total 189440K, used 151979K [0x0000000080000000, 0x0000000100000000)
  region size 1024K, 22 young (22528K), 3 survivors (3072K)
 Metaspace       used 102730K, capacity 105727K, committed 105808K, reserved 608256K
  class space    used 13332K, capacity 14537K, committed 14592K, reserved 516096K
}
Event: 56.629 GC heap after
{Heap after GC invocations=44 (full 0):
 garbage-first heap   total 189440K, used 136192K [0x0000000080000000, 0x0000000100000000)
  region size 1024K, 3 young (3072K), 3 survivors (3072K)
 Metaspace       used 102730K, capacity 105727K, committed 105808K, reserved 608256K
  class space    used 13332K, capacity 14537K, committed 14592K, reserved 516096K
}
Event: 56.836 GC heap before
{Heap before GC invocations=44 (full 0):
 garbage-first heap   total 189440K, used 153600K [0x0000000080000000, 0x0000000100000000)
  region size 1024K, 21 young (21504K), 3 survivors (3072K)
 Metaspace       used 103003K, capacity 106010K, committed 106192K, reserved 608256K
  class space    used 13379K, capacity 14601K, committed 14720K, reserved 516096K
}
Event: 56.851 GC heap after
{Heap after GC invocations=45 (full 0):
 garbage-first heap   total 189440K, used 139911K [0x0000000080000000, 0x0000000100000000)
  region size 1024K, 3 young (3072K), 3 survivors (3072K)
 Metaspace       used 103003K, capacity 106010K, committed 106192K, reserved 608256K
  class space    used 13379K, capacity 14601K, committed 14720K, reserved 516096K
}
Event: 57.021 GC heap before
{Heap before GC invocations=45 (full 0):
 garbage-first heap   total 189440K, used 157319K [0x0000000080000000, 0x0000000100000000)
  region size 1024K, 20 young (20480K), 3 survivors (3072K)
 Metaspace       used 103042K, capacity 106023K, committed 106192K, reserved 608256K
  class space    used 13384K, capacity 14604K, committed 14720K, reserved 516096K
}

