# JRE version: OpenJDK Runtime Environment 18.9 (11.0.15+10) (build 11.0.15+10)
# Java VM: OpenJDK 64-Bit Server VM 18.9 (11.0.15+10, mixed mode, tiered, compressed oops, g1 gc, windows-amd64)
Heap:
 garbage-first heap   total 759808K, used 236745K [0x0000000080000000, 0x0000000100000000)
  region size 1024K, 13 young (13312K), 13 survivors (13312K)
 Metaspace       used 111310K, capacity 114594K, committed 114824K, reserved 616448K
  class space    used 14305K, capacity 15637K, committed 15744K, reserved 516096K
GC Heap History (20 events):
Event: 116.196 GC heap after
{Heap after GC invocations=80 (full 0):
 garbage-first heap   total 465920K, used 203484K [0x0000000080000000, 0x0000000100000000)
  region size 1024K, 19 young (19456K), 19 survivors (19456K)
 Metaspace       used 111157K, capacity 114482K, committed 114824K, reserved 616448K
  class space    used 14295K, capacity 15621K, committed 15744K, reserved 516096K
}
Event: 117.223 GC heap before
{Heap before GC invocations=80 (full 0):
 garbage-first heap   total 465920K, used 382684K [0x0000000080000000, 0x0000000100000000)
  region size 1024K, 195 young (199680K), 19 survivors (19456K)
 Metaspace       used 111162K, capacity 114482K, committed 114824K, reserved 616448K
  class space    used 14295K, capacity 15621K, committed 15744K, reserved 516096K
}
Event: 117.270 GC heap after
{Heap after GC invocations=81 (full 0):
 garbage-first heap   total 465920K, used 212925K [0x0000000080000000, 0x0000000100000000)
  region size 1024K, 19 young (19456K), 19 survivors (19456K)
 Metaspace       used 111162K, capacity 114482K, committed 114824K, reserved 616448K
  class space    used 14295K, capacity 15621K, committed 15744K, reserved 516096K
}
Event: 117.859 GC heap before
{Heap before GC invocations=81 (full 0):
 garbage-first heap   total 465920K, used 378813K [0x0000000080000000, 0x0000000100000000)
  region size 1024K, 182 young (186368K), 19 survivors (19456K)
 Metaspace       used 111169K, capacity 114483K, committed 114824K, reserved 616448K
  class space    used 14295K, capacity 15621K, committed 15744K, reserved 516096K
}
Event: 117.928 GC heap after
{Heap after GC invocations=82 (full 0):
 garbage-first heap   total 465920K, used 231237K [0x0000000080000000, 0x0000000100000000)
  region size 1024K, 19 young (19456K), 19 survivors (19456K)
 Metaspace       used 111169K, capacity 114483K, committed 114824K, reserved 616448K
  class space    used 14295K, capacity 15621K, committed 15744K, reserved 516096K
}
Event: 118.784 GC heap before
{Heap before GC invocations=82 (full 0):
 garbage-first heap   total 465920K, used 377669K [0x0000000080000000, 0x0000000100000000)
  region size 1024K, 163 young (166912K), 19 survivors (19456K)
 Metaspace       used 111197K, capacity 114509K, committed 114824K, reserved 616448K
  class space    used 14300K, capacity 15630K, committed 15744K, reserved 516096K
}
Event: 118.852 GC heap after
{Heap after GC invocations=83 (full 0):
 garbage-first heap   total 465920K, used 236544K [0x0000000080000000, 0x0000000100000000)
  region size 1024K, 6 young (6144K), 6 survivors (6144K)
 Metaspace       used 111197K, capacity 114509K, committed 114824K, reserved 616448K
  class space    used 14300K, capacity 15630K, committed 15744K, reserved 516096K
}
Event: 119.435 GC heap before
{Heap before GC invocations=83 (full 0):
 garbage-first heap   total 465920K, used 384000K [0x0000000080000000, 0x0000000100000000)
  region size 1024K, 151 young (154624K), 6 survivors (6144K)
 Metaspace       used 111205K, capacity 114511K, committed 114824K, reserved 616448K
  class space    used 14300K, capacity 15630K, committed 15744K, reserved 516096K
}
Event: 119.458 GC heap after
{Heap after GC invocations=84 (full 0):
 garbage-first heap   total 547840K, used 242972K [0x0000000080000000, 0x0000000100000000)
  region size 1024K, 12 young (12288K), 12 survivors (12288K)
 Metaspace       used 111205K, capacity 114511K, committed 114824K, reserved 616448K
  class space    used 14300K, capacity 15630K, committed 15744K, reserved 516096K
}
Event: 121.273 GC heap before
{Heap before GC invocations=85 (full 0):
 garbage-first heap   total 547840K, used 449820K [0x0000000080000000, 0x0000000100000000)
  region size 1024K, 214 young (219136K), 12 survivors (12288K)
 Metaspace       used 111186K, capacity 114473K, committed 114824K, reserved 616448K
  class space    used 14293K, capacity 15618K, committed 15744K, reserved 516096K
}
Event: 121.365 GC heap after
{Heap after GC invocations=86 (full 0):
 garbage-first heap   total 547840K, used 248832K [0x0000000080000000, 0x0000000100000000)
  region size 1024K, 18 young (18432K), 18 survivors (18432K)
 Metaspace       used 111186K, capacity 114473K, committed 114824K, reserved 616448K
  class space    used 14293K, capacity 15618K, committed 15744K, reserved 516096K
}
Event: 121.389 GC heap before
{Heap before GC invocations=86 (full 0):
 garbage-first heap   total 547840K, used 257024K [0x0000000080000000, 0x0000000100000000)
  region size 1024K, 26 young (26624K), 18 survivors (18432K)
 Metaspace       used 111186K, capacity 114473K, committed 114824K, reserved 616448K
  class space    used 14293K, capacity 15618K, committed 15744K, reserved 516096K
}
Event: 121.559 GC heap after
{Heap after GC invocations=87 (full 0):
 garbage-first heap   total 547840K, used 212811K [0x0000000080000000, 0x0000000100000000)
  region size 1024K, 2 young (2048K), 2 survivors (2048K)
 Metaspace       used 111186K, capacity 114473K, committed 114824K, reserved 616448K
  class space    used 14293K, capacity 15618K, committed 15744K, reserved 516096K
}
Event: 122.546 GC heap before
{Heap before GC invocations=87 (full 0):
 garbage-first heap   total 547840K, used 448331K [0x0000000080000000, 0x0000000100000000)
  region size 1024K, 232 young (237568K), 2 survivors (2048K)
 Metaspace       used 111191K, capacity 114477K, committed 114824K, reserved 616448K
  class space    used 14293K, capacity 15619K, committed 15744K, reserved 516096K
}
Event: 122.565 GC heap after
{Heap after GC invocations=88 (full 0):
 garbage-first heap   total 547840K, used 213662K [0x0000000080000000, 0x0000000100000000)
  region size 1024K, 3 young (3072K), 3 survivors (3072K)
 Metaspace       used 111191K, capacity 114477K, committed 114824K, reserved 616448K
  class space    used 14293K, capacity 15619K, committed 15744K, reserved 516096K
}
Event: 123.590 GC heap before
{Heap before GC invocations=88 (full 0):
 garbage-first heap   total 547840K, used 456350K [0x0000000080000000, 0x0000000100000000)
  region size 1024K, 241 young (246784K), 3 survivors (3072K)
 Metaspace       used 111230K, capacity 114548K, committed 114824K, reserved 616448K
  class space    used 14296K, capacity 15621K, committed 15744K, reserved 516096K
}
Event: 123.634 GC heap after
{Heap after GC invocations=89 (full 0):
 garbage-first heap   total 547840K, used 228962K [0x0000000080000000, 0x0000000100000000)
  region size 1024K, 18 young (18432K), 18 survivors (18432K)
 Metaspace       used 111230K, capacity 114548K, committed 114824K, reserved 616448K
  class space    used 14296K, capacity 15621K, committed 15744K, reserved 516096K
}
Event: 124.485 GC heap before
{Heap before GC invocations=89 (full 0):
 garbage-first heap   total 547840K, used 456290K [0x0000000080000000, 0x0000000100000000)
  region size 1024K, 239 young (244736K), 18 survivors (18432K)
 Metaspace       used 111289K, capacity 114583K, committed 114824K, reserved 616448K
  class space    used 14303K, capacity 15633K, committed 15744K, reserved 516096K
}
Event: 124.523 GC heap after
{Heap after GC invocations=90 (full 0):
 garbage-first heap   total 547840K, used 230601K [0x0000000080000000, 0x0000000100000000)
  region size 1024K, 7 young (7168K), 7 survivors (7168K)
 Metaspace       used 111289K, capacity 114583K, committed 114824K, reserved 616448K
  class space    used 14303K, capacity 15633K, committed 15744K, reserved 516096K
}
Event: 125.257 GC heap before
{Heap before GC invocations=90 (full 0):
 garbage-first heap   total 547840K, used 458953K [0x0000000080000000, 0x0000000100000000)
  region size 1024K, 230 young (235520K), 7 survivors (7168K)
 Metaspace       used 111310K, capacity 114594K, committed 114824K, reserved 616448K
  class space    used 14305K, capacity 15637K, committed 15744K, reserved 516096K
}

