# JRE version: OpenJDK Runtime Environment 18.9 (11.0.15+10) (build 11.0.15+10)
# Java VM: OpenJDK 64-Bit Server VM 18.9 (11.0.15+10, mixed mode, tiered, compressed oops, g1 gc, windows-amd64)
Heap:
 garbage-first heap   total 157696K, used 65084K [0x0000000080000000, 0x0000000100000000)
  region size 1024K, 10 young (10240K), 7 survivors (7168K)
 Metaspace       used 74339K, capacity 76501K, committed 76624K, reserved 598016K
  class space    used 9541K, capacity 10418K, committed 10496K, reserved 516096K
GC Heap History (20 events):
Event: 7.012 GC heap before
{Heap before GC invocations=3 (full 0):
 garbage-first heap   total 131072K, used 60369K [0x0000000080000000, 0x0000000100000000)
  region size 1024K, 52 young (53248K), 6 survivors (6144K)
 Metaspace       used 20737K, capacity 21173K, committed 21296K, reserved 536576K
  class space    used 2480K, capacity 2659K, committed 2688K, reserved 516096K
}
Event: 7.028 GC heap after
{Heap after GC invocations=4 (full 0):
 garbage-first heap   total 131072K, used 17163K [0x0000000080000000, 0x0000000100000000)
  region size 1024K, 3 young (3072K), 3 survivors (3072K)
 Metaspace       used 20737K, capacity 21173K, committed 21296K, reserved 536576K
  class space    used 2480K, capacity 2659K, committed 2688K, reserved 516096K
}
Event: 8.860 GC heap before
{Heap before GC invocations=5 (full 0):
 garbage-first heap   total 131072K, used 73483K [0x0000000080000000, 0x0000000100000000)
  region size 1024K, 58 young (59392K), 3 survivors (3072K)
 Metaspace       used 26750K, capacity 27349K, committed 27440K, reserved 540672K
  class space    used 3411K, capacity 3639K, committed 3712K, reserved 516096K
}
Event: 8.876 GC heap after
{Heap after GC invocations=6 (full 0):
 garbage-first heap   total 131072K, used 19121K [0x0000000080000000, 0x0000000100000000)
  region size 1024K, 5 young (5120K), 5 survivors (5120K)
 Metaspace       used 26750K, capacity 27349K, committed 27440K, reserved 540672K
  class space    used 3411K, capacity 3639K, committed 3712K, reserved 516096K
}
Event: 10.999 GC heap before
{Heap before GC invocations=6 (full 0):
 garbage-first heap   total 131072K, used 71345K [0x0000000080000000, 0x0000000100000000)
  region size 1024K, 57 young (58368K), 5 survivors (5120K)
 Metaspace       used 34918K, capacity 35720K, committed 35920K, reserved 548864K
  class space    used 4428K, capacity 4750K, committed 4864K, reserved 516096K
}
Event: 11.020 GC heap after
{Heap after GC invocations=7 (full 0):
 garbage-first heap   total 131072K, used 22726K [0x0000000080000000, 0x0000000100000000)
  region size 1024K, 6 young (6144K), 6 survivors (6144K)
 Metaspace       used 34918K, capacity 35720K, committed 35920K, reserved 548864K
  class space    used 4428K, capacity 4750K, committed 4864K, reserved 516096K
}
Event: 13.355 GC heap before
{Heap before GC invocations=8 (full 0):
 garbage-first heap   total 131072K, used 87238K [0x0000000080000000, 0x0000000100000000)
  region size 1024K, 66 young (67584K), 6 survivors (6144K)
 Metaspace       used 40114K, capacity 41146K, committed 41424K, reserved 552960K
  class space    used 5005K, capacity 5383K, committed 5504K, reserved 516096K
}
Event: 13.375 GC heap after
{Heap after GC invocations=9 (full 0):
 garbage-first heap   total 157696K, used 27772K [0x0000000080000000, 0x0000000100000000)
  region size 1024K, 9 young (9216K), 9 survivors (9216K)
 Metaspace       used 40114K, capacity 41146K, committed 41424K, reserved 552960K
  class space    used 5005K, capacity 5383K, committed 5504K, reserved 516096K
}
Event: 24.060 GC heap before
{Heap before GC invocations=9 (full 0):
 garbage-first heap   total 157696K, used 102524K [0x0000000080000000, 0x0000000100000000)
  region size 1024K, 82 young (83968K), 9 survivors (9216K)
 Metaspace       used 46082K, capacity 47348K, committed 47696K, reserved 559104K
  class space    used 5827K, capacity 6282K, committed 6400K, reserved 516096K
}
Event: 24.085 GC heap after
{Heap after GC invocations=10 (full 0):
 garbage-first heap   total 157696K, used 30999K [0x0000000080000000, 0x0000000100000000)
  region size 1024K, 9 young (9216K), 9 survivors (9216K)
 Metaspace       used 46082K, capacity 47348K, committed 47696K, reserved 559104K
  class space    used 5827K, capacity 6282K, committed 6400K, reserved 516096K
}
Event: 27.599 GC heap before
{Heap before GC invocations=10 (full 0):
 garbage-first heap   total 157696K, used 120087K [0x0000000080000000, 0x0000000100000000)
  region size 1024K, 92 young (94208K), 9 survivors (9216K)
 Metaspace       used 53396K, capacity 54821K, committed 54864K, reserved 565248K
  class space    used 6793K, capacity 7387K, committed 7424K, reserved 516096K
}
Event: 27.625 GC heap after
{Heap after GC invocations=11 (full 0):
 garbage-first heap   total 157696K, used 39713K [0x0000000080000000, 0x0000000100000000)
  region size 1024K, 9 young (9216K), 9 survivors (9216K)
 Metaspace       used 53396K, capacity 54821K, committed 54864K, reserved 565248K
  class space    used 6793K, capacity 7387K, committed 7424K, reserved 516096K
}
Event: 29.766 GC heap before
{Heap before GC invocations=11 (full 0):
 garbage-first heap   total 157696K, used 103201K [0x0000000080000000, 0x0000000100000000)
  region size 1024K, 72 young (73728K), 9 survivors (9216K)
 Metaspace       used 58524K, capacity 60079K, committed 60240K, reserved 569344K
  class space    used 7547K, capacity 8180K, committed 8192K, reserved 516096K
}
Event: 29.793 GC heap after
{Heap after GC invocations=12 (full 0):
 garbage-first heap   total 157696K, used 42131K [0x0000000080000000, 0x0000000100000000)
  region size 1024K, 8 young (8192K), 8 survivors (8192K)
 Metaspace       used 58524K, capacity 60079K, committed 60240K, reserved 569344K
  class space    used 7547K, capacity 8180K, committed 8192K, reserved 516096K
}
Event: 32.111 GC heap before
{Heap before GC invocations=13 (full 0):
 garbage-first heap   total 157696K, used 125075K [0x0000000080000000, 0x0000000100000000)
  region size 1024K, 89 young (91136K), 8 survivors (8192K)
 Metaspace       used 63912K, capacity 65747K, committed 66000K, reserved 573440K
  class space    used 8265K, capacity 9010K, committed 9088K, reserved 516096K
}
Event: 32.134 GC heap after
{Heap after GC invocations=14 (full 0):
 garbage-first heap   total 157696K, used 45701K [0x0000000080000000, 0x0000000100000000)
  region size 1024K, 6 young (6144K), 6 survivors (6144K)
 Metaspace       used 63912K, capacity 65747K, committed 66000K, reserved 573440K
  class space    used 8265K, capacity 9010K, committed 9088K, reserved 516096K
}
Event: 36.068 GC heap before
{Heap before GC invocations=14 (full 0):
 garbage-first heap   total 157696K, used 126597K [0x0000000080000000, 0x0000000100000000)
  region size 1024K, 85 young (87040K), 6 survivors (6144K)
 Metaspace       used 68972K, capacity 71073K, committed 71248K, reserved 579584K
  class space    used 8896K, capacity 9719K, committed 9728K, reserved 516096K
}
Event: 36.106 GC heap after
{Heap after GC invocations=15 (full 0):
 garbage-first heap   total 157696K, used 53695K [0x0000000080000000, 0x0000000100000000)
  region size 1024K, 11 young (11264K), 11 survivors (11264K)
 Metaspace       used 68972K, capacity 71073K, committed 71248K, reserved 579584K
  class space    used 8896K, capacity 9719K, committed 9728K, reserved 516096K
}
Event: 37.743 GC heap before
{Heap before GC invocations=15 (full 0):
 garbage-first heap   total 157696K, used 102847K [0x0000000080000000, 0x0000000100000000)
  region size 1024K, 58 young (59392K), 11 survivors (11264K)
 Metaspace       used 73785K, capacity 75925K, committed 75984K, reserved 589824K
  class space    used 9498K, capacity 10354K, committed 10368K, reserved 516096K
}
Event: 37.774 GC heap after
{Heap after GC invocations=16 (full 0):
 garbage-first heap   total 157696K, used 63036K [0x0000000080000000, 0x0000000100000000)
  region size 1024K, 7 young (7168K), 7 survivors (7168K)
 Metaspace       used 73785K, capacity 75925K, committed 75984K, reserved 589824K
  class space    used 9498K, capacity 10354K, committed 10368K, reserved 516096K
}

