# JRE version: OpenJDK Runtime Environment 18.9 (11.0.15+10) (build 11.0.15+10)
# Java VM: OpenJDK 64-Bit Server VM 18.9 (11.0.15+10, mixed mode, tiered, compressed oops, g1 gc, windows-amd64)
Heap:
 garbage-first heap   total 258048K, used 189895K [0x0000000080000000, 0x0000000100000000)
  region size 1024K, 46 young (47104K), 6 survivors (6144K)
 Metaspace       used 108983K, capacity 112240K, committed 112264K, reserved 614400K
  class space    used 14196K, capacity 15474K, committed 15488K, reserved 516096K
GC Heap History (20 events):
Event: 54.694 GC heap before
{Heap before GC invocations=40 (full 0):
 garbage-first heap   total 157696K, used 132718K [0x0000000080000000, 0x0000000100000000)
  region size 1024K, 15 young (15360K), 3 survivors (3072K)
 Metaspace       used 101437K, capacity 104423K, committed 104712K, reserved 608256K
  class space    used 13143K, capacity 14299K, committed 14336K, reserved 516096K
}
Event: 54.714 GC heap after
{Heap after GC invocations=41 (full 0):
 garbage-first heap   total 157696K, used 123441K [0x0000000080000000, 0x0000000100000000)
  region size 1024K, 2 young (2048K), 2 survivors (2048K)
 Metaspace       used 101437K, capacity 104423K, committed 104712K, reserved 608256K
  class space    used 13143K, capacity 14299K, committed 14336K, reserved 516096K
}
Event: 54.914 GC heap before
{Heap before GC invocations=42 (full 0):
 garbage-first heap   total 157696K, used 134705K [0x0000000080000000, 0x0000000100000000)
  region size 1024K, 13 young (13312K), 2 survivors (2048K)
 Metaspace       used 102010K, capacity 104946K, committed 105096K, reserved 608256K
  class space    used 13212K, capacity 14366K, committed 14464K, reserved 516096K
}
Event: 54.927 GC heap after
{Heap after GC invocations=43 (full 0):
 garbage-first heap   total 157696K, used 126328K [0x0000000080000000, 0x0000000100000000)
  region size 1024K, 2 young (2048K), 2 survivors (2048K)
 Metaspace       used 102010K, capacity 104946K, committed 105096K, reserved 608256K
  class space    used 13212K, capacity 14366K, committed 14464K, reserved 516096K
}
Event: 54.996 GC heap before
{Heap before GC invocations=43 (full 0):
 garbage-first heap   total 157696K, used 135544K [0x0000000080000000, 0x0000000100000000)
  region size 1024K, 11 young (11264K), 2 survivors (2048K)
 Metaspace       used 102239K, capacity 105172K, committed 105352K, reserved 608256K
  class space    used 13252K, capacity 14398K, committed 14464K, reserved 516096K
}
Event: 55.007 GC heap after
{Heap after GC invocations=44 (full 0):
 garbage-first heap   total 189440K, used 128450K [0x0000000080000000, 0x0000000100000000)
  region size 1024K, 2 young (2048K), 2 survivors (2048K)
 Metaspace       used 102239K, capacity 105172K, committed 105352K, reserved 608256K
  class space    used 13252K, capacity 14398K, committed 14464K, reserved 516096K
}
Event: 55.537 GC heap before
{Heap before GC invocations=44 (full 0):
 garbage-first heap   total 189440K, used 146882K [0x0000000080000000, 0x0000000100000000)
  region size 1024K, 20 young (20480K), 2 survivors (2048K)
 Metaspace       used 102965K, capacity 105947K, committed 106248K, reserved 608256K
  class space    used 13349K, capacity 14542K, committed 14592K, reserved 516096K
}
Event: 55.550 GC heap after
{Heap after GC invocations=45 (full 0):
 garbage-first heap   total 189440K, used 131285K [0x0000000080000000, 0x0000000100000000)
  region size 1024K, 3 young (3072K), 3 survivors (3072K)
 Metaspace       used 102965K, capacity 105947K, committed 106248K, reserved 608256K
  class space    used 13349K, capacity 14542K, committed 14592K, reserved 516096K
}
Event: 55.753 GC heap before
{Heap before GC invocations=46 (full 0):
 garbage-first heap   total 189440K, used 149717K [0x0000000080000000, 0x0000000100000000)
  region size 1024K, 21 young (21504K), 3 survivors (3072K)
 Metaspace       used 103471K, capacity 106492K, committed 106632K, reserved 608256K
  class space    used 13437K, capacity 14658K, committed 14720K, reserved 516096K
}
Event: 55.768 GC heap after
{Heap after GC invocations=47 (full 0):
 garbage-first heap   total 189440K, used 134593K [0x0000000080000000, 0x0000000100000000)
  region size 1024K, 3 young (3072K), 3 survivors (3072K)
 Metaspace       used 103471K, capacity 106492K, committed 106632K, reserved 608256K
  class space    used 13437K, capacity 14658K, committed 14720K, reserved 516096K
}
Event: 55.954 GC heap before
{Heap before GC invocations=47 (full 0):
 garbage-first heap   total 189440K, used 153025K [0x0000000080000000, 0x0000000100000000)
  region size 1024K, 21 young (21504K), 3 survivors (3072K)
 Metaspace       used 104264K, capacity 107334K, committed 107528K, reserved 610304K
  class space    used 13599K, capacity 14812K, committed 14848K, reserved 516096K
}
Event: 55.973 GC heap after
{Heap after GC invocations=48 (full 0):
 garbage-first heap   total 189440K, used 137740K [0x0000000080000000, 0x0000000100000000)
  region size 1024K, 3 young (3072K), 3 survivors (3072K)
 Metaspace       used 104264K, capacity 107334K, committed 107528K, reserved 610304K
  class space    used 13599K, capacity 14812K, committed 14848K, reserved 516096K
}
Event: 56.269 GC heap before
{Heap before GC invocations=48 (full 0):
 garbage-first heap   total 189440K, used 155148K [0x0000000080000000, 0x0000000100000000)
  region size 1024K, 20 young (20480K), 3 survivors (3072K)
 Metaspace       used 105092K, capacity 108154K, committed 108424K, reserved 610304K
  class space    used 13736K, capacity 14959K, committed 14976K, reserved 516096K
}
Event: 56.285 GC heap after
{Heap after GC invocations=49 (full 0):
 garbage-first heap   total 258048K, used 140382K [0x0000000080000000, 0x0000000100000000)
  region size 1024K, 3 young (3072K), 3 survivors (3072K)
 Metaspace       used 105092K, capacity 108154K, committed 108424K, reserved 610304K
  class space    used 13736K, capacity 14959K, committed 14976K, reserved 516096K
}
Event: 57.087 GC heap before
{Heap before GC invocations=50 (full 0):
 garbage-first heap   total 258048K, used 178270K [0x0000000080000000, 0x0000000100000000)
  region size 1024K, 40 young (40960K), 3 survivors (3072K)
 Metaspace       used 106508K, capacity 109692K, committed 109960K, reserved 612352K
  class space    used 13917K, capacity 15167K, committed 15232K, reserved 516096K
}
Event: 57.105 GC heap after
{Heap after GC invocations=51 (full 0):
 garbage-first heap   total 258048K, used 145072K [0x0000000080000000, 0x0000000100000000)
  region size 1024K, 5 young (5120K), 5 survivors (5120K)
 Metaspace       used 106508K, capacity 109692K, committed 109960K, reserved 612352K
  class space    used 13917K, capacity 15167K, committed 15232K, reserved 516096K
}
Event: 57.803 GC heap before
{Heap before GC invocations=51 (full 0):
 garbage-first heap   total 258048K, used 182960K [0x0000000080000000, 0x0000000100000000)
  region size 1024K, 43 young (44032K), 5 survivors (5120K)
 Metaspace       used 108100K, capacity 111332K, committed 111496K, reserved 612352K
  class space    used 14122K, capacity 15413K, committed 15488K, reserved 516096K
}
Event: 57.821 GC heap after
{Heap after GC invocations=52 (full 0):
 garbage-first heap   total 258048K, used 148036K [0x0000000080000000, 0x0000000100000000)
  region size 1024K, 6 young (6144K), 6 survivors (6144K)
 Metaspace       used 108100K, capacity 111332K, committed 111496K, reserved 612352K
  class space    used 14122K, capacity 15413K, committed 15488K, reserved 516096K
}
Event: 58.734 GC heap before
{Heap before GC invocations=53 (full 0):
 garbage-first heap   total 258048K, used 186948K [0x0000000080000000, 0x0000000100000000)
  region size 1024K, 45 young (46080K), 6 survivors (6144K)
 Metaspace       used 108883K, capacity 112172K, committed 112264K, reserved 614400K
  class space    used 14196K, capacity 15474K, committed 15488K, reserved 516096K
}
Event: 58.754 GC heap after
{Heap after GC invocations=54 (full 0):
 garbage-first heap   total 258048K, used 150983K [0x0000000080000000, 0x0000000100000000)
  region size 1024K, 6 young (6144K), 6 survivors (6144K)
 Metaspace       used 108883K, capacity 112172K, committed 112264K, reserved 614400K
  class space    used 14196K, capacity 15474K, committed 15488K, reserved 516096K
}

