# JRE version: OpenJDK Runtime Environment 18.9 (11.0.15+10) (build 11.0.15+10)
# Java VM: OpenJDK 64-Bit Server VM 18.9 (11.0.15+10, mixed mode, tiered, compressed oops, g1 gc, windows-amd64)
Heap:
 garbage-first heap   total 189440K, used 115841K [0x0000000080000000, 0x0000000100000000)
  region size 1024K, 3 young (3072K), 3 survivors (3072K)
 Metaspace       used 100496K, capacity 103367K, committed 103624K, reserved 606208K
  class space    used 13007K, capacity 14156K, committed 14208K, reserved 516096K
GC Heap History (20 events):
Event: 50.626 GC heap after
{Heap after GC invocations=34 (full 0):
 garbage-first heap   total 131072K, used 89249K [0x0000000080000000, 0x0000000100000000)
  region size 1024K, 4 young (4096K), 4 survivors (4096K)
 Metaspace       used 95797K, capacity 98567K, committed 98632K, reserved 602112K
  class space    used 12440K, capacity 13536K, committed 13568K, reserved 516096K
}
Event: 51.134 GC heap before
{Heap before GC invocations=34 (full 0):
 garbage-first heap   total 131072K, used 110753K [0x0000000080000000, 0x0000000100000000)
  region size 1024K, 26 young (26624K), 4 survivors (4096K)
 Metaspace       used 96010K, capacity 98867K, committed 99144K, reserved 602112K
  class space    used 12447K, capacity 13539K, committed 13568K, reserved 516096K
}
Event: 51.142 GC heap after
{Heap after GC invocations=35 (full 0):
 garbage-first heap   total 131072K, used 90637K [0x0000000080000000, 0x0000000100000000)
  region size 1024K, 3 young (3072K), 3 survivors (3072K)
 Metaspace       used 96010K, capacity 98867K, committed 99144K, reserved 602112K
  class space    used 12447K, capacity 13539K, committed 13568K, reserved 516096K
}
Event: 51.736 GC heap before
{Heap before GC invocations=36 (full 0):
 garbage-first heap   total 131072K, used 111117K [0x0000000080000000, 0x0000000100000000)
  region size 1024K, 24 young (24576K), 3 survivors (3072K)
 Metaspace       used 96177K, capacity 99005K, committed 99144K, reserved 602112K
  class space    used 12457K, capacity 13549K, committed 13568K, reserved 516096K
}
Event: 51.745 GC heap after
{Heap after GC invocations=37 (full 0):
 garbage-first heap   total 131072K, used 92291K [0x0000000080000000, 0x0000000100000000)
  region size 1024K, 2 young (2048K), 2 survivors (2048K)
 Metaspace       used 96177K, capacity 99005K, committed 99144K, reserved 602112K
  class space    used 12457K, capacity 13549K, committed 13568K, reserved 516096K
}
Event: 52.151 GC heap before
{Heap before GC invocations=37 (full 0):
 garbage-first heap   total 131072K, used 111747K [0x0000000080000000, 0x0000000100000000)
  region size 1024K, 22 young (22528K), 2 survivors (2048K)
 Metaspace       used 96318K, capacity 99169K, committed 99400K, reserved 602112K
  class space    used 12459K, capacity 13549K, committed 13568K, reserved 516096K
}
Event: 52.158 GC heap after
{Heap after GC invocations=38 (full 0):
 garbage-first heap   total 131072K, used 93320K [0x0000000080000000, 0x0000000100000000)
  region size 1024K, 3 young (3072K), 3 survivors (3072K)
 Metaspace       used 96318K, capacity 99169K, committed 99400K, reserved 602112K
  class space    used 12459K, capacity 13549K, committed 13568K, reserved 516096K
}
Event: 52.773 GC heap before
{Heap before GC invocations=39 (full 0):
 garbage-first heap   total 131072K, used 112776K [0x0000000080000000, 0x0000000100000000)
  region size 1024K, 22 young (22528K), 3 survivors (3072K)
 Metaspace       used 96285K, capacity 99023K, committed 99400K, reserved 602112K
  class space    used 12430K, capacity 13496K, committed 13568K, reserved 516096K
}
Event: 52.782 GC heap after
{Heap after GC invocations=40 (full 0):
 garbage-first heap   total 157696K, used 94311K [0x0000000080000000, 0x0000000100000000)
  region size 1024K, 3 young (3072K), 3 survivors (3072K)
 Metaspace       used 96285K, capacity 99023K, committed 99400K, reserved 602112K
  class space    used 12430K, capacity 13496K, committed 13568K, reserved 516096K
}
Event: 53.211 GC heap before
{Heap before GC invocations=40 (full 0):
 garbage-first heap   total 157696K, used 110695K [0x0000000080000000, 0x0000000100000000)
  region size 1024K, 21 young (21504K), 3 survivors (3072K)
 Metaspace       used 96548K, capacity 99322K, committed 99528K, reserved 602112K
  class space    used 12468K, capacity 13574K, committed 13696K, reserved 516096K
}
Event: 53.222 GC heap after
{Heap after GC invocations=41 (full 0):
 garbage-first heap   total 157696K, used 95028K [0x0000000080000000, 0x0000000100000000)
  region size 1024K, 3 young (3072K), 3 survivors (3072K)
 Metaspace       used 96548K, capacity 99322K, committed 99528K, reserved 602112K
  class space    used 12468K, capacity 13574K, committed 13696K, reserved 516096K
}
Event: 53.672 GC heap before
{Heap before GC invocations=41 (full 0):
 garbage-first heap   total 157696K, used 128820K [0x0000000080000000, 0x0000000100000000)
  region size 1024K, 33 young (33792K), 3 survivors (3072K)
 Metaspace       used 97191K, capacity 99942K, committed 100040K, reserved 604160K
  class space    used 12569K, capacity 13653K, committed 13696K, reserved 516096K
}
Event: 53.687 GC heap after
{Heap after GC invocations=42 (full 0):
 garbage-first heap   total 157696K, used 102034K [0x0000000080000000, 0x0000000100000000)
  region size 1024K, 5 young (5120K), 5 survivors (5120K)
 Metaspace       used 97191K, capacity 99942K, committed 100040K, reserved 604160K
  class space    used 12569K, capacity 13653K, committed 13696K, reserved 516096K
}
Event: 53.834 GC heap before
{Heap before GC invocations=43 (full 0):
 garbage-first heap   total 157696K, used 127633K [0x0000000080000000, 0x0000000100000000)
  region size 1024K, 31 young (31744K), 5 survivors (5120K)
 Metaspace       used 97393K, capacity 100182K, committed 100424K, reserved 604160K
  class space    used 12591K, capacity 13689K, committed 13824K, reserved 516096K
}
Event: 53.842 GC heap after
{Heap after GC invocations=44 (full 0):
 garbage-first heap   total 157696K, used 108759K [0x0000000080000000, 0x0000000100000000)
  region size 1024K, 4 young (4096K), 4 survivors (4096K)
 Metaspace       used 97393K, capacity 100182K, committed 100424K, reserved 604160K
  class space    used 12591K, capacity 13689K, committed 13824K, reserved 516096K
}
Event: 54.030 GC heap before
{Heap before GC invocations=44 (full 0):
 garbage-first heap   total 157696K, used 129239K [0x0000000080000000, 0x0000000100000000)
  region size 1024K, 25 young (25600K), 4 survivors (4096K)
 Metaspace       used 98204K, capacity 100933K, committed 101192K, reserved 604160K
  class space    used 12696K, capacity 13790K, committed 13824K, reserved 516096K
}
Event: 54.034 GC heap after
{Heap after GC invocations=45 (full 0):
 garbage-first heap   total 157696K, used 110408K [0x0000000080000000, 0x0000000100000000)
  region size 1024K, 4 young (4096K), 4 survivors (4096K)
 Metaspace       used 98204K, capacity 100933K, committed 101192K, reserved 604160K
  class space    used 12696K, capacity 13790K, committed 13824K, reserved 516096K
}
Event: 54.732 GC heap before
{Heap before GC invocations=46 (full 0):
 garbage-first heap   total 157696K, used 130888K [0x0000000080000000, 0x0000000100000000)
  region size 1024K, 24 young (24576K), 4 survivors (4096K)
 Metaspace       used 99928K, capacity 102717K, committed 102984K, reserved 606208K
  class space    used 12929K, capacity 14049K, committed 14080K, reserved 516096K
}
Event: 54.741 GC heap after
{Heap after GC invocations=47 (full 0):
 garbage-first heap   total 157696K, used 112529K [0x0000000080000000, 0x0000000100000000)
  region size 1024K, 3 young (3072K), 3 survivors (3072K)
 Metaspace       used 99928K, capacity 102717K, committed 102984K, reserved 606208K
  class space    used 12929K, capacity 14049K, committed 14080K, reserved 516096K
}
Event: 55.125 GC heap before
{Heap before GC invocations=47 (full 0):
 garbage-first heap   total 157696K, used 131985K [0x0000000080000000, 0x0000000100000000)
  region size 1024K, 22 young (22528K), 3 survivors (3072K)
 Metaspace       used 100496K, capacity 103367K, committed 103624K, reserved 606208K
  class space    used 13007K, capacity 14156K, committed 14208K, reserved 516096K
}

