# JRE version: OpenJDK Runtime Environment 18.9 (11.0.15+10) (build 11.0.15+10)
# Java VM: OpenJDK 64-Bit Server VM 18.9 (11.0.15+10, mixed mode, tiered, compressed oops, g1 gc, windows-amd64)
Heap:
 garbage-first heap   total 157696K, used 81700K [0x0000000080000000, 0x0000000100000000)
  region size 1024K, 16 young (16384K), 6 survivors (6144K)
 Metaspace       used 81433K, capacity 83867K, committed 84048K, reserved 589824K
  class space    used 10442K, capacity 11417K, committed 11520K, reserved 516096K
GC Heap History (20 events):
Event: 15.227 GC heap before
{Heap before GC invocations=10 (full 0):
 garbage-first heap   total 131072K, used 70839K [0x0000000080000000, 0x0000000100000000)
  region size 1024K, 52 young (53248K), 7 survivors (7168K)
 Metaspace       used 39477K, capacity 40411K, committed 40528K, reserved 552960K
  class space    used 4925K, capacity 5286K, committed 5376K, reserved 516096K
}
Event: 15.248 GC heap after
{Heap after GC invocations=11 (full 0):
 garbage-first heap   total 157696K, used 26532K [0x0000000080000000, 0x0000000100000000)
  region size 1024K, 7 young (7168K), 7 survivors (7168K)
 Metaspace       used 39477K, capacity 40411K, committed 40528K, reserved 552960K
  class space    used 4925K, capacity 5286K, committed 5376K, reserved 516096K
}
Event: 24.497 GC heap before
{Heap before GC invocations=11 (full 0):
 garbage-first heap   total 157696K, used 85924K [0x0000000080000000, 0x0000000100000000)
  region size 1024K, 65 young (66560K), 7 survivors (7168K)
 Metaspace       used 43511K, capacity 44717K, committed 44880K, reserved 557056K
  class space    used 5409K, capacity 5853K, committed 5888K, reserved 516096K
}
Event: 24.516 GC heap after
{Heap after GC invocations=12 (full 0):
 garbage-first heap   total 157696K, used 30160K [0x0000000080000000, 0x0000000100000000)
  region size 1024K, 7 young (7168K), 7 survivors (7168K)
 Metaspace       used 43511K, capacity 44717K, committed 44880K, reserved 557056K
  class space    used 5409K, capacity 5853K, committed 5888K, reserved 516096K
}
Event: 26.605 GC heap before
{Heap before GC invocations=12 (full 0):
 garbage-first heap   total 157696K, used 92624K [0x0000000080000000, 0x0000000100000000)
  region size 1024K, 68 young (69632K), 7 survivors (7168K)
 Metaspace       used 48447K, capacity 49757K, committed 49872K, reserved 561152K
  class space    used 6151K, capacity 6682K, committed 6784K, reserved 516096K
}
Event: 26.622 GC heap after
{Heap after GC invocations=13 (full 0):
 garbage-first heap   total 157696K, used 31797K [0x0000000080000000, 0x0000000100000000)
  region size 1024K, 6 young (6144K), 6 survivors (6144K)
 Metaspace       used 48447K, capacity 49757K, committed 49872K, reserved 561152K
  class space    used 6151K, capacity 6682K, committed 6784K, reserved 516096K
}
Event: 29.562 GC heap before
{Heap before GC invocations=13 (full 0):
 garbage-first heap   total 157696K, used 105525K [0x0000000080000000, 0x0000000100000000)
  region size 1024K, 74 young (75776K), 6 survivors (6144K)
 Metaspace       used 54474K, capacity 56005K, committed 56144K, reserved 565248K
  class space    used 6992K, capacity 7591K, committed 7680K, reserved 516096K
}
Event: 29.580 GC heap after
{Heap after GC invocations=14 (full 0):
 garbage-first heap   total 157696K, used 40484K [0x0000000080000000, 0x0000000100000000)
  region size 1024K, 10 young (10240K), 10 survivors (10240K)
 Metaspace       used 54474K, capacity 56005K, committed 56144K, reserved 565248K
  class space    used 6992K, capacity 7591K, committed 7680K, reserved 516096K
}
Event: 30.903 GC heap before
{Heap before GC invocations=14 (full 0):
 garbage-first heap   total 157696K, used 90660K [0x0000000080000000, 0x0000000100000000)
  region size 1024K, 60 young (61440K), 10 survivors (10240K)
 Metaspace       used 58477K, capacity 60083K, committed 60240K, reserved 569344K
  class space    used 7545K, capacity 8183K, committed 8192K, reserved 516096K
}
Event: 30.927 GC heap after
{Heap after GC invocations=15 (full 0):
 garbage-first heap   total 157696K, used 42460K [0x0000000080000000, 0x0000000100000000)
  region size 1024K, 7 young (7168K), 7 survivors (7168K)
 Metaspace       used 58477K, capacity 60083K, committed 60240K, reserved 569344K
  class space    used 7545K, capacity 8183K, committed 8192K, reserved 516096K
}
Event: 32.504 GC heap before
{Heap before GC invocations=16 (full 0):
 garbage-first heap   total 157696K, used 111068K [0x0000000080000000, 0x0000000100000000)
  region size 1024K, 74 young (75776K), 7 survivors (7168K)
 Metaspace       used 62849K, capacity 64667K, committed 64720K, reserved 573440K
  class space    used 8102K, capacity 8803K, committed 8832K, reserved 516096K
}
Event: 32.526 GC heap after
{Heap after GC invocations=17 (full 0):
 garbage-first heap   total 157696K, used 44888K [0x0000000080000000, 0x0000000100000000)
  region size 1024K, 5 young (5120K), 5 survivors (5120K)
 Metaspace       used 62849K, capacity 64667K, committed 64720K, reserved 573440K
  class space    used 8102K, capacity 8803K, committed 8832K, reserved 516096K
}
Event: 35.379 GC heap before
{Heap before GC invocations=18 (full 0):
 garbage-first heap   total 157696K, used 114520K [0x0000000080000000, 0x0000000100000000)
  region size 1024K, 74 young (75776K), 5 survivors (5120K)
 Metaspace       used 67660K, capacity 69611K, committed 69840K, reserved 577536K
  class space    used 8730K, capacity 9497K, committed 9600K, reserved 516096K
}
Event: 35.398 GC heap after
{Heap after GC invocations=19 (full 0):
 garbage-first heap   total 157696K, used 50088K [0x0000000080000000, 0x0000000100000000)
  region size 1024K, 10 young (10240K), 10 survivors (10240K)
 Metaspace       used 67660K, capacity 69611K, committed 69840K, reserved 577536K
  class space    used 8730K, capacity 9497K, committed 9600K, reserved 516096K
}
Event: 37.512 GC heap before
{Heap before GC invocations=19 (full 0):
 garbage-first heap   total 157696K, used 121768K [0x0000000080000000, 0x0000000100000000)
  region size 1024K, 77 young (78848K), 10 survivors (10240K)
 Metaspace       used 72579K, capacity 74766K, committed 74832K, reserved 581632K
  class space    used 9357K, capacity 10224K, committed 10240K, reserved 516096K
}
Event: 37.535 GC heap after
{Heap after GC invocations=20 (full 0):
 garbage-first heap   total 157696K, used 62213K [0x0000000080000000, 0x0000000100000000)
  region size 1024K, 9 young (9216K), 9 survivors (9216K)
 Metaspace       used 72579K, capacity 74766K, committed 74832K, reserved 581632K
  class space    used 9357K, capacity 10224K, committed 10240K, reserved 516096K
}
Event: 39.514 GC heap before
{Heap before GC invocations=20 (full 0):
 garbage-first heap   total 157696K, used 119557K [0x0000000080000000, 0x0000000100000000)
  region size 1024K, 66 young (67584K), 9 survivors (9216K)
 Metaspace       used 79603K, capacity 81816K, committed 82128K, reserved 587776K
  class space    used 10172K, capacity 11055K, committed 11136K, reserved 516096K
}
Event: 39.530 GC heap after
{Heap after GC invocations=21 (full 0):
 garbage-first heap   total 157696K, used 66904K [0x0000000080000000, 0x0000000100000000)
  region size 1024K, 5 young (5120K), 5 survivors (5120K)
 Metaspace       used 79603K, capacity 81816K, committed 82128K, reserved 587776K
  class space    used 10172K, capacity 11055K, committed 11136K, reserved 516096K
}
Event: 41.018 GC heap before
{Heap before GC invocations=21 (full 0):
 garbage-first heap   total 157696K, used 123224K [0x0000000080000000, 0x0000000100000000)
  region size 1024K, 59 young (60416K), 5 survivors (5120K)
 Metaspace       used 81091K, capacity 83453K, committed 83664K, reserved 589824K
  class space    used 10392K, capacity 11323K, committed 11392K, reserved 516096K
}
Event: 41.036 GC heap after
{Heap after GC invocations=22 (full 0):
 garbage-first heap   total 157696K, used 72484K [0x0000000080000000, 0x0000000100000000)
  region size 1024K, 6 young (6144K), 6 survivors (6144K)
 Metaspace       used 81091K, capacity 83453K, committed 83664K, reserved 589824K
  class space    used 10392K, capacity 11323K, committed 11392K, reserved 516096K
}

