# JRE version: OpenJDK Runtime Environment 18.9 (11.0.15+10) (build 11.0.15+10)
# Java VM: OpenJDK 64-Bit Server VM 18.9 (11.0.15+10, mixed mode, tiered, compressed oops, g1 gc, windows-amd64)
Heap:
 garbage-first heap   total 131072K, used 27896K [0x0000000080000000, 0x0000000100000000)
  region size 1024K, 13 young (13312K), 6 survivors (6144K)
 Metaspace       used 36049K, capacity 36846K, committed 37072K, reserved 548864K
  class space    used 4559K, capacity 4870K, committed 4992K, reserved 516096K
GC Heap History (14 events):
Event: 0.997 GC heap before
{Heap before GC invocations=0 (full 0):
 garbage-first heap   total 131072K, used 20480K [0x0000000080000000, 0x0000000100000000)
  region size 1024K, 14 young (14336K), 0 survivors (0K)
 Metaspace       used 6757K, capacity 7001K, committed 7168K, reserved 524288K
  class space    used 571K, capacity 650K, committed 768K, reserved 516096K
}
Event: 1.002 GC heap after
{Heap after GC invocations=1 (full 0):
 garbage-first heap   total 131072K, used 7864K [0x0000000080000000, 0x0000000100000000)
  region size 1024K, 2 young (2048K), 2 survivors (2048K)
 Metaspace       used 6757K, capacity 7001K, committed 7168K, reserved 524288K
  class space    used 571K, capacity 650K, committed 768K, reserved 516096K
}
Event: 3.212 GC heap before
{Heap before GC invocations=1 (full 0):
 garbage-first heap   total 131072K, used 19128K [0x0000000080000000, 0x0000000100000000)
  region size 1024K, 13 young (13312K), 2 survivors (2048K)
 Metaspace       used 10254K, capacity 10500K, committed 10624K, reserved 526336K
  class space    used 1045K, capacity 1140K, committed 1152K, reserved 516096K
}
Event: 3.217 GC heap after
{Heap after GC invocations=2 (full 0):
 garbage-first heap   total 131072K, used 9437K [0x0000000080000000, 0x0000000100000000)
  region size 1024K, 2 young (2048K), 2 survivors (2048K)
 Metaspace       used 10254K, capacity 10500K, committed 10624K, reserved 526336K
  class space    used 1045K, capacity 1140K, committed 1152K, reserved 516096K
}
Event: 12.051 GC heap before
{Heap before GC invocations=2 (full 0):
 garbage-first heap   total 131072K, used 42205K [0x0000000080000000, 0x0000000100000000)
  region size 1024K, 33 young (33792K), 2 survivors (2048K)
 Metaspace       used 11275K, capacity 11519K, committed 11776K, reserved 528384K
  class space    used 1148K, capacity 1245K, committed 1280K, reserved 516096K
}
Event: 12.057 GC heap after
{Heap after GC invocations=3 (full 0):
 garbage-first heap   total 131072K, used 13734K [0x0000000080000000, 0x0000000100000000)
  region size 1024K, 5 young (5120K), 5 survivors (5120K)
 Metaspace       used 11275K, capacity 11519K, committed 11776K, reserved 528384K
  class space    used 1148K, capacity 1245K, committed 1280K, reserved 516096K
}
Event: 18.203 GC heap before
{Heap before GC invocations=3 (full 0):
 garbage-first heap   total 131072K, used 57766K [0x0000000080000000, 0x0000000100000000)
  region size 1024K, 48 young (49152K), 5 survivors (5120K)
 Metaspace       used 19160K, capacity 19573K, committed 19712K, reserved 534528K
  class space    used 2277K, capacity 2441K, committed 2560K, reserved 516096K
}
Event: 18.220 GC heap after
{Heap after GC invocations=4 (full 0):
 garbage-first heap   total 131072K, used 16982K [0x0000000080000000, 0x0000000100000000)
  region size 1024K, 3 young (3072K), 3 survivors (3072K)
 Metaspace       used 19160K, capacity 19573K, committed 19712K, reserved 534528K
  class space    used 2277K, capacity 2441K, committed 2560K, reserved 516096K
}
Event: 19.363 GC heap before
{Heap before GC invocations=4 (full 0):
 garbage-first heap   total 131072K, used 29270K [0x0000000080000000, 0x0000000100000000)
  region size 1024K, 17 young (17408K), 3 survivors (3072K)
 Metaspace       used 20752K, capacity 21173K, committed 21296K, reserved 536576K
  class space    used 2486K, capacity 2659K, committed 2688K, reserved 516096K
}
Event: 19.369 GC heap after
{Heap after GC invocations=5 (full 0):
 garbage-first heap   total 131072K, used 17422K [0x0000000080000000, 0x0000000100000000)
  region size 1024K, 4 young (4096K), 4 survivors (4096K)
 Metaspace       used 20752K, capacity 21173K, committed 21296K, reserved 536576K
  class space    used 2486K, capacity 2659K, committed 2688K, reserved 516096K
}
Event: 22.869 GC heap before
{Heap before GC invocations=6 (full 0):
 garbage-first heap   total 131072K, used 67598K [0x0000000080000000, 0x0000000100000000)
  region size 1024K, 53 young (54272K), 4 survivors (4096K)
 Metaspace       used 25960K, capacity 26477K, committed 26800K, reserved 540672K
  class space    used 3286K, capacity 3492K, committed 3584K, reserved 516096K
}
Event: 22.878 GC heap after
{Heap after GC invocations=7 (full 0):
 garbage-first heap   total 131072K, used 19227K [0x0000000080000000, 0x0000000100000000)
  region size 1024K, 5 young (5120K), 5 survivors (5120K)
 Metaspace       used 25960K, capacity 26477K, committed 26800K, reserved 540672K
  class space    used 3286K, capacity 3492K, committed 3584K, reserved 516096K
}
Event: 27.589 GC heap before
{Heap before GC invocations=7 (full 0):
 garbage-first heap   total 131072K, used 80667K [0x0000000080000000, 0x0000000100000000)
  region size 1024K, 66 young (67584K), 5 survivors (5120K)
 Metaspace       used 34920K, capacity 35720K, committed 35920K, reserved 548864K
  class space    used 4430K, capacity 4750K, committed 4864K, reserved 516096K
}
Event: 27.609 GC heap after
{Heap after GC invocations=8 (full 0):
 garbage-first heap   total 131072K, used 22776K [0x0000000080000000, 0x0000000100000000)
  region size 1024K, 6 young (6144K), 6 survivors (6144K)
 Metaspace       used 34920K, capacity 35720K, committed 35920K, reserved 548864K
  class space    used 4430K, capacity 4750K, committed 4864K, reserved 516096K
}

