# JRE version: OpenJDK Runtime Environment 18.9 (11.0.15+10) (build 11.0.15+10)
# Java VM: OpenJDK 64-Bit Server VM 18.9 (11.0.15+10, mixed mode, tiered, compressed oops, g1 gc, windows-amd64)
Heap:
 garbage-first heap   total 299008K, used 225979K [0x0000000080000000, 0x0000000100000000)
  region size 1024K, 64 young (65536K), 7 survivors (7168K)
 Metaspace       used 145092K, capacity 148337K, committed 148424K, reserved 647168K
  class space    used 17000K, capacity 18296K, committed 18304K, reserved 516096K
GC Heap History (20 events):
Event: 379.827 GC heap before
{Heap before GC invocations=179 (full 0):
 garbage-first heap   total 299008K, used 242067K [0x0000000080000000, 0x0000000100000000)
  region size 1024K, 87 young (89088K), 6 survivors (6144K)
 Metaspace       used 139340K, capacity 141916K, committed 142152K, reserved 641024K
  class space    used 16295K, capacity 17320K, committed 17408K, reserved 516096K
}
Event: 379.832 GC heap after
{Heap after GC invocations=180 (full 0):
 garbage-first heap   total 299008K, used 158613K [0x0000000080000000, 0x0000000100000000)
  region size 1024K, 6 young (6144K), 6 survivors (6144K)
 Metaspace       used 139340K, capacity 141916K, committed 142152K, reserved 641024K
  class space    used 16295K, capacity 17320K, committed 17408K, reserved 516096K
}
Event: 389.655 GC heap before
{Heap before GC invocations=180 (full 0):
 garbage-first heap   total 299008K, used 244629K [0x0000000080000000, 0x0000000100000000)
  region size 1024K, 90 young (92160K), 6 survivors (6144K)
 Metaspace       used 139342K, capacity 141916K, committed 142152K, reserved 641024K
  class space    used 16295K, capacity 17320K, committed 17408K, reserved 516096K
}
Event: 389.661 GC heap after
{Heap after GC invocations=181 (full 0):
 garbage-first heap   total 299008K, used 157792K [0x0000000080000000, 0x0000000100000000)
  region size 1024K, 5 young (5120K), 5 survivors (5120K)
 Metaspace       used 139342K, capacity 141916K, committed 142152K, reserved 641024K
  class space    used 16295K, capacity 17320K, committed 17408K, reserved 516096K
}
Event: 392.412 GC heap before
{Heap before GC invocations=181 (full 0):
 garbage-first heap   total 299008K, used 249952K [0x0000000080000000, 0x0000000100000000)
  region size 1024K, 92 young (94208K), 5 survivors (5120K)
 Metaspace       used 139344K, capacity 141916K, committed 142152K, reserved 641024K
  class space    used 16295K, capacity 17320K, committed 17408K, reserved 516096K
}
Event: 392.417 GC heap after
{Heap after GC invocations=182 (full 0):
 garbage-first heap   total 299008K, used 162201K [0x0000000080000000, 0x0000000100000000)
  region size 1024K, 7 young (7168K), 7 survivors (7168K)
 Metaspace       used 139344K, capacity 141916K, committed 142152K, reserved 641024K
  class space    used 16295K, capacity 17320K, committed 17408K, reserved 516096K
}
Event: 393.329 GC heap before
{Heap before GC invocations=182 (full 0):
 garbage-first heap   total 299008K, used 250265K [0x0000000080000000, 0x0000000100000000)
  region size 1024K, 93 young (95232K), 7 survivors (7168K)
 Metaspace       used 139344K, capacity 141916K, committed 142152K, reserved 641024K
  class space    used 16295K, capacity 17320K, committed 17408K, reserved 516096K
}
Event: 393.337 GC heap after
{Heap after GC invocations=183 (full 0):
 garbage-first heap   total 299008K, used 163263K [0x0000000080000000, 0x0000000100000000)
  region size 1024K, 8 young (8192K), 8 survivors (8192K)
 Metaspace       used 139344K, capacity 141916K, committed 142152K, reserved 641024K
  class space    used 16295K, capacity 17320K, committed 17408K, reserved 516096K
}
Event: 394.338 GC heap before
{Heap before GC invocations=183 (full 0):
 garbage-first heap   total 299008K, used 252351K [0x0000000080000000, 0x0000000100000000)
  region size 1024K, 95 young (97280K), 8 survivors (8192K)
 Metaspace       used 139344K, capacity 141916K, committed 142152K, reserved 641024K
  class space    used 16295K, capacity 17320K, committed 17408K, reserved 516096K
}
Event: 394.345 GC heap after
{Heap after GC invocations=184 (full 0):
 garbage-first heap   total 299008K, used 164600K [0x0000000080000000, 0x0000000100000000)
  region size 1024K, 8 young (8192K), 8 survivors (8192K)
 Metaspace       used 139344K, capacity 141916K, committed 142152K, reserved 641024K
  class space    used 16295K, capacity 17320K, committed 17408K, reserved 516096K
}
Event: 395.661 GC heap before
{Heap before GC invocations=184 (full 0):
 garbage-first heap   total 299008K, used 254712K [0x0000000080000000, 0x0000000100000000)
  region size 1024K, 96 young (98304K), 8 survivors (8192K)
 Metaspace       used 139344K, capacity 141916K, committed 142152K, reserved 641024K
  class space    used 16295K, capacity 17320K, committed 17408K, reserved 516096K
}
Event: 395.668 GC heap after
{Heap after GC invocations=185 (full 0):
 garbage-first heap   total 299008K, used 165900K [0x0000000080000000, 0x0000000100000000)
  region size 1024K, 8 young (8192K), 8 survivors (8192K)
 Metaspace       used 139344K, capacity 141916K, committed 142152K, reserved 641024K
  class space    used 16295K, capacity 17320K, committed 17408K, reserved 516096K
}
Event: 402.049 GC heap before
{Heap before GC invocations=185 (full 0):
 garbage-first heap   total 299008K, used 256012K [0x0000000080000000, 0x0000000100000000)
  region size 1024K, 96 young (98304K), 8 survivors (8192K)
 Metaspace       used 140450K, capacity 143128K, committed 143304K, reserved 643072K
  class space    used 16447K, capacity 17527K, committed 17536K, reserved 516096K
}
Event: 402.054 GC heap after
{Heap after GC invocations=186 (full 0):
 garbage-first heap   total 299008K, used 158654K [0x0000000080000000, 0x0000000100000000)
  region size 1024K, 3 young (3072K), 3 survivors (3072K)
 Metaspace       used 140450K, capacity 143128K, committed 143304K, reserved 643072K
  class space    used 16447K, capacity 17527K, committed 17536K, reserved 516096K
}
Event: 838.349 GC heap before
{Heap before GC invocations=186 (full 0):
 garbage-first heap   total 299008K, used 254910K [0x0000000080000000, 0x0000000100000000)
  region size 1024K, 98 young (100352K), 3 survivors (3072K)
 Metaspace       used 144279K, capacity 147377K, committed 147656K, reserved 647168K
  class space    used 16960K, capacity 18216K, committed 18304K, reserved 516096K
}
Event: 838.361 GC heap after
{Heap after GC invocations=187 (full 0):
 garbage-first heap   total 299008K, used 159936K [0x0000000080000000, 0x0000000100000000)
  region size 1024K, 4 young (4096K), 4 survivors (4096K)
 Metaspace       used 144279K, capacity 147377K, committed 147656K, reserved 647168K
  class space    used 16960K, capacity 18216K, committed 18304K, reserved 516096K
}
Event: 1238.207 GC heap before
{Heap before GC invocations=187 (full 0):
 garbage-first heap   total 299008K, used 261312K [0x0000000080000000, 0x0000000100000000)
  region size 1024K, 99 young (101376K), 4 survivors (4096K)
 Metaspace       used 145088K, capacity 148335K, committed 148424K, reserved 647168K
  class space    used 17000K, capacity 18295K, committed 18304K, reserved 516096K
}
Event: 1238.223 GC heap after
{Heap after GC invocations=188 (full 0):
 garbage-first heap   total 299008K, used 168531K [0x0000000080000000, 0x0000000100000000)
  region size 1024K, 7 young (7168K), 7 survivors (7168K)
 Metaspace       used 145088K, capacity 148335K, committed 148424K, reserved 647168K
  class space    used 17000K, capacity 18295K, committed 18304K, reserved 516096K
}
Event: 1239.741 GC heap before
{Heap before GC invocations=188 (full 0):
 garbage-first heap   total 299008K, used 258643K [0x0000000080000000, 0x0000000100000000)
  region size 1024K, 95 young (97280K), 7 survivors (7168K)
 Metaspace       used 145092K, capacity 148337K, committed 148424K, reserved 647168K
  class space    used 17000K, capacity 18296K, committed 18304K, reserved 516096K
}
Event: 1239.751 GC heap after
{Heap after GC invocations=189 (full 0):
 garbage-first heap   total 299008K, used 168635K [0x0000000080000000, 0x0000000100000000)
  region size 1024K, 7 young (7168K), 7 survivors (7168K)
 Metaspace       used 145092K, capacity 148337K, committed 148424K, reserved 647168K
  class space    used 17000K, capacity 18296K, committed 18304K, reserved 516096K
}

