# JRE version: OpenJDK Runtime Environment 18.9 (11.0.15+10) (build 11.0.15+10)
# Java VM: OpenJDK 64-Bit Server VM 18.9 (11.0.15+10, mixed mode, tiered, compressed oops, g1 gc, windows-amd64)
Heap:
 garbage-first heap   total 273408K, used 141490K [0x0000000080000000, 0x0000000100000000)
  region size 1024K, 6 young (6144K), 6 survivors (6144K)
 Metaspace       used 120058K, capacity 123462K, committed 123848K, reserved 624640K
  class space    used 15295K, capacity 16660K, committed 16768K, reserved 516096K
GC Heap History (20 events):
Event: 87.794 GC heap after
{Heap after GC invocations=73 (full 0):
 garbage-first heap   total 157696K, used 119264K [0x0000000080000000, 0x0000000100000000)
  region size 1024K, 2 young (2048K), 2 survivors (2048K)
 Metaspace       used 113313K, capacity 116471K, committed 116808K, reserved 618496K
  class space    used 14466K, capacity 15746K, committed 15872K, reserved 516096K
}
Event: 88.707 GC heap before
{Heap before GC invocations=74 (full 0):
 garbage-first heap   total 157696K, used 129504K [0x0000000080000000, 0x0000000100000000)
  region size 1024K, 13 young (13312K), 2 survivors (2048K)
 Metaspace       used 115545K, capacity 118822K, committed 118984K, reserved 620544K
  class space    used 14864K, capacity 16178K, committed 16256K, reserved 516096K
}
Event: 88.713 GC heap after
{Heap after GC invocations=75 (full 0):
 garbage-first heap   total 157696K, used 119908K [0x0000000080000000, 0x0000000100000000)
  region size 1024K, 1 young (1024K), 1 survivors (1024K)
 Metaspace       used 115545K, capacity 118822K, committed 118984K, reserved 620544K
  class space    used 14864K, capacity 16178K, committed 16256K, reserved 516096K
}
Event: 89.157 GC heap before
{Heap before GC invocations=75 (full 0):
 garbage-first heap   total 157696K, used 131172K [0x0000000080000000, 0x0000000100000000)
  region size 1024K, 12 young (12288K), 1 survivors (1024K)
 Metaspace       used 116375K, capacity 119624K, committed 119880K, reserved 620544K
  class space    used 15004K, capacity 16333K, committed 16384K, reserved 516096K
}
Event: 89.165 GC heap after
{Heap after GC invocations=76 (full 0):
 garbage-first heap   total 189440K, used 120508K [0x0000000080000000, 0x0000000100000000)
  region size 1024K, 2 young (2048K), 2 survivors (2048K)
 Metaspace       used 116375K, capacity 119624K, committed 119880K, reserved 620544K
  class space    used 15004K, capacity 16333K, committed 16384K, reserved 516096K
}
Event: 90.071 GC heap before
{Heap before GC invocations=77 (full 0):
 garbage-first heap   total 189440K, used 145084K [0x0000000080000000, 0x0000000100000000)
  region size 1024K, 26 young (26624K), 2 survivors (2048K)
 Metaspace       used 117279K, capacity 120537K, committed 120776K, reserved 620544K
  class space    used 15066K, capacity 16387K, committed 16512K, reserved 516096K
}
Event: 90.080 GC heap after
{Heap after GC invocations=78 (full 0):
 garbage-first heap   total 189440K, used 121751K [0x0000000080000000, 0x0000000100000000)
  region size 1024K, 3 young (3072K), 3 survivors (3072K)
 Metaspace       used 117279K, capacity 120537K, committed 120776K, reserved 620544K
  class space    used 15066K, capacity 16387K, committed 16512K, reserved 516096K
}
Event: 90.649 GC heap before
{Heap before GC invocations=78 (full 0):
 garbage-first heap   total 189440K, used 147351K [0x0000000080000000, 0x0000000100000000)
  region size 1024K, 29 young (29696K), 3 survivors (3072K)
 Metaspace       used 118490K, capacity 121884K, committed 122184K, reserved 622592K
  class space    used 15191K, capacity 16534K, committed 16640K, reserved 516096K
}
Event: 90.660 GC heap after
{Heap after GC invocations=79 (full 0):
 garbage-first heap   total 189440K, used 122906K [0x0000000080000000, 0x0000000100000000)
  region size 1024K, 4 young (4096K), 4 survivors (4096K)
 Metaspace       used 118490K, capacity 121884K, committed 122184K, reserved 622592K
  class space    used 15191K, capacity 16534K, committed 16640K, reserved 516096K
}
Event: 91.637 GC heap before
{Heap before GC invocations=80 (full 0):
 garbage-first heap   total 189440K, used 149530K [0x0000000080000000, 0x0000000100000000)
  region size 1024K, 31 young (31744K), 4 survivors (4096K)
 Metaspace       used 119331K, capacity 122764K, committed 123080K, reserved 622592K
  class space    used 15290K, capacity 16692K, committed 16768K, reserved 516096K
}
Event: 91.650 GC heap after
{Heap after GC invocations=81 (full 0):
 garbage-first heap   total 189440K, used 123537K [0x0000000080000000, 0x0000000100000000)
  region size 1024K, 2 young (2048K), 2 survivors (2048K)
 Metaspace       used 119331K, capacity 122764K, committed 123080K, reserved 622592K
  class space    used 15290K, capacity 16692K, committed 16768K, reserved 516096K
}
Event: 92.087 GC heap before
{Heap before GC invocations=81 (full 0):
 garbage-first heap   total 189440K, used 152209K [0x0000000080000000, 0x0000000100000000)
  region size 1024K, 31 young (31744K), 2 survivors (2048K)
 Metaspace       used 119458K, capacity 122900K, committed 123080K, reserved 622592K
  class space    used 15295K, capacity 16692K, committed 16768K, reserved 516096K
}
Event: 92.109 GC heap after
{Heap after GC invocations=82 (full 0):
 garbage-first heap   total 227328K, used 128887K [0x0000000080000000, 0x0000000100000000)
  region size 1024K, 4 young (4096K), 4 survivors (4096K)
 Metaspace       used 119458K, capacity 122900K, committed 123080K, reserved 622592K
  class space    used 15295K, capacity 16692K, committed 16768K, reserved 516096K
}
Event: 92.942 GC heap before
{Heap before GC invocations=83 (full 0):
 garbage-first heap   total 227328K, used 172919K [0x0000000080000000, 0x0000000100000000)
  region size 1024K, 47 young (48128K), 4 survivors (4096K)
 Metaspace       used 119677K, capacity 123111K, committed 123336K, reserved 624640K
  class space    used 15265K, capacity 16638K, committed 16768K, reserved 516096K
}
Event: 92.960 GC heap after
{Heap after GC invocations=84 (full 0):
 garbage-first heap   total 227328K, used 132663K [0x0000000080000000, 0x0000000100000000)
  region size 1024K, 4 young (4096K), 4 survivors (4096K)
 Metaspace       used 119677K, capacity 123111K, committed 123336K, reserved 624640K
  class space    used 15265K, capacity 16638K, committed 16768K, reserved 516096K
}
Event: 93.344 GC heap before
{Heap before GC invocations=84 (full 0):
 garbage-first heap   total 227328K, used 176695K [0x0000000080000000, 0x0000000100000000)
  region size 1024K, 47 young (48128K), 4 survivors (4096K)
 Metaspace       used 119804K, capacity 123252K, committed 123592K, reserved 624640K
  class space    used 15269K, capacity 16641K, committed 16768K, reserved 516096K
}
Event: 93.356 GC heap after
{Heap after GC invocations=85 (full 0):
 garbage-first heap   total 227328K, used 134650K [0x0000000080000000, 0x0000000100000000)
  region size 1024K, 2 young (2048K), 2 survivors (2048K)
 Metaspace       used 119804K, capacity 123252K, committed 123592K, reserved 624640K
  class space    used 15269K, capacity 16641K, committed 16768K, reserved 516096K
}
Event: 93.985 GC heap before
{Heap before GC invocations=85 (full 0):
 garbage-first heap   total 227328K, used 179706K [0x0000000080000000, 0x0000000100000000)
  region size 1024K, 46 young (47104K), 2 survivors (2048K)
 Metaspace       used 119900K, capacity 123268K, committed 123592K, reserved 624640K
  class space    used 15278K, capacity 16623K, committed 16768K, reserved 516096K
}
Event: 94.003 GC heap after
{Heap after GC invocations=86 (full 0):
 garbage-first heap   total 227328K, used 134950K [0x0000000080000000, 0x0000000100000000)
  region size 1024K, 2 young (2048K), 2 survivors (2048K)
 Metaspace       used 119900K, capacity 123268K, committed 123592K, reserved 624640K
  class space    used 15278K, capacity 16623K, committed 16768K, reserved 516096K
}
Event: 94.512 GC heap before
{Heap before GC invocations=87 (full 0):
 garbage-first heap   total 227328K, used 181030K [0x0000000080000000, 0x0000000100000000)
  region size 1024K, 48 young (49152K), 2 survivors (2048K)
 Metaspace       used 120058K, capacity 123462K, committed 123848K, reserved 624640K
  class space    used 15295K, capacity 16660K, committed 16768K, reserved 516096K
}

