# JRE version: OpenJDK Runtime Environment 18.9 (11.0.15+10) (build 11.0.15+10)
# Java VM: OpenJDK 64-Bit Server VM 18.9 (11.0.15+10, mixed mode, tiered, compressed oops, g1 gc, windows-amd64)
Heap:
 garbage-first heap   total 286720K, used 141987K [0x0000000080000000, 0x0000000100000000)
  region size 1024K, 3 young (3072K), 3 survivors (3072K)
 Metaspace       used 106672K, capacity 109795K, committed 109904K, reserved 612352K
  class space    used 13857K, capacity 15095K, committed 15104K, reserved 516096K
GC Heap History (20 events):
Event: 66.468 GC heap after
{Heap after GC invocations=36 (full 0):
 garbage-first heap   total 157696K, used 112935K [0x0000000080000000, 0x0000000100000000)
  region size 1024K, 4 young (4096K), 4 survivors (4096K)
 Metaspace       used 101957K, capacity 104873K, committed 105040K, reserved 608256K
  class space    used 13133K, capacity 14267K, committed 14336K, reserved 516096K
}
Event: 66.752 GC heap before
{Heap before GC invocations=37 (full 0):
 garbage-first heap   total 157696K, used 131367K [0x0000000080000000, 0x0000000100000000)
  region size 1024K, 23 young (23552K), 4 survivors (4096K)
 Metaspace       used 102189K, capacity 105098K, committed 105296K, reserved 608256K
  class space    used 13162K, capacity 14318K, committed 14336K, reserved 516096K
}
Event: 66.762 GC heap after
{Heap after GC invocations=38 (full 0):
 garbage-first heap   total 157696K, used 116736K [0x0000000080000000, 0x0000000100000000)
  region size 1024K, 3 young (3072K), 3 survivors (3072K)
 Metaspace       used 102189K, capacity 105098K, committed 105296K, reserved 608256K
  class space    used 13162K, capacity 14318K, committed 14336K, reserved 516096K
}
Event: 66.973 GC heap before
{Heap before GC invocations=38 (full 0):
 garbage-first heap   total 157696K, used 132096K [0x0000000080000000, 0x0000000100000000)
  region size 1024K, 18 young (18432K), 3 survivors (3072K)
 Metaspace       used 102851K, capacity 105792K, committed 105936K, reserved 608256K
  class space    used 13255K, capacity 14399K, committed 14464K, reserved 516096K
}
Event: 66.984 GC heap after
{Heap after GC invocations=39 (full 0):
 garbage-first heap   total 157696K, used 119215K [0x0000000080000000, 0x0000000100000000)
  region size 1024K, 3 young (3072K), 3 survivors (3072K)
 Metaspace       used 102851K, capacity 105792K, committed 105936K, reserved 608256K
  class space    used 13255K, capacity 14399K, committed 14464K, reserved 516096K
}
Event: 67.161 GC heap before
{Heap before GC invocations=39 (full 0):
 garbage-first heap   total 157696K, used 133551K [0x0000000080000000, 0x0000000100000000)
  region size 1024K, 17 young (17408K), 3 survivors (3072K)
 Metaspace       used 103517K, capacity 106471K, committed 106576K, reserved 608256K
  class space    used 13346K, capacity 14496K, committed 14592K, reserved 516096K
}
Event: 67.172 GC heap after
{Heap after GC invocations=40 (full 0):
 garbage-first heap   total 157696K, used 121682K [0x0000000080000000, 0x0000000100000000)
  region size 1024K, 3 young (3072K), 3 survivors (3072K)
 Metaspace       used 103517K, capacity 106471K, committed 106576K, reserved 608256K
  class space    used 13346K, capacity 14496K, committed 14592K, reserved 516096K
}
Event: 67.418 GC heap before
{Heap before GC invocations=40 (full 0):
 garbage-first heap   total 157696K, used 133970K [0x0000000080000000, 0x0000000100000000)
  region size 1024K, 15 young (15360K), 3 survivors (3072K)
 Metaspace       used 104050K, capacity 107006K, committed 107088K, reserved 610304K
  class space    used 13400K, capacity 14553K, committed 14592K, reserved 516096K
}
Event: 67.432 GC heap after
{Heap after GC invocations=41 (full 0):
 garbage-first heap   total 157696K, used 124928K [0x0000000080000000, 0x0000000100000000)
  region size 1024K, 2 young (2048K), 2 survivors (2048K)
 Metaspace       used 104050K, capacity 107006K, committed 107088K, reserved 610304K
  class space    used 13400K, capacity 14553K, committed 14592K, reserved 516096K
}
Event: 67.664 GC heap before
{Heap before GC invocations=41 (full 0):
 garbage-first heap   total 157696K, used 135168K [0x0000000080000000, 0x0000000100000000)
  region size 1024K, 12 young (12288K), 2 survivors (2048K)
 Metaspace       used 104335K, capacity 107343K, committed 107472K, reserved 610304K
  class space    used 13442K, capacity 14637K, committed 14720K, reserved 516096K
}
Event: 67.678 GC heap after
{Heap after GC invocations=42 (full 0):
 garbage-first heap   total 157696K, used 127293K [0x0000000080000000, 0x0000000100000000)
  region size 1024K, 2 young (2048K), 2 survivors (2048K)
 Metaspace       used 104335K, capacity 107343K, committed 107472K, reserved 610304K
  class space    used 13442K, capacity 14637K, committed 14720K, reserved 516096K
}
Event: 67.772 GC heap before
{Heap before GC invocations=42 (full 0):
 garbage-first heap   total 157696K, used 135485K [0x0000000080000000, 0x0000000100000000)
  region size 1024K, 10 young (10240K), 2 survivors (2048K)
 Metaspace       used 104352K, capacity 107354K, committed 107472K, reserved 610304K
  class space    used 13446K, capacity 14641K, committed 14720K, reserved 516096K
}
Event: 67.784 GC heap after
{Heap after GC invocations=43 (full 0):
 garbage-first heap   total 189440K, used 129050K [0x0000000080000000, 0x0000000100000000)
  region size 1024K, 2 young (2048K), 2 survivors (2048K)
 Metaspace       used 104352K, capacity 107354K, committed 107472K, reserved 610304K
  class space    used 13446K, capacity 14641K, committed 14720K, reserved 516096K
}
Event: 67.981 GC heap before
{Heap before GC invocations=44 (full 0):
 garbage-first heap   total 189440K, used 149530K [0x0000000080000000, 0x0000000100000000)
  region size 1024K, 22 young (22528K), 2 survivors (2048K)
 Metaspace       used 104583K, capacity 107563K, committed 107728K, reserved 610304K
  class space    used 13487K, capacity 14689K, committed 14720K, reserved 516096K
}
Event: 67.997 GC heap after
{Heap after GC invocations=45 (full 0):
 garbage-first heap   total 189440K, used 132689K [0x0000000080000000, 0x0000000100000000)
  region size 1024K, 3 young (3072K), 3 survivors (3072K)
 Metaspace       used 104583K, capacity 107563K, committed 107728K, reserved 610304K
  class space    used 13487K, capacity 14689K, committed 14720K, reserved 516096K
}
Event: 68.260 GC heap before
{Heap before GC invocations=45 (full 0):
 garbage-first heap   total 189440K, used 153169K [0x0000000080000000, 0x0000000100000000)
  region size 1024K, 23 young (23552K), 3 survivors (3072K)
 Metaspace       used 105303K, capacity 108377K, committed 108496K, reserved 610304K
  class space    used 13629K, capacity 14857K, committed 14976K, reserved 516096K
}
Event: 68.277 GC heap after
{Heap after GC invocations=46 (full 0):
 garbage-first heap   total 189440K, used 136061K [0x0000000080000000, 0x0000000100000000)
  region size 1024K, 3 young (3072K), 3 survivors (3072K)
 Metaspace       used 105303K, capacity 108377K, committed 108496K, reserved 610304K
  class space    used 13629K, capacity 14857K, committed 14976K, reserved 516096K
}
Event: 68.796 GC heap before
{Heap before GC invocations=46 (full 0):
 garbage-first heap   total 189440K, used 155517K [0x0000000080000000, 0x0000000100000000)
  region size 1024K, 22 young (22528K), 3 survivors (3072K)
 Metaspace       used 106177K, capacity 109272K, committed 109392K, reserved 612352K
  class space    used 13772K, capacity 14985K, committed 15104K, reserved 516096K
}
Event: 68.813 GC heap after
{Heap after GC invocations=47 (full 0):
 garbage-first heap   total 189440K, used 139253K [0x0000000080000000, 0x0000000100000000)
  region size 1024K, 3 young (3072K), 3 survivors (3072K)
 Metaspace       used 106177K, capacity 109272K, committed 109392K, reserved 612352K
  class space    used 13772K, capacity 14985K, committed 15104K, reserved 516096K
}
Event: 69.135 GC heap before
{Heap before GC invocations=48 (full 0):
 garbage-first heap   total 189440K, used 157685K [0x0000000080000000, 0x0000000100000000)
  region size 1024K, 21 young (21504K), 3 survivors (3072K)
 Metaspace       used 106672K, capacity 109795K, committed 109904K, reserved 612352K
  class space    used 13857K, capacity 15095K, committed 15104K, reserved 516096K
}

