# JRE version: OpenJDK Runtime Environment 18.9 (11.0.15+10) (build 11.0.15+10)
# Java VM: OpenJDK 64-Bit Server VM 18.9 (11.0.15+10, mixed mode, tiered, compressed oops, g1 gc, windows-amd64)
Heap:
 garbage-first heap   total 157696K, used 82227K [0x0000000080000000, 0x0000000100000000)
  region size 1024K, 9 young (9216K), 5 survivors (5120K)
 Metaspace       used 86612K, capacity 89152K, committed 89168K, reserved 593920K
  class space    used 11265K, capacity 12279K, committed 12288K, reserved 516096K
GC Heap History (20 events):
Event: 10.612 GC heap before
{Heap before GC invocations=7 (full 0):
 garbage-first heap   total 131072K, used 78111K [0x0000000080000000, 0x0000000100000000)
  region size 1024K, 63 young (64512K), 5 survivors (5120K)
 Metaspace       used 34932K, capacity 35720K, committed 35920K, reserved 548864K
  class space    used 4423K, capacity 4750K, committed 4864K, reserved 516096K
}
Event: 10.633 GC heap after
{Heap after GC invocations=8 (full 0):
 garbage-first heap   total 131072K, used 23344K [0x0000000080000000, 0x0000000100000000)
  region size 1024K, 8 young (8192K), 8 survivors (8192K)
 Metaspace       used 34932K, capacity 35720K, committed 35920K, reserved 548864K
  class space    used 4423K, capacity 4750K, committed 4864K, reserved 516096K
}
Event: 20.111 GC heap before
{Heap before GC invocations=9 (full 0):
 garbage-first heap   total 131072K, used 95024K [0x0000000080000000, 0x0000000100000000)
  region size 1024K, 76 young (77824K), 8 survivors (8192K)
 Metaspace       used 40408K, capacity 41370K, committed 41680K, reserved 552960K
  class space    used 5034K, capacity 5391K, committed 5504K, reserved 516096K
}
Event: 20.134 GC heap after
{Heap after GC invocations=10 (full 0):
 garbage-first heap   total 157696K, used 29276K [0x0000000080000000, 0x0000000100000000)
  region size 1024K, 10 young (10240K), 10 survivors (10240K)
 Metaspace       used 40408K, capacity 41370K, committed 41680K, reserved 552960K
  class space    used 5034K, capacity 5391K, committed 5504K, reserved 516096K
}
Event: 22.580 GC heap before
{Heap before GC invocations=10 (full 0):
 garbage-first heap   total 157696K, used 110172K [0x0000000080000000, 0x0000000100000000)
  region size 1024K, 89 young (91136K), 10 survivors (10240K)
 Metaspace       used 47095K, capacity 48353K, committed 48592K, reserved 559104K
  class space    used 5969K, capacity 6448K, committed 6528K, reserved 516096K
}
Event: 22.598 GC heap after
{Heap after GC invocations=11 (full 0):
 garbage-first heap   total 157696K, used 31787K [0x0000000080000000, 0x0000000100000000)
  region size 1024K, 9 young (9216K), 9 survivors (9216K)
 Metaspace       used 47095K, capacity 48353K, committed 48592K, reserved 559104K
  class space    used 5969K, capacity 6448K, committed 6528K, reserved 516096K
}
Event: 25.407 GC heap before
{Heap before GC invocations=11 (full 0):
 garbage-first heap   total 157696K, used 120875K [0x0000000080000000, 0x0000000100000000)
  region size 1024K, 92 young (94208K), 9 survivors (9216K)
 Metaspace       used 54205K, capacity 55696K, committed 55760K, reserved 565248K
  class space    used 6945K, capacity 7552K, committed 7552K, reserved 516096K
}
Event: 25.425 GC heap after
{Heap after GC invocations=12 (full 0):
 garbage-first heap   total 157696K, used 40565K [0x0000000080000000, 0x0000000100000000)
  region size 1024K, 8 young (8192K), 8 survivors (8192K)
 Metaspace       used 54205K, capacity 55696K, committed 55760K, reserved 565248K
  class space    used 6945K, capacity 7552K, committed 7552K, reserved 516096K
}
Event: 26.828 GC heap before
{Heap before GC invocations=12 (full 0):
 garbage-first heap   total 157696K, used 95861K [0x0000000080000000, 0x0000000100000000)
  region size 1024K, 63 young (64512K), 8 survivors (8192K)
 Metaspace       used 58509K, capacity 60105K, committed 60240K, reserved 569344K
  class space    used 7548K, capacity 8189K, committed 8192K, reserved 516096K
}
Event: 26.852 GC heap after
{Heap after GC invocations=13 (full 0):
 garbage-first heap   total 157696K, used 42368K [0x0000000080000000, 0x0000000100000000)
  region size 1024K, 7 young (7168K), 7 survivors (7168K)
 Metaspace       used 58509K, capacity 60105K, committed 60240K, reserved 569344K
  class space    used 7548K, capacity 8189K, committed 8192K, reserved 516096K
}
Event: 28.795 GC heap before
{Heap before GC invocations=14 (full 0):
 garbage-first heap   total 157696K, used 116096K [0x0000000080000000, 0x0000000100000000)
  region size 1024K, 79 young (80896K), 7 survivors (7168K)
 Metaspace       used 63116K, capacity 64945K, committed 65104K, reserved 573440K
  class space    used 8136K, capacity 8850K, committed 8960K, reserved 516096K
}
Event: 28.818 GC heap after
{Heap after GC invocations=15 (full 0):
 garbage-first heap   total 157696K, used 45846K [0x0000000080000000, 0x0000000100000000)
  region size 1024K, 6 young (6144K), 6 survivors (6144K)
 Metaspace       used 63116K, capacity 64945K, committed 65104K, reserved 573440K
  class space    used 8136K, capacity 8850K, committed 8960K, reserved 516096K
}
Event: 32.502 GC heap before
{Heap before GC invocations=15 (full 0):
 garbage-first heap   total 157696K, used 119574K [0x0000000080000000, 0x0000000100000000)
  region size 1024K, 78 young (79872K), 6 survivors (6144K)
 Metaspace       used 68360K, capacity 70335K, committed 70480K, reserved 577536K
  class space    used 8829K, capacity 9608K, committed 9728K, reserved 516096K
}
Event: 32.527 GC heap after
{Heap after GC invocations=16 (full 0):
 garbage-first heap   total 157696K, used 51190K [0x0000000080000000, 0x0000000100000000)
  region size 1024K, 10 young (10240K), 10 survivors (10240K)
 Metaspace       used 68360K, capacity 70335K, committed 70480K, reserved 577536K
  class space    used 8829K, capacity 9608K, committed 9728K, reserved 516096K
}
Event: 35.240 GC heap before
{Heap before GC invocations=16 (full 0):
 garbage-first heap   total 157696K, used 124918K [0x0000000080000000, 0x0000000100000000)
  region size 1024K, 79 young (80896K), 10 survivors (10240K)
 Metaspace       used 74484K, capacity 76721K, committed 76880K, reserved 583680K
  class space    used 9557K, capacity 10427K, committed 10496K, reserved 516096K
}
Event: 35.262 GC heap after
{Heap after GC invocations=17 (full 0):
 garbage-first heap   total 157696K, used 63407K [0x0000000080000000, 0x0000000100000000)
  region size 1024K, 8 young (8192K), 8 survivors (8192K)
 Metaspace       used 74484K, capacity 76721K, committed 76880K, reserved 583680K
  class space    used 9557K, capacity 10427K, committed 10496K, reserved 516096K
}
Event: 38.156 GC heap before
{Heap before GC invocations=17 (full 0):
 garbage-first heap   total 157696K, used 124847K [0x0000000080000000, 0x0000000100000000)
  region size 1024K, 68 young (69632K), 8 survivors (8192K)
 Metaspace       used 80765K, capacity 83089K, committed 83280K, reserved 589824K
  class space    used 10329K, capacity 11244K, committed 11264K, reserved 516096K
}
Event: 38.175 GC heap after
{Heap after GC invocations=18 (full 0):
 garbage-first heap   total 157696K, used 68292K [0x0000000080000000, 0x0000000100000000)
  region size 1024K, 6 young (6144K), 6 survivors (6144K)
 Metaspace       used 80765K, capacity 83089K, committed 83280K, reserved 589824K
  class space    used 10329K, capacity 11244K, committed 11264K, reserved 516096K
}
Event: 48.201 GC heap before
{Heap before GC invocations=18 (full 0):
 garbage-first heap   total 157696K, used 124612K [0x0000000080000000, 0x0000000100000000)
  region size 1024K, 61 young (62464K), 6 survivors (6144K)
 Metaspace       used 82011K, capacity 84444K, committed 84816K, reserved 589824K
  class space    used 10498K, capacity 11399K, committed 11520K, reserved 516096K
}
Event: 48.220 GC heap after
{Heap after GC invocations=19 (full 0):
 garbage-first heap   total 157696K, used 74621K [0x0000000080000000, 0x0000000100000000)
  region size 1024K, 6 young (6144K), 6 survivors (6144K)
 Metaspace       used 82011K, capacity 84444K, committed 84816K, reserved 589824K
  class space    used 10498K, capacity 11399K, committed 11520K, reserved 516096K
}

