# JRE version: OpenJDK Runtime Environment 18.9 (11.0.15+10) (build 11.0.15+10)
# Java VM: OpenJDK 64-Bit Server VM 18.9 (11.0.15+10, mixed mode, tiered, compressed oops, g1 gc, windows-amd64)
Heap:
 garbage-first heap   total 656384K, used 145758K [0x0000000080000000, 0x0000000100000000)
  region size 1024K, 5 young (5120K), 5 survivors (5120K)
 Metaspace       used 109554K, capacity 112854K, committed 113096K, reserved 614400K
  class space    used 14226K, capacity 15510K, committed 15692K, reserved 516096K
GC Heap History (20 events):
Event: 132.247 GC heap after
{Heap after GC invocations=57 (full 0):
 garbage-first heap   total 131072K, used 110490K [0x0000000080000000, 0x0000000100000000)
  region size 1024K, 1 young (1024K), 1 survivors (1024K)
 Metaspace       used 101413K, capacity 104305K, committed 104520K, reserved 608256K
  class space    used 13058K, capacity 14180K, committed 14284K, reserved 516096K
}
Event: 132.329 GC heap before
{Heap before GC invocations=57 (full 0):
 garbage-first heap   total 131072K, used 115610K [0x0000000080000000, 0x0000000100000000)
  region size 1024K, 6 young (6144K), 1 survivors (1024K)
 Metaspace       used 101643K, capacity 104550K, committed 104776K, reserved 608256K
  class space    used 13090K, capacity 14196K, committed 14284K, reserved 516096K
}
Event: 132.334 GC heap after
{Heap after GC invocations=58 (full 0):
 garbage-first heap   total 131072K, used 111902K [0x0000000080000000, 0x0000000100000000)
  region size 1024K, 1 young (1024K), 1 survivors (1024K)
 Metaspace       used 101643K, capacity 104550K, committed 104776K, reserved 608256K
  class space    used 13090K, capacity 14196K, committed 14284K, reserved 516096K
}
Event: 132.446 GC heap before
{Heap before GC invocations=58 (full 0):
 garbage-first heap   total 131072K, used 117022K [0x0000000080000000, 0x0000000100000000)
  region size 1024K, 6 young (6144K), 1 survivors (1024K)
 Metaspace       used 101675K, capacity 104564K, committed 104776K, reserved 608256K
  class space    used 13095K, capacity 14202K, committed 14284K, reserved 516096K
}
Event: 132.453 GC heap after
{Heap after GC invocations=59 (full 0):
 garbage-first heap   total 157696K, used 113193K [0x0000000080000000, 0x0000000100000000)
  region size 1024K, 1 young (1024K), 1 survivors (1024K)
 Metaspace       used 101675K, capacity 104564K, committed 104776K, reserved 608256K
  class space    used 13095K, capacity 14202K, committed 14284K, reserved 516096K
}
Event: 132.611 GC heap before
{Heap before GC invocations=59 (full 0):
 garbage-first heap   total 157696K, used 126505K [0x0000000080000000, 0x0000000100000000)
  region size 1024K, 14 young (14336K), 1 survivors (1024K)
 Metaspace       used 101697K, capacity 104570K, committed 104776K, reserved 608256K
  class space    used 13096K, capacity 14203K, committed 14284K, reserved 516096K
}
Event: 132.622 GC heap after
{Heap after GC invocations=60 (full 0):
 garbage-first heap   total 157696K, used 117399K [0x0000000080000000, 0x0000000100000000)
  region size 1024K, 2 young (2048K), 2 survivors (2048K)
 Metaspace       used 101697K, capacity 104570K, committed 104776K, reserved 608256K
  class space    used 13096K, capacity 14203K, committed 14284K, reserved 516096K
}
Event: 132.710 GC heap before
{Heap before GC invocations=60 (full 0):
 garbage-first heap   total 157696K, used 127639K [0x0000000080000000, 0x0000000100000000)
  region size 1024K, 13 young (13312K), 2 survivors (2048K)
 Metaspace       used 101855K, capacity 104806K, committed 105032K, reserved 608256K
  class space    used 13129K, capacity 14264K, committed 14284K, reserved 516096K
}
Event: 132.726 GC heap after
{Heap after GC invocations=61 (full 0):
 garbage-first heap   total 157696K, used 120021K [0x0000000080000000, 0x0000000100000000)
  region size 1024K, 2 young (2048K), 2 survivors (2048K)
 Metaspace       used 101855K, capacity 104806K, committed 105032K, reserved 608256K
  class space    used 13129K, capacity 14264K, committed 14284K, reserved 516096K
}
Event: 132.800 GC heap before
{Heap before GC invocations=62 (full 0):
 garbage-first heap   total 157696K, used 129237K [0x0000000080000000, 0x0000000100000000)
  region size 1024K, 12 young (12288K), 2 survivors (2048K)
 Metaspace       used 102195K, capacity 105152K, committed 105416K, reserved 608256K
  class space    used 13174K, capacity 14315K, committed 14412K, reserved 516096K
}
Event: 132.810 GC heap after
{Heap after GC invocations=63 (full 0):
 garbage-first heap   total 157696K, used 122421K [0x0000000080000000, 0x0000000100000000)
  region size 1024K, 2 young (2048K), 2 survivors (2048K)
 Metaspace       used 102195K, capacity 105152K, committed 105416K, reserved 608256K
  class space    used 13174K, capacity 14315K, committed 14412K, reserved 516096K
}
Event: 132.901 GC heap before
{Heap before GC invocations=63 (full 0):
 garbage-first heap   total 157696K, used 131637K [0x0000000080000000, 0x0000000100000000)
  region size 1024K, 11 young (11264K), 2 survivors (2048K)
 Metaspace       used 102934K, capacity 105899K, committed 106056K, reserved 608256K
  class space    used 13266K, capacity 14413K, committed 14540K, reserved 516096K
}
Event: 132.925 GC heap after
{Heap after GC invocations=64 (full 0):
 garbage-first heap   total 283648K, used 124751K [0x0000000080000000, 0x0000000100000000)
  region size 1024K, 2 young (2048K), 2 survivors (2048K)
 Metaspace       used 102934K, capacity 105899K, committed 106056K, reserved 608256K
  class space    used 13266K, capacity 14413K, committed 14540K, reserved 516096K
}
Event: 133.630 GC heap before
{Heap before GC invocations=65 (full 0):
 garbage-first heap   total 283648K, used 172879K [0x0000000080000000, 0x0000000100000000)
  region size 1024K, 49 young (50176K), 2 survivors (2048K)
 Metaspace       used 104210K, capacity 107244K, committed 107592K, reserved 610304K
  class space    used 13473K, capacity 14679K, committed 14796K, reserved 516096K
}
Event: 133.654 GC heap after
{Heap after GC invocations=66 (full 0):
 garbage-first heap   total 283648K, used 132725K [0x0000000080000000, 0x0000000100000000)
  region size 1024K, 7 young (7168K), 7 survivors (7168K)
 Metaspace       used 104210K, capacity 107244K, committed 107592K, reserved 610304K
  class space    used 13473K, capacity 14679K, committed 14796K, reserved 516096K
}
Event: 134.107 GC heap before
{Heap before GC invocations=66 (full 0):
 garbage-first heap   total 283648K, used 181877K [0x0000000080000000, 0x0000000100000000)
  region size 1024K, 55 young (56320K), 7 survivors (7168K)
 Metaspace       used 105019K, capacity 108096K, committed 108232K, reserved 610304K
  class space    used 13619K, capacity 14834K, committed 14924K, reserved 516096K
}
Event: 134.148 GC heap after
{Heap after GC invocations=67 (full 0):
 garbage-first heap   total 283648K, used 140539K [0x0000000080000000, 0x0000000100000000)
  region size 1024K, 7 young (7168K), 7 survivors (7168K)
 Metaspace       used 105019K, capacity 108096K, committed 108232K, reserved 610304K
  class space    used 13619K, capacity 14834K, committed 14924K, reserved 516096K
}
Event: 135.392 GC heap before
{Heap before GC invocations=67 (full 0):
 garbage-first heap   total 283648K, used 189691K [0x0000000080000000, 0x0000000100000000)
  region size 1024K, 56 young (57344K), 7 survivors (7168K)
 Metaspace       used 108428K, capacity 111780K, committed 111944K, reserved 614400K
  class space    used 14159K, capacity 15488K, committed 15564K, reserved 516096K
}
Event: 135.485 GC heap after
{Heap after GC invocations=68 (full 0):
 garbage-first heap   total 283648K, used 144320K [0x0000000080000000, 0x0000000100000000)
  region size 1024K, 4 young (4096K), 4 survivors (4096K)
 Metaspace       used 108428K, capacity 111780K, committed 111944K, reserved 614400K
  class space    used 14159K, capacity 15488K, committed 15564K, reserved 516096K
}
Event: 136.843 GC heap before
{Heap before GC invocations=69 (full 0):
 garbage-first heap   total 283648K, used 196544K [0x0000000080000000, 0x0000000100000000)
  region size 1024K, 56 young (57344K), 4 survivors (4096K)
 Metaspace       used 109554K, capacity 112854K, committed 113096K, reserved 614400K
  class space    used 14226K, capacity 15510K, committed 15692K, reserved 516096K
}

