# JRE version: OpenJDK Runtime Environment 18.9 (11.0.15+10) (build 11.0.15+10)
# Java VM: OpenJDK 64-Bit Server VM 18.9 (11.0.15+10, mixed mode, tiered, compressed oops, g1 gc, windows-amd64)
Heap:
 garbage-first heap   total 264192K, used 141086K [0x0000000080000000, 0x0000000100000000)
  region size 1024K, 3 young (3072K), 3 survivors (3072K)
 Metaspace       used 106800K, capacity 109892K, committed 110032K, reserved 612352K
  class space    used 13876K, capacity 15116K, committed 15232K, reserved 516096K
GC Heap History (20 events):
Event: 52.785 GC heap after
{Heap after GC invocations=32 (full 0):
 garbage-first heap   total 157696K, used 111097K [0x0000000080000000, 0x0000000100000000)
  region size 1024K, 4 young (4096K), 4 survivors (4096K)
 Metaspace       used 101003K, capacity 103825K, committed 104144K, reserved 606208K
  class space    used 12999K, capacity 14105K, committed 14208K, reserved 516096K
}
Event: 53.126 GC heap before
{Heap before GC invocations=33 (full 0):
 garbage-first heap   total 157696K, used 131577K [0x0000000080000000, 0x0000000100000000)
  region size 1024K, 25 young (25600K), 4 survivors (4096K)
 Metaspace       used 101734K, capacity 104536K, committed 104656K, reserved 608256K
  class space    used 13090K, capacity 14189K, committed 14208K, reserved 516096K
}
Event: 53.138 GC heap after
{Heap after GC invocations=34 (full 0):
 garbage-first heap   total 157696K, used 115158K [0x0000000080000000, 0x0000000100000000)
  region size 1024K, 4 young (4096K), 4 survivors (4096K)
 Metaspace       used 101734K, capacity 104536K, committed 104656K, reserved 608256K
  class space    used 13090K, capacity 14189K, committed 14208K, reserved 516096K
}
Event: 53.373 GC heap before
{Heap before GC invocations=34 (full 0):
 garbage-first heap   total 157696K, used 131542K [0x0000000080000000, 0x0000000100000000)
  region size 1024K, 20 young (20480K), 4 survivors (4096K)
 Metaspace       used 102156K, capacity 105057K, committed 105296K, reserved 608256K
  class space    used 13160K, capacity 14301K, committed 14336K, reserved 516096K
}
Event: 53.389 GC heap after
{Heap after GC invocations=35 (full 0):
 garbage-first heap   total 157696K, used 118784K [0x0000000080000000, 0x0000000100000000)
  region size 1024K, 3 young (3072K), 3 survivors (3072K)
 Metaspace       used 102156K, capacity 105057K, committed 105296K, reserved 608256K
  class space    used 13160K, capacity 14301K, committed 14336K, reserved 516096K
}
Event: 53.677 GC heap before
{Heap before GC invocations=35 (full 0):
 garbage-first heap   total 157696K, used 133120K [0x0000000080000000, 0x0000000100000000)
  region size 1024K, 17 young (17408K), 3 survivors (3072K)
 Metaspace       used 103076K, capacity 105928K, committed 106192K, reserved 608256K
  class space    used 13280K, capacity 14399K, committed 14464K, reserved 516096K
}
Event: 53.692 GC heap after
{Heap after GC invocations=36 (full 0):
 garbage-first heap   total 157696K, used 121685K [0x0000000080000000, 0x0000000100000000)
  region size 1024K, 3 young (3072K), 3 survivors (3072K)
 Metaspace       used 103076K, capacity 105928K, committed 106192K, reserved 608256K
  class space    used 13280K, capacity 14399K, committed 14464K, reserved 516096K
}
Event: 54.044 GC heap before
{Heap before GC invocations=37 (full 0):
 garbage-first heap   total 157696K, used 132949K [0x0000000080000000, 0x0000000100000000)
  region size 1024K, 15 young (15360K), 3 survivors (3072K)
 Metaspace       used 103731K, capacity 106610K, committed 106832K, reserved 610304K
  class space    used 13358K, capacity 14513K, committed 14592K, reserved 516096K
}
Event: 54.056 GC heap after
{Heap after GC invocations=38 (full 0):
 garbage-first heap   total 157696K, used 124223K [0x0000000080000000, 0x0000000100000000)
  region size 1024K, 2 young (2048K), 2 survivors (2048K)
 Metaspace       used 103731K, capacity 106610K, committed 106832K, reserved 610304K
  class space    used 13358K, capacity 14513K, committed 14592K, reserved 516096K
}
Event: 54.155 GC heap before
{Heap before GC invocations=38 (full 0):
 garbage-first heap   total 157696K, used 134463K [0x0000000080000000, 0x0000000100000000)
  region size 1024K, 12 young (12288K), 2 survivors (2048K)
 Metaspace       used 104072K, capacity 107024K, committed 107216K, reserved 610304K
  class space    used 13424K, capacity 14611K, committed 14720K, reserved 516096K
}
Event: 54.168 GC heap after
{Heap after GC invocations=39 (full 0):
 garbage-first heap   total 157696K, used 126737K [0x0000000080000000, 0x0000000100000000)
  region size 1024K, 2 young (2048K), 2 survivors (2048K)
 Metaspace       used 104072K, capacity 107024K, committed 107216K, reserved 610304K
  class space    used 13424K, capacity 14611K, committed 14720K, reserved 516096K
}
Event: 54.297 GC heap before
{Heap before GC invocations=39 (full 0):
 garbage-first heap   total 157696K, used 135953K [0x0000000080000000, 0x0000000100000000)
  region size 1024K, 11 young (11264K), 2 survivors (2048K)
 Metaspace       used 104135K, capacity 107055K, committed 107216K, reserved 610304K
  class space    used 13432K, capacity 14619K, committed 14720K, reserved 516096K
}
Event: 54.309 GC heap after
{Heap after GC invocations=40 (full 0):
 garbage-first heap   total 189440K, used 128662K [0x0000000080000000, 0x0000000100000000)
  region size 1024K, 2 young (2048K), 2 survivors (2048K)
 Metaspace       used 104135K, capacity 107055K, committed 107216K, reserved 610304K
  class space    used 13432K, capacity 14619K, committed 14720K, reserved 516096K
}
Event: 54.723 GC heap before
{Heap before GC invocations=40 (full 0):
 garbage-first heap   total 189440K, used 148118K [0x0000000080000000, 0x0000000100000000)
  region size 1024K, 21 young (21504K), 2 survivors (2048K)
 Metaspace       used 104596K, capacity 107515K, committed 107856K, reserved 610304K
  class space    used 13515K, capacity 14706K, committed 14848K, reserved 516096K
}
Event: 54.737 GC heap after
{Heap after GC invocations=41 (full 0):
 garbage-first heap   total 189440K, used 132096K [0x0000000080000000, 0x0000000100000000)
  region size 1024K, 3 young (3072K), 3 survivors (3072K)
 Metaspace       used 104596K, capacity 107515K, committed 107856K, reserved 610304K
  class space    used 13515K, capacity 14706K, committed 14848K, reserved 516096K
}
Event: 55.056 GC heap before
{Heap before GC invocations=42 (full 0):
 garbage-first heap   total 189440K, used 151552K [0x0000000080000000, 0x0000000100000000)
  region size 1024K, 22 young (22528K), 3 survivors (3072K)
 Metaspace       used 105542K, capacity 108486K, committed 108752K, reserved 610304K
  class space    used 13687K, capacity 14883K, committed 14976K, reserved 516096K
}
Event: 55.071 GC heap after
{Heap after GC invocations=43 (full 0):
 garbage-first heap   total 189440K, used 135235K [0x0000000080000000, 0x0000000100000000)
  region size 1024K, 3 young (3072K), 3 survivors (3072K)
 Metaspace       used 105542K, capacity 108486K, committed 108752K, reserved 610304K
  class space    used 13687K, capacity 14883K, committed 14976K, reserved 516096K
}
Event: 55.319 GC heap before
{Heap before GC invocations=43 (full 0):
 garbage-first heap   total 189440K, used 153667K [0x0000000080000000, 0x0000000100000000)
  region size 1024K, 21 young (21504K), 3 survivors (3072K)
 Metaspace       used 106304K, capacity 109394K, committed 109648K, reserved 612352K
  class space    used 13813K, capacity 15040K, committed 15104K, reserved 516096K
}
Event: 55.334 GC heap after
{Heap after GC invocations=44 (full 0):
 garbage-first heap   total 189440K, used 138024K [0x0000000080000000, 0x0000000100000000)
  region size 1024K, 3 young (3072K), 3 survivors (3072K)
 Metaspace       used 106304K, capacity 109394K, committed 109648K, reserved 612352K
  class space    used 13813K, capacity 15040K, committed 15104K, reserved 516096K
}
Event: 55.741 GC heap before
{Heap before GC invocations=44 (full 0):
 garbage-first heap   total 189440K, used 156456K [0x0000000080000000, 0x0000000100000000)
  region size 1024K, 21 young (21504K), 3 survivors (3072K)
 Metaspace       used 106800K, capacity 109892K, committed 110032K, reserved 612352K
  class space    used 13876K, capacity 15116K, committed 15232K, reserved 516096K
}

