# JRE version: OpenJDK Runtime Environment 18.9 (11.0.15+10) (build 11.0.15+10)
# Java VM: OpenJDK 64-Bit Server VM 18.9 (11.0.15+10, mixed mode, tiered, compressed oops, g1 gc, windows-amd64)
Heap:
 garbage-first heap   total 131072K, used 106881K [0x0000000080000000, 0x0000000100000000)
  region size 1024K, 13 young (13312K), 1 survivors (1024K)
 Metaspace       used 101422K, capacity 104399K, committed 104584K, reserved 608256K
  class space    used 12998K, capacity 14112K, committed 14208K, reserved 516096K
GC Heap History (20 events):
Event: 164.829 GC heap before
{Heap before GC invocations=31 (full 0):
 garbage-first heap   total 131072K, used 109720K [0x0000000080000000, 0x0000000100000000)
  region size 1024K, 30 young (30720K), 4 survivors (4096K)
 Metaspace       used 89390K, capacity 92084K, committed 92296K, reserved 595968K
  class space    used 11556K, capacity 12564K, committed 12672K, reserved 516096K
}
Event: 164.846 GC heap after
{Heap after GC invocations=32 (full 0):
 garbage-first heap   total 131072K, used 86119K [0x0000000080000000, 0x0000000100000000)
  region size 1024K, 3 young (3072K), 3 survivors (3072K)
 Metaspace       used 89390K, capacity 92084K, committed 92296K, reserved 595968K
  class space    used 11556K, capacity 12564K, committed 12672K, reserved 516096K
}
Event: 164.938 GC heap before
{Heap before GC invocations=32 (full 0):
 garbage-first heap   total 131072K, used 89191K [0x0000000080000000, 0x0000000100000000)
  region size 1024K, 6 young (6144K), 3 survivors (3072K)
 Metaspace       used 89526K, capacity 92251K, committed 92552K, reserved 598016K
  class space    used 11574K, capacity 12597K, committed 12672K, reserved 516096K
}
Event: 164.953 GC heap after
{Heap after GC invocations=33 (full 0):
 garbage-first heap   total 131072K, used 86174K [0x0000000080000000, 0x0000000100000000)
  region size 1024K, 1 young (1024K), 1 survivors (1024K)
 Metaspace       used 89526K, capacity 92251K, committed 92552K, reserved 598016K
  class space    used 11574K, capacity 12597K, committed 12672K, reserved 516096K
}
Event: 167.460 GC heap before
{Heap before GC invocations=33 (full 0):
 garbage-first heap   total 131072K, used 109726K [0x0000000080000000, 0x0000000100000000)
  region size 1024K, 24 young (24576K), 1 survivors (1024K)
 Metaspace       used 92542K, capacity 95323K, committed 95496K, reserved 600064K
  class space    used 11889K, capacity 12953K, committed 13056K, reserved 516096K
}
Event: 167.476 GC heap after
{Heap after GC invocations=34 (full 0):
 garbage-first heap   total 131072K, used 87833K [0x0000000080000000, 0x0000000100000000)
  region size 1024K, 3 young (3072K), 3 survivors (3072K)
 Metaspace       used 92542K, capacity 95323K, committed 95496K, reserved 600064K
  class space    used 11889K, capacity 12953K, committed 13056K, reserved 516096K
}
Event: 168.670 GC heap before
{Heap before GC invocations=35 (full 0):
 garbage-first heap   total 131072K, used 110361K [0x0000000080000000, 0x0000000100000000)
  region size 1024K, 25 young (25600K), 3 survivors (3072K)
 Metaspace       used 94883K, capacity 97729K, committed 97800K, reserved 602112K
  class space    used 12256K, capacity 13299K, committed 13312K, reserved 516096K
}
Event: 168.686 GC heap after
{Heap after GC invocations=36 (full 0):
 garbage-first heap   total 131072K, used 88223K [0x0000000080000000, 0x0000000100000000)
  region size 1024K, 3 young (3072K), 3 survivors (3072K)
 Metaspace       used 94883K, capacity 97729K, committed 97800K, reserved 602112K
  class space    used 12256K, capacity 13299K, committed 13312K, reserved 516096K
}
Event: 171.339 GC heap before
{Heap before GC invocations=36 (full 0):
 garbage-first heap   total 131072K, used 110751K [0x0000000080000000, 0x0000000100000000)
  region size 1024K, 25 young (25600K), 3 survivors (3072K)
 Metaspace       used 96507K, capacity 99386K, committed 99592K, reserved 604160K
  class space    used 12458K, capacity 13522K, committed 13568K, reserved 516096K
}
Event: 171.356 GC heap after
{Heap after GC invocations=37 (full 0):
 garbage-first heap   total 131072K, used 89147K [0x0000000080000000, 0x0000000100000000)
  region size 1024K, 2 young (2048K), 2 survivors (2048K)
 Metaspace       used 96507K, capacity 99386K, committed 99592K, reserved 604160K
  class space    used 12458K, capacity 13522K, committed 13568K, reserved 516096K
}
Event: 174.085 GC heap before
{Heap before GC invocations=38 (full 0):
 garbage-first heap   total 131072K, used 110651K [0x0000000080000000, 0x0000000100000000)
  region size 1024K, 24 young (24576K), 2 survivors (2048K)
 Metaspace       used 100824K, capacity 103722K, committed 103944K, reserved 606208K
  class space    used 12968K, capacity 14075K, committed 14080K, reserved 516096K
}
Event: 174.097 GC heap after
{Heap after GC invocations=39 (full 0):
 garbage-first heap   total 131072K, used 92160K [0x0000000080000000, 0x0000000100000000)
  region size 1024K, 3 young (3072K), 3 survivors (3072K)
 Metaspace       used 100824K, capacity 103722K, committed 103944K, reserved 606208K
  class space    used 12968K, capacity 14075K, committed 14080K, reserved 516096K
}
Event: 174.133 GC heap before
{Heap before GC invocations=39 (full 0):
 garbage-first heap   total 131072K, used 95232K [0x0000000080000000, 0x0000000100000000)
  region size 1024K, 6 young (6144K), 3 survivors (3072K)
 Metaspace       used 100825K, capacity 103722K, committed 103944K, reserved 606208K
  class space    used 12968K, capacity 14075K, committed 14080K, reserved 516096K
}
Event: 174.141 GC heap after
{Heap after GC invocations=40 (full 0):
 garbage-first heap   total 131072K, used 92731K [0x0000000080000000, 0x0000000100000000)
  region size 1024K, 1 young (1024K), 1 survivors (1024K)
 Metaspace       used 100825K, capacity 103722K, committed 103944K, reserved 606208K
  class space    used 12968K, capacity 14075K, committed 14080K, reserved 516096K
}
Event: 174.627 GC heap before
{Heap before GC invocations=40 (full 0):
 garbage-first heap   total 131072K, used 111163K [0x0000000080000000, 0x0000000100000000)
  region size 1024K, 19 young (19456K), 1 survivors (1024K)
 Metaspace       used 101161K, capacity 104144K, committed 104328K, reserved 608256K
  class space    used 12985K, capacity 14092K, committed 14208K, reserved 516096K
}
Event: 174.632 GC heap after
{Heap after GC invocations=41 (full 0):
 garbage-first heap   total 131072K, used 93254K [0x0000000080000000, 0x0000000100000000)
  region size 1024K, 2 young (2048K), 2 survivors (2048K)
 Metaspace       used 101161K, capacity 104144K, committed 104328K, reserved 608256K
  class space    used 12985K, capacity 14092K, committed 14208K, reserved 516096K
}
Event: 175.529 GC heap before
{Heap before GC invocations=42 (full 0):
 garbage-first heap   total 131072K, used 109638K [0x0000000080000000, 0x0000000100000000)
  region size 1024K, 19 young (19456K), 2 survivors (2048K)
 Metaspace       used 101293K, capacity 104289K, committed 104584K, reserved 608256K
  class space    used 12989K, capacity 14094K, committed 14208K, reserved 516096K
}
Event: 175.535 GC heap after
{Heap after GC invocations=43 (full 0):
 garbage-first heap   total 131072K, used 96147K [0x0000000080000000, 0x0000000100000000)
  region size 1024K, 3 young (3072K), 3 survivors (3072K)
 Metaspace       used 101293K, capacity 104289K, committed 104584K, reserved 608256K
  class space    used 12989K, capacity 14094K, committed 14208K, reserved 516096K
}
Event: 176.148 GC heap before
{Heap before GC invocations=43 (full 0):
 garbage-first heap   total 131072K, used 109459K [0x0000000080000000, 0x0000000100000000)
  region size 1024K, 17 young (17408K), 3 survivors (3072K)
 Metaspace       used 101416K, capacity 104399K, committed 104584K, reserved 608256K
  class space    used 12998K, capacity 14112K, committed 14208K, reserved 516096K
}
Event: 176.153 GC heap after
{Heap after GC invocations=44 (full 0):
 garbage-first heap   total 131072K, used 96641K [0x0000000080000000, 0x0000000100000000)
  region size 1024K, 1 young (1024K), 1 survivors (1024K)
 Metaspace       used 101416K, capacity 104399K, committed 104584K, reserved 608256K
  class space    used 12998K, capacity 14112K, committed 14208K, reserved 516096K
}

