# JRE version: OpenJDK Runtime Environment 18.9 (11.0.15+10) (build 11.0.15+10)
# Java VM: OpenJDK 64-Bit Server VM 18.9 (11.0.15+10, mixed mode, tiered, compressed oops, g1 gc, windows-amd64)
Heap:
 garbage-first heap   total 262144K, used 60761K [0x0000000080000000, 0x0000000100000000)
  region size 1024K, 28 young (28672K), 17 survivors (17408K)
 Metaspace       used 69269K, capacity 71321K, committed 71560K, reserved 579584K
  class space    used 8967K, capacity 9786K, committed 9856K, reserved 516096K
GC Heap History (20 events):
Event: 3.021 GC heap before
{Heap before GC invocations=1 (full 0):
 garbage-first heap   total 262144K, used 19193K [0x0000000080000000, 0x0000000100000000)
  region size 1024K, 13 young (13312K), 2 survivors (2048K)
 Metaspace       used 10237K, capacity 10500K, committed 10624K, reserved 526336K
  class space    used 1045K, capacity 1140K, committed 1152K, reserved 516096K
}
Event: 3.025 GC heap after
{Heap after GC invocations=2 (full 0):
 garbage-first heap   total 262144K, used 9559K [0x0000000080000000, 0x0000000100000000)
  region size 1024K, 2 young (2048K), 2 survivors (2048K)
 Metaspace       used 10237K, capacity 10500K, committed 10624K, reserved 526336K
  class space    used 1045K, capacity 1140K, committed 1152K, reserved 516096K
}
Event: 4.702 GC heap before
{Heap before GC invocations=2 (full 0):
 garbage-first heap   total 262144K, used 39255K [0x0000000080000000, 0x0000000100000000)
  region size 1024K, 30 young (30720K), 2 survivors (2048K)
 Metaspace       used 11256K, capacity 11455K, committed 11520K, reserved 526336K
  class space    used 1148K, capacity 1245K, committed 1280K, reserved 516096K
}
Event: 4.707 GC heap after
{Heap after GC invocations=3 (full 0):
 garbage-first heap   total 262144K, used 14167K [0x0000000080000000, 0x0000000100000000)
  region size 1024K, 4 young (4096K), 4 survivors (4096K)
 Metaspace       used 11256K, capacity 11455K, committed 11520K, reserved 526336K
  class space    used 1148K, capacity 1245K, committed 1280K, reserved 516096K
}
Event: 7.527 GC heap before
{Heap before GC invocations=3 (full 0):
 garbage-first heap   total 262144K, used 55127K [0x0000000080000000, 0x0000000100000000)
  region size 1024K, 44 young (45056K), 4 survivors (4096K)
 Metaspace       used 18095K, capacity 18500K, committed 18688K, reserved 532480K
  class space    used 2122K, capacity 2275K, committed 2304K, reserved 516096K
}
Event: 7.536 GC heap after
{Heap after GC invocations=4 (full 0):
 garbage-first heap   total 262144K, used 17170K [0x0000000080000000, 0x0000000100000000)
  region size 1024K, 6 young (6144K), 6 survivors (6144K)
 Metaspace       used 18095K, capacity 18500K, committed 18688K, reserved 532480K
  class space    used 2122K, capacity 2275K, committed 2304K, reserved 516096K
}
Event: 8.228 GC heap before
{Heap before GC invocations=4 (full 0):
 garbage-first heap   total 262144K, used 36626K [0x0000000080000000, 0x0000000100000000)
  region size 1024K, 26 young (26624K), 6 survivors (6144K)
 Metaspace       used 20749K, capacity 21173K, committed 21296K, reserved 536576K
  class space    used 2482K, capacity 2659K, committed 2688K, reserved 516096K
}
Event: 8.242 GC heap after
{Heap after GC invocations=5 (full 0):
 garbage-first heap   total 262144K, used 17962K [0x0000000080000000, 0x0000000100000000)
  region size 1024K, 4 young (4096K), 4 survivors (4096K)
 Metaspace       used 20749K, capacity 21173K, committed 21296K, reserved 536576K
  class space    used 2482K, capacity 2659K, committed 2688K, reserved 516096K
}
Event: 11.864 GC heap before
{Heap before GC invocations=6 (full 0):
 garbage-first heap   total 262144K, used 77354K [0x0000000080000000, 0x0000000100000000)
  region size 1024K, 63 young (64512K), 4 survivors (4096K)
 Metaspace       used 26862K, capacity 27436K, committed 27696K, reserved 540672K
  class space    used 3425K, capacity 3668K, committed 3712K, reserved 516096K
}
Event: 11.878 GC heap after
{Heap after GC invocations=7 (full 0):
 garbage-first heap   total 262144K, used 19856K [0x0000000080000000, 0x0000000100000000)
  region size 1024K, 6 young (6144K), 6 survivors (6144K)
 Metaspace       used 26862K, capacity 27436K, committed 27696K, reserved 540672K
  class space    used 3425K, capacity 3668K, committed 3712K, reserved 516096K
}
Event: 13.555 GC heap before
{Heap before GC invocations=7 (full 0):
 garbage-first heap   total 262144K, used 72080K [0x0000000080000000, 0x0000000100000000)
  region size 1024K, 58 young (59392K), 6 survivors (6144K)
 Metaspace       used 34906K, capacity 35711K, committed 35920K, reserved 548864K
  class space    used 4422K, capacity 4747K, committed 4864K, reserved 516096K
}
Event: 13.574 GC heap after
{Heap after GC invocations=8 (full 0):
 garbage-first heap   total 262144K, used 23387K [0x0000000080000000, 0x0000000100000000)
  region size 1024K, 9 young (9216K), 9 survivors (9216K)
 Metaspace       used 34906K, capacity 35711K, committed 35920K, reserved 548864K
  class space    used 4422K, capacity 4747K, committed 4864K, reserved 516096K
}
Event: 50.631 GC heap before
{Heap before GC invocations=9 (full 0):
 garbage-first heap   total 262144K, used 142171K [0x0000000080000000, 0x0000000100000000)
  region size 1024K, 122 young (124928K), 9 survivors (9216K)
 Metaspace       used 44027K, capacity 45238K, committed 45520K, reserved 557056K
  class space    used 5499K, capacity 5960K, committed 6016K, reserved 516096K
}
Event: 50.678 GC heap after
{Heap after GC invocations=10 (full 0):
 garbage-first heap   total 262144K, used 30600K [0x0000000080000000, 0x0000000100000000)
  region size 1024K, 14 young (14336K), 14 survivors (14336K)
 Metaspace       used 44027K, capacity 45238K, committed 45520K, reserved 557056K
  class space    used 5499K, capacity 5960K, committed 6016K, reserved 516096K
}
Event: 56.857 GC heap before
{Heap before GC invocations=10 (full 0):
 garbage-first heap   total 262144K, used 168840K [0x0000000080000000, 0x0000000100000000)
  region size 1024K, 145 young (148480K), 14 survivors (14336K)
 Metaspace       used 54984K, capacity 56554K, committed 56784K, reserved 565248K
  class space    used 7069K, capacity 7728K, committed 7808K, reserved 516096K
}
Event: 56.896 GC heap after
{Heap after GC invocations=11 (full 0):
 garbage-first heap   total 262144K, used 40633K [0x0000000080000000, 0x0000000100000000)
  region size 1024K, 14 young (14336K), 14 survivors (14336K)
 Metaspace       used 54984K, capacity 56554K, committed 56784K, reserved 565248K
  class space    used 7069K, capacity 7728K, committed 7808K, reserved 516096K
}
Event: 58.581 GC heap before
{Heap before GC invocations=11 (full 0):
 garbage-first heap   total 262144K, used 85689K [0x0000000080000000, 0x0000000100000000)
  region size 1024K, 59 young (60416K), 14 survivors (14336K)
 Metaspace       used 58483K, capacity 60071K, committed 60296K, reserved 569344K
  class space    used 7542K, capacity 8197K, committed 8320K, reserved 516096K
}
Event: 58.612 GC heap after
{Heap after GC invocations=12 (full 0):
 garbage-first heap   total 262144K, used 41904K [0x0000000080000000, 0x0000000100000000)
  region size 1024K, 8 young (8192K), 8 survivors (8192K)
 Metaspace       used 58483K, capacity 60071K, committed 60296K, reserved 569344K
  class space    used 7542K, capacity 8197K, committed 8320K, reserved 516096K
}
Event: 75.188 GC heap before
{Heap before GC invocations=13 (full 0):
 garbage-first heap   total 262144K, used 190384K [0x0000000080000000, 0x0000000100000000)
  region size 1024K, 153 young (156672K), 8 survivors (8192K)
 Metaspace       used 68165K, capacity 70145K, committed 70280K, reserved 577536K
  class space    used 8800K, capacity 9566K, committed 9600K, reserved 516096K
}
Event: 75.225 GC heap after
{Heap after GC invocations=14 (full 0):
 garbage-first heap   total 262144K, used 50521K [0x0000000080000000, 0x0000000100000000)
  region size 1024K, 17 young (17408K), 17 survivors (17408K)
 Metaspace       used 68165K, capacity 70145K, committed 70280K, reserved 577536K
  class space    used 8800K, capacity 9566K, committed 9600K, reserved 516096K
}

