# JRE version: OpenJDK Runtime Environment 18.9 (11.0.15+10) (build 11.0.15+10)
# Java VM: OpenJDK 64-Bit Server VM 18.9 (11.0.15+10, mixed mode, tiered, compressed oops, g1 gc, windows-amd64)
Heap:
 garbage-first heap   total 346112K, used 250172K [0x0000000080000000, 0x0000000100000000)
  region size 1024K, 88 young (90112K), 11 survivors (11264K)
 Metaspace       used 109287K, capacity 112576K, committed 112712K, reserved 614400K
  class space    used 14248K, capacity 15557K, committed 15564K, reserved 516096K
GC Heap History (20 events):
Event: 61.331 GC heap before
{Heap before GC invocations=53 (full 0):
 garbage-first heap   total 157696K, used 130424K [0x0000000080000000, 0x0000000100000000)
  region size 1024K, 20 young (20480K), 3 survivors (3072K)
 Metaspace       used 100400K, capacity 103260K, committed 103368K, reserved 606208K
  class space    used 12973K, capacity 14102K, committed 14156K, reserved 516096K
}
Event: 61.338 GC heap after
{Heap after GC invocations=54 (full 0):
 garbage-first heap   total 157696K, used 114974K [0x0000000080000000, 0x0000000100000000)
  region size 1024K, 3 young (3072K), 3 survivors (3072K)
 Metaspace       used 100400K, capacity 103260K, committed 103368K, reserved 606208K
  class space    used 12973K, capacity 14102K, committed 14156K, reserved 516096K
}
Event: 61.522 GC heap before
{Heap before GC invocations=54 (full 0):
 garbage-first heap   total 157696K, used 130334K [0x0000000080000000, 0x0000000100000000)
  region size 1024K, 20 young (20480K), 3 survivors (3072K)
 Metaspace       used 100609K, capacity 103470K, committed 103624K, reserved 606208K
  class space    used 13005K, capacity 14151K, committed 14156K, reserved 516096K
}
Event: 61.537 GC heap after
{Heap after GC invocations=55 (full 0):
 garbage-first heap   total 157696K, used 119524K [0x0000000080000000, 0x0000000100000000)
  region size 1024K, 3 young (3072K), 3 survivors (3072K)
 Metaspace       used 100609K, capacity 103470K, committed 103624K, reserved 606208K
  class space    used 13005K, capacity 14151K, committed 14156K, reserved 516096K
}
Event: 61.758 GC heap before
{Heap before GC invocations=55 (full 0):
 garbage-first heap   total 157696K, used 132836K [0x0000000080000000, 0x0000000100000000)
  region size 1024K, 16 young (16384K), 3 survivors (3072K)
 Metaspace       used 100777K, capacity 103723K, committed 104008K, reserved 606208K
  class space    used 13035K, capacity 14173K, committed 14284K, reserved 516096K
}
Event: 61.773 GC heap after
{Heap after GC invocations=56 (full 0):
 garbage-first heap   total 193536K, used 123242K [0x0000000080000000, 0x0000000100000000)
  region size 1024K, 2 young (2048K), 2 survivors (2048K)
 Metaspace       used 100777K, capacity 103723K, committed 104008K, reserved 606208K
  class space    used 13035K, capacity 14173K, committed 14284K, reserved 516096K
}
Event: 62.232 GC heap before
{Heap before GC invocations=57 (full 0):
 garbage-first heap   total 193536K, used 148842K [0x0000000080000000, 0x0000000100000000)
  region size 1024K, 27 young (27648K), 2 survivors (2048K)
 Metaspace       used 102145K, capacity 105080K, committed 105160K, reserved 608256K
  class space    used 13219K, capacity 14366K, committed 14412K, reserved 516096K
}
Event: 62.253 GC heap after
{Heap after GC invocations=58 (full 0):
 garbage-first heap   total 193536K, used 128632K [0x0000000080000000, 0x0000000100000000)
  region size 1024K, 4 young (4096K), 4 survivors (4096K)
 Metaspace       used 102145K, capacity 105080K, committed 105160K, reserved 608256K
  class space    used 13219K, capacity 14366K, committed 14412K, reserved 516096K
}
Event: 62.469 GC heap before
{Heap before GC invocations=58 (full 0):
 garbage-first heap   total 193536K, used 152184K [0x0000000080000000, 0x0000000100000000)
  region size 1024K, 28 young (28672K), 4 survivors (4096K)
 Metaspace       used 102587K, capacity 105515K, committed 105800K, reserved 608256K
  class space    used 13253K, capacity 14404K, committed 14540K, reserved 516096K
}
Event: 62.490 GC heap after
{Heap after GC invocations=59 (full 0):
 garbage-first heap   total 193536K, used 134298K [0x0000000080000000, 0x0000000100000000)
  region size 1024K, 4 young (4096K), 4 survivors (4096K)
 Metaspace       used 102587K, capacity 105515K, committed 105800K, reserved 608256K
  class space    used 13253K, capacity 14404K, committed 14540K, reserved 516096K
}
Event: 62.881 GC heap before
{Heap before GC invocations=59 (full 0):
 garbage-first heap   total 193536K, used 156826K [0x0000000080000000, 0x0000000100000000)
  region size 1024K, 26 young (26624K), 4 survivors (4096K)
 Metaspace       used 102982K, capacity 105985K, committed 106056K, reserved 608256K
  class space    used 13333K, capacity 14526K, committed 14540K, reserved 516096K
}
Event: 62.901 GC heap after
{Heap after GC invocations=60 (full 0):
 garbage-first heap   total 193536K, used 139167K [0x0000000080000000, 0x0000000100000000)
  region size 1024K, 4 young (4096K), 4 survivors (4096K)
 Metaspace       used 102982K, capacity 105985K, committed 106056K, reserved 608256K
  class space    used 13333K, capacity 14526K, committed 14540K, reserved 516096K
}
Event: 63.091 GC heap before
{Heap before GC invocations=60 (full 0):
 garbage-first heap   total 193536K, used 159647K [0x0000000080000000, 0x0000000100000000)
  region size 1024K, 24 young (24576K), 4 survivors (4096K)
 Metaspace       used 102977K, capacity 105974K, committed 106056K, reserved 608256K
  class space    used 13330K, capacity 14520K, committed 14540K, reserved 516096K
}
Event: 63.114 GC heap after
{Heap after GC invocations=61 (full 0):
 garbage-first heap   total 346112K, used 143171K [0x0000000080000000, 0x0000000100000000)
  region size 1024K, 3 young (3072K), 3 survivors (3072K)
 Metaspace       used 102977K, capacity 105974K, committed 106056K, reserved 608256K
  class space    used 13330K, capacity 14520K, committed 14540K, reserved 516096K
}
Event: 63.907 GC heap before
{Heap before GC invocations=62 (full 0):
 garbage-first heap   total 346112K, used 215875K [0x0000000080000000, 0x0000000100000000)
  region size 1024K, 75 young (76800K), 3 survivors (3072K)
 Metaspace       used 106234K, capacity 109352K, committed 109512K, reserved 612352K
  class space    used 13900K, capacity 15164K, committed 15180K, reserved 516096K
}
Event: 63.943 GC heap after
{Heap after GC invocations=63 (full 0):
 garbage-first heap   total 346112K, used 154047K [0x0000000080000000, 0x0000000100000000)
  region size 1024K, 10 young (10240K), 10 survivors (10240K)
 Metaspace       used 106234K, capacity 109352K, committed 109512K, reserved 612352K
  class space    used 13900K, capacity 15164K, committed 15180K, reserved 516096K
}
Event: 65.125 GC heap before
{Heap before GC invocations=63 (full 0):
 garbage-first heap   total 346112K, used 228799K [0x0000000080000000, 0x0000000100000000)
  region size 1024K, 84 young (86016K), 10 survivors (10240K)
 Metaspace       used 108519K, capacity 111871K, committed 111944K, reserved 614400K
  class space    used 14207K, capacity 15519K, committed 15564K, reserved 516096K
}
Event: 65.157 GC heap after
{Heap after GC invocations=64 (full 0):
 garbage-first heap   total 346112K, used 164416K [0x0000000080000000, 0x0000000100000000)
  region size 1024K, 10 young (10240K), 10 survivors (10240K)
 Metaspace       used 108519K, capacity 111871K, committed 111944K, reserved 614400K
  class space    used 14207K, capacity 15519K, committed 15564K, reserved 516096K
}
Event: 66.025 GC heap before
{Heap before GC invocations=64 (full 0):
 garbage-first heap   total 346112K, used 241216K [0x0000000080000000, 0x0000000100000000)
  region size 1024K, 85 young (87040K), 10 survivors (10240K)
 Metaspace       used 109080K, capacity 112429K, committed 112456K, reserved 614400K
  class space    used 14232K, capacity 15552K, committed 15564K, reserved 516096K
}
Event: 66.056 GC heap after
{Heap after GC invocations=65 (full 0):
 garbage-first heap   total 346112K, used 172348K [0x0000000080000000, 0x0000000100000000)
  region size 1024K, 11 young (11264K), 11 survivors (11264K)
 Metaspace       used 109080K, capacity 112429K, committed 112456K, reserved 614400K
  class space    used 14232K, capacity 15552K, committed 15564K, reserved 516096K
}

