# JRE version: OpenJDK Runtime Environment 18.9 (11.0.15+10) (build 11.0.15+10)
# Java VM: OpenJDK 64-Bit Server VM 18.9 (11.0.15+10, mixed mode, tiered, compressed oops, g1 gc, windows-amd64)
Heap:
 garbage-first heap   total 157696K, used 120278K [0x0000000080000000, 0x0000000100000000)
  region size 1024K, 29 young (29696K), 5 survivors (5120K)
 Metaspace       used 98664K, capacity 101477K, committed 101640K, reserved 604160K
  class space    used 12644K, capacity 13739K, committed 13824K, reserved 516096K
GC Heap History (20 events):
Event: 32.014 GC heap before
{Heap before GC invocations=18 (full 0):
 garbage-first heap   total 157696K, used 126354K [0x0000000080000000, 0x0000000100000000)
  region size 1024K, 82 young (83968K), 11 survivors (11264K)
 Metaspace       used 75972K, capacity 78155K, committed 78472K, reserved 585728K
  class space    used 9716K, capacity 10562K, committed 10624K, reserved 516096K
}
Event: 32.038 GC heap after
{Heap after GC invocations=19 (full 0):
 garbage-first heap   total 157696K, used 63167K [0x0000000080000000, 0x0000000100000000)
  region size 1024K, 9 young (9216K), 9 survivors (9216K)
 Metaspace       used 75972K, capacity 78155K, committed 78472K, reserved 585728K
  class space    used 9716K, capacity 10562K, committed 10624K, reserved 516096K
}
Event: 34.498 GC heap before
{Heap before GC invocations=19 (full 0):
 garbage-first heap   total 157696K, used 125631K [0x0000000080000000, 0x0000000100000000)
  region size 1024K, 70 young (71680K), 9 survivors (9216K)
 Metaspace       used 80943K, capacity 83233K, committed 83592K, reserved 589824K
  class space    used 10354K, capacity 11269K, committed 11392K, reserved 516096K
}
Event: 34.511 GC heap after
{Heap after GC invocations=20 (full 0):
 garbage-first heap   total 157696K, used 68372K [0x0000000080000000, 0x0000000100000000)
  region size 1024K, 6 young (6144K), 6 survivors (6144K)
 Metaspace       used 80943K, capacity 83233K, committed 83592K, reserved 589824K
  class space    used 10354K, capacity 11269K, committed 11392K, reserved 516096K
}
Event: 43.477 GC heap before
{Heap before GC invocations=20 (full 0):
 garbage-first heap   total 157696K, used 127764K [0x0000000080000000, 0x0000000100000000)
  region size 1024K, 64 young (65536K), 6 survivors (6144K)
 Metaspace       used 83978K, capacity 86453K, committed 86536K, reserved 591872K
  class space    used 10826K, capacity 11749K, committed 11776K, reserved 516096K
}
Event: 43.497 GC heap after
{Heap after GC invocations=21 (full 0):
 garbage-first heap   total 157696K, used 74621K [0x0000000080000000, 0x0000000100000000)
  region size 1024K, 6 young (6144K), 6 survivors (6144K)
 Metaspace       used 83978K, capacity 86453K, committed 86536K, reserved 591872K
  class space    used 10826K, capacity 11749K, committed 11776K, reserved 516096K
}
Event: 45.760 GC heap before
{Heap before GC invocations=21 (full 0):
 garbage-first heap   total 157696K, used 129917K [0x0000000080000000, 0x0000000100000000)
  region size 1024K, 60 young (61440K), 6 survivors (6144K)
 Metaspace       used 87218K, capacity 89776K, committed 89992K, reserved 593920K
  class space    used 11337K, capacity 12351K, committed 12416K, reserved 516096K
}
Event: 45.775 GC heap after
{Heap after GC invocations=22 (full 0):
 garbage-first heap   total 157696K, used 79872K [0x0000000080000000, 0x0000000100000000)
  region size 1024K, 5 young (5120K), 5 survivors (5120K)
 Metaspace       used 87218K, capacity 89776K, committed 89992K, reserved 593920K
  class space    used 11337K, capacity 12351K, committed 12416K, reserved 516096K
}
Event: 50.797 GC heap before
{Heap before GC invocations=22 (full 0):
 garbage-first heap   total 157696K, used 130048K [0x0000000080000000, 0x0000000100000000)
  region size 1024K, 54 young (55296K), 5 survivors (5120K)
 Metaspace       used 92123K, capacity 94713K, committed 94984K, reserved 600064K
  class space    used 11917K, capacity 12936K, committed 13056K, reserved 516096K
}
Event: 50.827 GC heap after
{Heap after GC invocations=23 (full 0):
 garbage-first heap   total 157696K, used 83440K [0x0000000080000000, 0x0000000100000000)
  region size 1024K, 4 young (4096K), 4 survivors (4096K)
 Metaspace       used 92123K, capacity 94713K, committed 94984K, reserved 600064K
  class space    used 11917K, capacity 12936K, committed 13056K, reserved 516096K
}
Event: 53.503 GC heap before
{Heap before GC invocations=24 (full 0):
 garbage-first heap   total 157696K, used 130544K [0x0000000080000000, 0x0000000100000000)
  region size 1024K, 50 young (51200K), 4 survivors (4096K)
 Metaspace       used 95262K, capacity 97966K, committed 98184K, reserved 602112K
  class space    used 12362K, capacity 13409K, committed 13440K, reserved 516096K
}
Event: 53.518 GC heap after
{Heap after GC invocations=25 (full 0):
 garbage-first heap   total 157696K, used 86746K [0x0000000080000000, 0x0000000100000000)
  region size 1024K, 7 young (7168K), 7 survivors (7168K)
 Metaspace       used 95262K, capacity 97966K, committed 98184K, reserved 602112K
  class space    used 12362K, capacity 13409K, committed 13440K, reserved 516096K
}
Event: 59.614 GC heap before
{Heap before GC invocations=25 (full 0):
 garbage-first heap   total 157696K, used 130778K [0x0000000080000000, 0x0000000100000000)
  region size 1024K, 51 young (52224K), 7 survivors (7168K)
 Metaspace       used 95900K, capacity 98587K, committed 98824K, reserved 602112K
  class space    used 12427K, capacity 13503K, committed 13568K, reserved 516096K
}
Event: 59.632 GC heap after
{Heap after GC invocations=26 (full 0):
 garbage-first heap   total 157696K, used 89854K [0x0000000080000000, 0x0000000100000000)
  region size 1024K, 7 young (7168K), 7 survivors (7168K)
 Metaspace       used 95900K, capacity 98587K, committed 98824K, reserved 602112K
  class space    used 12427K, capacity 13503K, committed 13568K, reserved 516096K
}
Event: 61.616 GC heap before
{Heap before GC invocations=27 (full 0):
 garbage-first heap   total 157696K, used 130814K [0x0000000080000000, 0x0000000100000000)
  region size 1024K, 48 young (49152K), 7 survivors (7168K)
 Metaspace       used 96294K, capacity 98995K, committed 99080K, reserved 602112K
  class space    used 12445K, capacity 13548K, committed 13568K, reserved 516096K
}
Event: 61.644 GC heap after
{Heap after GC invocations=28 (full 0):
 garbage-first heap   total 157696K, used 92570K [0x0000000080000000, 0x0000000100000000)
  region size 1024K, 6 young (6144K), 6 survivors (6144K)
 Metaspace       used 96294K, capacity 98995K, committed 99080K, reserved 602112K
  class space    used 12445K, capacity 13548K, committed 13568K, reserved 516096K
}
Event: 63.177 GC heap before
{Heap before GC invocations=28 (full 0):
 garbage-first heap   total 157696K, used 131482K [0x0000000080000000, 0x0000000100000000)
  region size 1024K, 45 young (46080K), 6 survivors (6144K)
 Metaspace       used 96484K, capacity 99361K, committed 99592K, reserved 604160K
  class space    used 12448K, capacity 13549K, committed 13568K, reserved 516096K
}
Event: 63.189 GC heap after
{Heap after GC invocations=29 (full 0):
 garbage-first heap   total 157696K, used 95386K [0x0000000080000000, 0x0000000100000000)
  region size 1024K, 6 young (6144K), 6 survivors (6144K)
 Metaspace       used 96484K, capacity 99361K, committed 99592K, reserved 604160K
  class space    used 12448K, capacity 13549K, committed 13568K, reserved 516096K
}
Event: 65.240 GC heap before
{Heap before GC invocations=30 (full 0):
 garbage-first heap   total 157696K, used 132250K [0x0000000080000000, 0x0000000100000000)
  region size 1024K, 43 young (44032K), 6 survivors (6144K)
 Metaspace       used 96654K, capacity 99504K, committed 99592K, reserved 604160K
  class space    used 12460K, capacity 13553K, committed 13568K, reserved 516096K
}
Event: 65.261 GC heap after
{Heap after GC invocations=31 (full 0):
 garbage-first heap   total 157696K, used 97750K [0x0000000080000000, 0x0000000100000000)
  region size 1024K, 5 young (5120K), 5 survivors (5120K)
 Metaspace       used 96654K, capacity 99504K, committed 99592K, reserved 604160K
  class space    used 12460K, capacity 13553K, committed 13568K, reserved 516096K
}

