# JRE version: OpenJDK Runtime Environment 18.9 (11.0.15+10) (build 11.0.15+10)
# Java VM: OpenJDK 64-Bit Server VM 18.9 (11.0.15+10, mixed mode, tiered, compressed oops, g1 gc, windows-amd64)
Heap:
 garbage-first heap   total 359424K, used 149384K [0x0000000080000000, 0x0000000100000000)
  region size 1024K, 3 young (3072K), 3 survivors (3072K)
 Metaspace       used 109190K, capacity 112476K, committed 112648K, reserved 614400K
  class space    used 14210K, capacity 15507K, committed 15616K, reserved 516096K
GC Heap History (20 events):
Event: 55.333 GC heap after
{Heap after GC invocations=41 (full 0):
 garbage-first heap   total 157696K, used 123772K [0x0000000080000000, 0x0000000100000000)
  region size 1024K, 2 young (2048K), 2 survivors (2048K)
 Metaspace       used 102175K, capacity 105112K, committed 105352K, reserved 608256K
  class space    used 13234K, capacity 14374K, committed 14464K, reserved 516096K
}
Event: 55.522 GC heap before
{Heap before GC invocations=41 (full 0):
 garbage-first heap   total 157696K, used 135036K [0x0000000080000000, 0x0000000100000000)
  region size 1024K, 13 young (13312K), 2 survivors (2048K)
 Metaspace       used 102700K, capacity 105746K, committed 105992K, reserved 608256K
  class space    used 13316K, capacity 14512K, committed 14592K, reserved 516096K
}
Event: 55.534 GC heap after
{Heap after GC invocations=42 (full 0):
 garbage-first heap   total 157696K, used 126225K [0x0000000080000000, 0x0000000100000000)
  region size 1024K, 2 young (2048K), 2 survivors (2048K)
 Metaspace       used 102700K, capacity 105746K, committed 105992K, reserved 608256K
  class space    used 13316K, capacity 14512K, committed 14592K, reserved 516096K
}
Event: 55.768 GC heap before
{Heap before GC invocations=42 (full 0):
 garbage-first heap   total 157696K, used 134417K [0x0000000080000000, 0x0000000100000000)
  region size 1024K, 11 young (11264K), 2 survivors (2048K)
 Metaspace       used 103021K, capacity 106090K, committed 106376K, reserved 608256K
  class space    used 13381K, capacity 14611K, committed 14720K, reserved 516096K
}
Event: 55.786 GC heap after
{Heap after GC invocations=43 (full 0):
 garbage-first heap   total 189440K, used 128911K [0x0000000080000000, 0x0000000100000000)
  region size 1024K, 2 young (2048K), 2 survivors (2048K)
 Metaspace       used 103021K, capacity 106090K, committed 106376K, reserved 608256K
  class space    used 13381K, capacity 14611K, committed 14720K, reserved 516096K
}
Event: 56.028 GC heap before
{Heap before GC invocations=44 (full 0):
 garbage-first heap   total 189440K, used 150415K [0x0000000080000000, 0x0000000100000000)
  region size 1024K, 23 young (23552K), 2 survivors (2048K)
 Metaspace       used 103427K, capacity 106494K, committed 106632K, reserved 608256K
  class space    used 13453K, capacity 14701K, committed 14720K, reserved 516096K
}
Event: 56.044 GC heap after
{Heap after GC invocations=45 (full 0):
 garbage-first heap   total 189440K, used 132556K [0x0000000080000000, 0x0000000100000000)
  region size 1024K, 3 young (3072K), 3 survivors (3072K)
 Metaspace       used 103427K, capacity 106494K, committed 106632K, reserved 608256K
  class space    used 13453K, capacity 14701K, committed 14720K, reserved 516096K
}
Event: 56.345 GC heap before
{Heap before GC invocations=45 (full 0):
 garbage-first heap   total 189440K, used 153036K [0x0000000080000000, 0x0000000100000000)
  region size 1024K, 23 young (23552K), 3 survivors (3072K)
 Metaspace       used 104731K, capacity 107871K, committed 107912K, reserved 610304K
  class space    used 13696K, capacity 14952K, committed 14976K, reserved 516096K
}
Event: 56.362 GC heap after
{Heap after GC invocations=46 (full 0):
 garbage-first heap   total 189440K, used 136001K [0x0000000080000000, 0x0000000100000000)
  region size 1024K, 3 young (3072K), 3 survivors (3072K)
 Metaspace       used 104731K, capacity 107871K, committed 107912K, reserved 610304K
  class space    used 13696K, capacity 14952K, committed 14976K, reserved 516096K
}
Event: 56.940 GC heap before
{Heap before GC invocations=46 (full 0):
 garbage-first heap   total 189440K, used 155457K [0x0000000080000000, 0x0000000100000000)
  region size 1024K, 22 young (22528K), 3 survivors (3072K)
 Metaspace       used 105658K, capacity 108752K, committed 109192K, reserved 610304K
  class space    used 13794K, capacity 15014K, committed 15232K, reserved 516096K
}
Event: 56.955 GC heap after
{Heap after GC invocations=47 (full 0):
 garbage-first heap   total 189440K, used 139031K [0x0000000080000000, 0x0000000100000000)
  region size 1024K, 3 young (3072K), 3 survivors (3072K)
 Metaspace       used 105658K, capacity 108752K, committed 109192K, reserved 610304K
  class space    used 13794K, capacity 15014K, committed 15232K, reserved 516096K
}
Event: 57.308 GC heap before
{Heap before GC invocations=48 (full 0):
 garbage-first heap   total 189440K, used 157463K [0x0000000080000000, 0x0000000100000000)
  region size 1024K, 21 young (21504K), 3 survivors (3072K)
 Metaspace       used 106087K, capacity 109241K, committed 109704K, reserved 612352K
  class space    used 13854K, capacity 15089K, committed 15232K, reserved 516096K
}
Event: 57.326 GC heap after
{Heap after GC invocations=49 (full 0):
 garbage-first heap   total 271360K, used 141333K [0x0000000080000000, 0x0000000100000000)
  region size 1024K, 3 young (3072K), 3 survivors (3072K)
 Metaspace       used 106087K, capacity 109241K, committed 109704K, reserved 612352K
  class space    used 13854K, capacity 15089K, committed 15232K, reserved 516096K
}
Event: 57.436 GC heap before
{Heap before GC invocations=49 (full 0):
 garbage-first heap   total 271360K, used 151573K [0x0000000080000000, 0x0000000100000000)
  region size 1024K, 13 young (13312K), 3 survivors (3072K)
 Metaspace       used 106157K, capacity 109277K, committed 109832K, reserved 612352K
  class space    used 13870K, capacity 15122K, committed 15360K, reserved 516096K
}
Event: 57.446 GC heap after
{Heap after GC invocations=50 (full 0):
 garbage-first heap   total 271360K, used 142627K [0x0000000080000000, 0x0000000100000000)
  region size 1024K, 2 young (2048K), 2 survivors (2048K)
 Metaspace       used 106157K, capacity 109277K, committed 109832K, reserved 612352K
  class space    used 13870K, capacity 15122K, committed 15360K, reserved 516096K
}
Event: 58.219 GC heap before
{Heap before GC invocations=50 (full 0):
 garbage-first heap   total 271360K, used 188707K [0x0000000080000000, 0x0000000100000000)
  region size 1024K, 47 young (48128K), 2 survivors (2048K)
 Metaspace       used 107510K, capacity 110708K, committed 110856K, reserved 612352K
  class space    used 14002K, capacity 15272K, committed 15360K, reserved 516096K
}
Event: 58.234 GC heap after
{Heap after GC invocations=51 (full 0):
 garbage-first heap   total 271360K, used 146918K [0x0000000080000000, 0x0000000100000000)
  region size 1024K, 6 young (6144K), 6 survivors (6144K)
 Metaspace       used 107510K, capacity 110708K, committed 110856K, reserved 612352K
  class space    used 14002K, capacity 15272K, committed 15360K, reserved 516096K
}
Event: 59.334 GC heap before
{Heap before GC invocations=52 (full 0):
 garbage-first heap   total 271360K, used 195046K [0x0000000080000000, 0x0000000100000000)
  region size 1024K, 53 young (54272K), 6 survivors (6144K)
 Metaspace       used 108459K, capacity 111687K, committed 112008K, reserved 614400K
  class space    used 14100K, capacity 15376K, committed 15488K, reserved 516096K
}
Event: 59.352 GC heap after
{Heap after GC invocations=53 (full 0):
 garbage-first heap   total 271360K, used 148726K [0x0000000080000000, 0x0000000100000000)
  region size 1024K, 2 young (2048K), 2 survivors (2048K)
 Metaspace       used 108459K, capacity 111687K, committed 112008K, reserved 614400K
  class space    used 14100K, capacity 15376K, committed 15488K, reserved 516096K
}
Event: 60.016 GC heap before
{Heap before GC invocations=53 (full 0):
 garbage-first heap   total 271360K, used 199926K [0x0000000080000000, 0x0000000100000000)
  region size 1024K, 52 young (53248K), 2 survivors (2048K)
 Metaspace       used 109190K, capacity 112476K, committed 112648K, reserved 614400K
  class space    used 14210K, capacity 15507K, committed 15616K, reserved 516096K
}

