# JRE version: OpenJDK Runtime Environment 18.9 (11.0.15+10) (build 11.0.15+10)
# Java VM: OpenJDK 64-Bit Server VM 18.9 (11.0.15+10, mixed mode, tiered, compressed oops, g1 gc, windows-amd64)
Heap:
 garbage-first heap   total 227328K, used 174970K [0x0000000080000000, 0x0000000100000000)
  region size 1024K, 26 young (26624K), 4 survivors (4096K)
 Metaspace       used 114599K, capacity 117991K, committed 118216K, reserved 618496K
  class space    used 14796K, capacity 16166K, committed 16204K, reserved 516096K
GC Heap History (20 events):
Event: 78.909 GC heap before
{Heap before GC invocations=75 (full 0):
 garbage-first heap   total 189440K, used 164842K [0x0000000080000000, 0x0000000100000000)
  region size 1024K, 53 young (54272K), 4 survivors (4096K)
 Metaspace       used 106651K, capacity 109601K, committed 109896K, reserved 612352K
  class space    used 13555K, capacity 14694K, committed 14796K, reserved 516096K
}
Event: 78.914 GC heap after
{Heap after GC invocations=76 (full 0):
 garbage-first heap   total 189440K, used 110729K [0x0000000080000000, 0x0000000100000000)
  region size 1024K, 2 young (2048K), 2 survivors (2048K)
 Metaspace       used 106651K, capacity 109601K, committed 109896K, reserved 612352K
  class space    used 13555K, capacity 14694K, committed 14796K, reserved 516096K
}
Event: 79.403 GC heap before
{Heap before GC invocations=76 (full 0):
 garbage-first heap   total 189440K, used 163977K [0x0000000080000000, 0x0000000100000000)
  region size 1024K, 54 young (55296K), 2 survivors (2048K)
 Metaspace       used 106704K, capacity 109618K, committed 109896K, reserved 612352K
  class space    used 13563K, capacity 14700K, committed 14796K, reserved 516096K
}
Event: 79.408 GC heap after
{Heap after GC invocations=77 (full 0):
 garbage-first heap   total 189440K, used 110871K [0x0000000080000000, 0x0000000100000000)
  region size 1024K, 2 young (2048K), 2 survivors (2048K)
 Metaspace       used 106704K, capacity 109618K, committed 109896K, reserved 612352K
  class space    used 13563K, capacity 14700K, committed 14796K, reserved 516096K
}
Event: 81.037 GC heap before
{Heap before GC invocations=77 (full 0):
 garbage-first heap   total 189440K, used 165143K [0x0000000080000000, 0x0000000100000000)
  region size 1024K, 54 young (55296K), 2 survivors (2048K)
 Metaspace       used 107399K, capacity 110356K, committed 110536K, reserved 612352K
  class space    used 13675K, capacity 14817K, committed 14924K, reserved 516096K
}
Event: 81.048 GC heap after
{Heap after GC invocations=78 (full 0):
 garbage-first heap   total 189440K, used 121124K [0x0000000080000000, 0x0000000100000000)
  region size 1024K, 7 young (7168K), 7 survivors (7168K)
 Metaspace       used 107399K, capacity 110356K, committed 110536K, reserved 612352K
  class space    used 13675K, capacity 14817K, committed 14924K, reserved 516096K
}
Event: 83.060 GC heap before
{Heap before GC invocations=78 (full 0):
 garbage-first heap   total 189440K, used 160036K [0x0000000080000000, 0x0000000100000000)
  region size 1024K, 46 young (47104K), 7 survivors (7168K)
 Metaspace       used 110246K, capacity 113322K, committed 113480K, reserved 614400K
  class space    used 14051K, capacity 15258K, committed 15308K, reserved 516096K
}
Event: 83.073 GC heap after
{Heap after GC invocations=79 (full 0):
 garbage-first heap   total 189440K, used 126712K [0x0000000080000000, 0x0000000100000000)
  region size 1024K, 6 young (6144K), 6 survivors (6144K)
 Metaspace       used 110246K, capacity 113322K, committed 113480K, reserved 614400K
  class space    used 14051K, capacity 15258K, committed 15308K, reserved 516096K
}
Event: 83.434 GC heap before
{Heap before GC invocations=79 (full 0):
 garbage-first heap   total 189440K, used 159480K [0x0000000080000000, 0x0000000100000000)
  region size 1024K, 38 young (38912K), 6 survivors (6144K)
 Metaspace       used 110853K, capacity 113987K, committed 114120K, reserved 616448K
  class space    used 14149K, capacity 15374K, committed 15436K, reserved 516096K
}
Event: 83.453 GC heap after
{Heap after GC invocations=80 (full 0):
 garbage-first heap   total 189440K, used 133037K [0x0000000080000000, 0x0000000100000000)
  region size 1024K, 5 young (5120K), 5 survivors (5120K)
 Metaspace       used 110853K, capacity 113987K, committed 114120K, reserved 616448K
  class space    used 14149K, capacity 15374K, committed 15436K, reserved 516096K
}
Event: 83.714 GC heap before
{Heap before GC invocations=80 (full 0):
 garbage-first heap   total 189440K, used 156589K [0x0000000080000000, 0x0000000100000000)
  region size 1024K, 29 young (29696K), 5 survivors (5120K)
 Metaspace       used 111966K, capacity 115105K, committed 115272K, reserved 616448K
  class space    used 14297K, capacity 15531K, committed 15564K, reserved 516096K
}
Event: 83.735 GC heap after
{Heap after GC invocations=81 (full 0):
 garbage-first heap   total 189440K, used 139132K [0x0000000080000000, 0x0000000100000000)
  region size 1024K, 4 young (4096K), 4 survivors (4096K)
 Metaspace       used 111966K, capacity 115105K, committed 115272K, reserved 616448K
  class space    used 14297K, capacity 15531K, committed 15564K, reserved 516096K
}
Event: 84.015 GC heap before
{Heap before GC invocations=81 (full 0):
 garbage-first heap   total 189440K, used 159612K [0x0000000080000000, 0x0000000100000000)
  region size 1024K, 24 young (24576K), 4 survivors (4096K)
 Metaspace       used 112657K, capacity 115772K, committed 115912K, reserved 616448K
  class space    used 14386K, capacity 15604K, committed 15692K, reserved 516096K
}
Event: 84.032 GC heap after
{Heap after GC invocations=82 (full 0):
 garbage-first heap   total 189440K, used 143270K [0x0000000080000000, 0x0000000100000000)
  region size 1024K, 3 young (3072K), 3 survivors (3072K)
 Metaspace       used 112657K, capacity 115772K, committed 115912K, reserved 616448K
  class space    used 14386K, capacity 15604K, committed 15692K, reserved 516096K
}
Event: 84.226 GC heap before
{Heap before GC invocations=82 (full 0):
 garbage-first heap   total 189440K, used 160678K [0x0000000080000000, 0x0000000100000000)
  region size 1024K, 20 young (20480K), 3 survivors (3072K)
 Metaspace       used 113131K, capacity 116443K, committed 116680K, reserved 618496K
  class space    used 14508K, capacity 15854K, committed 15948K, reserved 516096K
}
Event: 84.239 GC heap after
{Heap after GC invocations=83 (full 0):
 garbage-first heap   total 189440K, used 146678K [0x0000000080000000, 0x0000000100000000)
  region size 1024K, 3 young (3072K), 3 survivors (3072K)
 Metaspace       used 113131K, capacity 116443K, committed 116680K, reserved 618496K
  class space    used 14508K, capacity 15854K, committed 15948K, reserved 516096K
}
Event: 84.393 GC heap before
{Heap before GC invocations=83 (full 0):
 garbage-first heap   total 189440K, used 162038K [0x0000000080000000, 0x0000000100000000)
  region size 1024K, 18 young (18432K), 3 survivors (3072K)
 Metaspace       used 113550K, capacity 116878K, committed 116936K, reserved 618496K
  class space    used 14573K, capacity 15932K, committed 15948K, reserved 516096K
}
Event: 84.406 GC heap after
{Heap after GC invocations=84 (full 0):
 garbage-first heap   total 227328K, used 149457K [0x0000000080000000, 0x0000000100000000)
  region size 1024K, 3 young (3072K), 3 survivors (3072K)
 Metaspace       used 113550K, capacity 116878K, committed 116936K, reserved 618496K
  class space    used 14573K, capacity 15932K, committed 15948K, reserved 516096K
}
Event: 84.700 GC heap before
{Heap before GC invocations=84 (full 0):
 garbage-first heap   total 227328K, used 174033K [0x0000000080000000, 0x0000000100000000)
  region size 1024K, 28 young (28672K), 3 survivors (3072K)
 Metaspace       used 114414K, capacity 117826K, committed 117960K, reserved 618496K
  class space    used 14755K, capacity 16132K, committed 16204K, reserved 516096K
}
Event: 84.720 GC heap after
{Heap after GC invocations=85 (full 0):
 garbage-first heap   total 227328K, used 153466K [0x0000000080000000, 0x0000000100000000)
  region size 1024K, 4 young (4096K), 4 survivors (4096K)
 Metaspace       used 114414K, capacity 117826K, committed 117960K, reserved 618496K
  class space    used 14755K, capacity 16132K, committed 16204K, reserved 516096K
}

